Using pre-set license
Built from '2021.3/staging' branch; Version is '2021.3.4f1 (cb45f9cae8b7) revision 13321721'; Using compiler version '192829333'; Build Type 'Release'
OS: 'Windows 11  (10.0.22000) 64bit Professional' Language: 'es' Physical Memory: 32611 MB
BatchMode: 1, IsHumanControllingUs: 0, StartBugReporterOnCrash: 0, Is64bit: 1, IsPro: 1

COMMAND LINE ARGUMENTS:
C:\Program Files\Unity\Hub\Editor\2021.3.4f1\Editor\Unity.exe
-adb2
-batchMode
-noUpm
-name
AssetImportWorker7
-projectPath
C:/Users/Nachio/Documents/GitHub/holbertonschool-unity/0x05-unity-assets_models_textures
-logFile
Logs/AssetImportWorker7.log
-srvPort
51579
Successfully changed project path to: C:/Users/Nachio/Documents/GitHub/holbertonschool-unity/0x05-unity-assets_models_textures
C:/Users/Nachio/Documents/GitHub/holbertonschool-unity/0x05-unity-assets_models_textures
[UnityMemory] Configuration Parameters - Can be set up in boot.config
    "memorysetup-bucket-allocator-granularity=16"
    "memorysetup-bucket-allocator-bucket-count=8"
    "memorysetup-bucket-allocator-block-size=33554432"
    "memorysetup-bucket-allocator-block-count=8"
    "memorysetup-main-allocator-block-size=16777216"
    "memorysetup-thread-allocator-block-size=16777216"
    "memorysetup-gfx-main-allocator-block-size=16777216"
    "memorysetup-gfx-thread-allocator-block-size=16777216"
    "memorysetup-cache-allocator-block-size=4194304"
    "memorysetup-typetree-allocator-block-size=2097152"
    "memorysetup-profiler-bucket-allocator-granularity=16"
    "memorysetup-profiler-bucket-allocator-bucket-count=8"
    "memorysetup-profiler-bucket-allocator-block-size=33554432"
    "memorysetup-profiler-bucket-allocator-block-count=8"
    "memorysetup-profiler-allocator-block-size=16777216"
    "memorysetup-profiler-editor-allocator-block-size=1048576"
    "memorysetup-temp-allocator-size-main=16777216"
    "memorysetup-job-temp-allocator-block-size=2097152"
    "memorysetup-job-temp-allocator-block-size-background=1048576"
    "memorysetup-job-temp-allocator-reduction-small-platforms=262144"
    "memorysetup-temp-allocator-size-background-worker=32768"
    "memorysetup-temp-allocator-size-job-worker=262144"
    "memorysetup-temp-allocator-size-preload-manager=33554432"
    "memorysetup-temp-allocator-size-nav-mesh-worker=65536"
    "memorysetup-temp-allocator-size-audio-worker=65536"
    "memorysetup-temp-allocator-size-cloud-worker=32768"
    "memorysetup-temp-allocator-size-gi-baking-worker=262144"
    "memorysetup-temp-allocator-size-gfx=262144"
Refreshing native plugins compatible for Editor in 100.05 ms, found 3 plugins.
Preloading 0 native plugins for Editor in 0.00 ms.
Initialize engine version: 2021.3.4f1 (cb45f9cae8b7)
[Subsystems] Discovering subsystems at path C:/Program Files/Unity/Hub/Editor/2021.3.4f1/Editor/Data/Resources/UnitySubsystems
[Subsystems] Discovering subsystems at path C:/Users/Nachio/Documents/GitHub/holbertonschool-unity/0x05-unity-assets_models_textures/Assets
GfxDevice: creating device client; threaded=0; jobified=0
Direct3D:
    Version:  Direct3D 11.0 [level 11.1]
    Renderer: NVIDIA GeForce GTX 1080 Ti (ID=0x1b06)
    Vendor:   NVIDIA
    VRAM:     11128 MB
    Driver:   30.0.14.9649
Initialize mono
Mono path[0] = 'C:/Program Files/Unity/Hub/Editor/2021.3.4f1/Editor/Data/Managed'
Mono path[1] = 'C:/Program Files/Unity/Hub/Editor/2021.3.4f1/Editor/Data/MonoBleedingEdge/lib/mono/unityjit-win32'
Mono config path = 'C:/Program Files/Unity/Hub/Editor/2021.3.4f1/Editor/Data/MonoBleedingEdge/etc'
Using monoOptions --debugger-agent=transport=dt_socket,embedding=1,server=y,suspend=n,address=127.0.0.1:56752
Begin MonoManager ReloadAssembly
Registering precompiled unity dll's ...
Register platform support module: C:/Program Files/Unity/Hub/Editor/2021.3.4f1/Editor/Data/PlaybackEngines/WindowsStandaloneSupport/UnityEditor.WindowsStandalone.Extensions.dll
Registered in 0.006481 seconds.
Native extension for WindowsStandalone target not found
Refreshing native plugins compatible for Editor in 91.76 ms, found 3 plugins.
Preloading 0 native plugins for Editor in 0.00 ms.
Mono: successfully reloaded assembly
- Completed reload, in  0.715 seconds
Domain Reload Profiling:
	ReloadAssembly (715ms)
		BeginReloadAssembly (94ms)
			ExecutionOrderSort (0ms)
			DisableScriptedObjects (0ms)
			BackupInstance (0ms)
			ReleaseScriptingObjects (0ms)
			CreateAndSetChildDomain (1ms)
		EndReloadAssembly (506ms)
			LoadAssemblies (91ms)
			RebuildTransferFunctionScriptingTraits (0ms)
			SetupTypeCache (119ms)
			ReleaseScriptCaches (0ms)
			RebuildScriptCaches (28ms)
			SetupLoadedEditorAssemblies (306ms)
				LogAssemblyErrors (0ms)
				InitializePlatformSupportModulesInManaged (9ms)
				SetLoadedEditorAssemblies (0ms)
				RefreshPlugins (92ms)
				BeforeProcessingInitializeOnLoad (1ms)
				ProcessInitializeOnLoadAttributes (159ms)
				ProcessInitializeOnLoadMethodAttributes (44ms)
				AfterProcessingInitializeOnLoad (0ms)
				EditorAssembliesLoaded (0ms)
			ExecutionOrderSort2 (0ms)
			AwakeInstancesAfterBackupRestoration (0ms)
Platform modules already initialized, skipping
Registering precompiled user dll's ...
Registered in 0.006383 seconds.
Begin MonoManager ReloadAssembly
Native extension for WindowsStandalone target not found
Refreshing native plugins compatible for Editor in 0.51 ms, found 3 plugins.
Preloading 0 native plugins for Editor in 0.00 ms.
Mono: successfully reloaded assembly
- Completed reload, in  1.077 seconds
Domain Reload Profiling:
	ReloadAssembly (1078ms)
		BeginReloadAssembly (120ms)
			ExecutionOrderSort (0ms)
			DisableScriptedObjects (5ms)
			BackupInstance (0ms)
			ReleaseScriptingObjects (0ms)
			CreateAndSetChildDomain (21ms)
		EndReloadAssembly (843ms)
			LoadAssemblies (95ms)
			RebuildTransferFunctionScriptingTraits (0ms)
			SetupTypeCache (307ms)
			ReleaseScriptCaches (1ms)
			RebuildScriptCaches (50ms)
			SetupLoadedEditorAssemblies (361ms)
				LogAssemblyErrors (0ms)
				InitializePlatformSupportModulesInManaged (6ms)
				SetLoadedEditorAssemblies (0ms)
				RefreshPlugins (1ms)
				BeforeProcessingInitializeOnLoad (93ms)
				ProcessInitializeOnLoadAttributes (226ms)
				ProcessInitializeOnLoadMethodAttributes (26ms)
				AfterProcessingInitializeOnLoad (9ms)
				EditorAssembliesLoaded (0ms)
			ExecutionOrderSort2 (0ms)
			AwakeInstancesAfterBackupRestoration (5ms)
Platform modules already initialized, skipping
========================================================================
Worker process is ready to serve import requests
Launched and connected shader compiler UnityShaderCompiler.exe after 0.10 seconds
Refreshing native plugins compatible for Editor in 1.10 ms, found 3 plugins.
Preloading 0 native plugins for Editor in 0.00 ms.
Unloading 3386 Unused Serialized files (Serialized files now loaded: 0)
Unloading 27 unused Assets / (111.1 KB). Loaded Objects now: 3846.
Memory consumption went from 119.9 MB to 119.8 MB.
Total: 3.035200 ms (FindLiveObjects: 0.299400 ms CreateObjectMapping: 0.304900 ms MarkObjects: 2.359300 ms  DeleteObjects: 0.070800 ms)

AssetImportParameters requested are different than current active one (requested -> active):
  custom:video-decoder-ogg-theora: a1e56fd34408186e4bbccfd4996cb3dc -> 
  custom:container-muxer-webm: aa71ff27fc2769a1b78a27578f13a17b -> 
  custom:container-demuxer-webm: 4f35f7cbe854078d1ac9338744f61a02 -> 
  custom:video-encoder-webm-vp8: eb34c28f22e8b96e1ab97ce403110664 -> 
  custom:audio-encoder-webm-vorbis: bf7c407c2cedff20999df2af8eb42d56 -> 
  custom:framework-win-MediaFoundation: 216162199b28c13a410421893ffa2e32 -> 
  custom:container-demuxer-ogg: 62fdf1f143b41e24485cea50d1cbac27 -> 
  custom:video-decoder-webm-vp8: 9c59270c3fd7afecdb556c50c9e8de78 -> 
  custom:audio-decoder-ogg-vorbis: bf7c407c2cedff20999df2af8eb42d56 -> 
========================================================================
Received Import Request.
  Time since last request: 567154.532065 seconds.
  path: Assets/Models/Nature pack extended/naturePack_081.obj
  artifactKey: Guid(10d21ba58efd4c842b24b7e852776e53) Importer(815301076,1909f56bfc062723c751e8b465ee728b)
Start importing Assets/Models/Nature pack extended/naturePack_081.obj using Guid(10d21ba58efd4c842b24b7e852776e53) Importer(815301076,1909f56bfc062723c751e8b465ee728b)  -> (artifact id: 'ccfe19f9cbfdeecc1f7cb78b76d15b2d') in 0.147648 seconds 
========================================================================
Received Import Request.
  Time since last request: 1.627034 seconds.
  path: Assets/Models/Nature pack extended/naturePack_089.obj
  artifactKey: Guid(8c38e6362b9f5b643916a718744eba5c) Importer(815301076,1909f56bfc062723c751e8b465ee728b)
Start importing Assets/Models/Nature pack extended/naturePack_089.obj using Guid(8c38e6362b9f5b643916a718744eba5c) Importer(815301076,1909f56bfc062723c751e8b465ee728b)  -> (artifact id: '9d32fb5e4ddf7408d593fc438c869811') in 0.024811 seconds 
========================================================================
Received Import Request.
  Time since last request: 0.000019 seconds.
  path: Assets/Models/Nature pack extended/naturePack_090.obj
  artifactKey: Guid(7612e7129e8f52a4e9cf92c812d5f27c) Importer(815301076,1909f56bfc062723c751e8b465ee728b)
Start importing Assets/Models/Nature pack extended/naturePack_090.obj using Guid(7612e7129e8f52a4e9cf92c812d5f27c) Importer(815301076,1909f56bfc062723c751e8b465ee728b)  -> (artifact id: '5411fa6548822c92fb43f02a72b51238') in 0.019776 seconds 
========================================================================
Received Import Request.
  Time since last request: 0.002103 seconds.
  path: Assets/Models/Nature pack extended/naturePack_096.obj
  artifactKey: Guid(71d33c8d74d1e61408b663026711b546) Importer(815301076,1909f56bfc062723c751e8b465ee728b)
Start importing Assets/Models/Nature pack extended/naturePack_096.obj using Guid(71d33c8d74d1e61408b663026711b546) Importer(815301076,1909f56bfc062723c751e8b465ee728b)  -> (artifact id: 'c7138ef6b9ab5eda6a48447dcb81a17b') in 0.030200 seconds 
========================================================================
Received Import Request.
  Time since last request: 0.000028 seconds.
  path: Assets/Models/Nature pack extended/naturePack_097.obj
  artifactKey: Guid(c50eebdb8f2722e4b87001c37e66a029) Importer(815301076,1909f56bfc062723c751e8b465ee728b)
Start importing Assets/Models/Nature pack extended/naturePack_097.obj using Guid(c50eebdb8f2722e4b87001c37e66a029) Importer(815301076,1909f56bfc062723c751e8b465ee728b)  -> (artifact id: '48e3eb34b2d91732829f65d2a7acd991') in 0.019959 seconds 
========================================================================
Received Import Request.
  Time since last request: 1.544385 seconds.
  path: Assets/Models/Nature pack extended/naturePack_103.obj
  artifactKey: Guid(79d597f8c8c6a4e47a2e6964ec08186c) Importer(815301076,1909f56bfc062723c751e8b465ee728b)
Start importing Assets/Models/Nature pack extended/naturePack_103.obj using Guid(79d597f8c8c6a4e47a2e6964ec08186c) Importer(815301076,1909f56bfc062723c751e8b465ee728b)  -> (artifact id: '9387d3f4f7fd5a98352c293fd0928bee') in 0.024480 seconds 
========================================================================
Received Import Request.
  Time since last request: 1.204270 seconds.
  path: Assets/Models/Nature pack extended/naturePack_118.obj
  artifactKey: Guid(6b8209749ff0bd84888faeea723f5014) Importer(815301076,1909f56bfc062723c751e8b465ee728b)
Start importing Assets/Models/Nature pack extended/naturePack_118.obj using Guid(6b8209749ff0bd84888faeea723f5014) Importer(815301076,1909f56bfc062723c751e8b465ee728b)  -> (artifact id: '2fad110b71ba573c1ca0986e122f26ca') in 0.026704 seconds 
========================================================================
Received Import Request.
  Time since last request: 21.620876 seconds.
  path: Assets/Models/Nature pack extended/naturePack_143.obj
  artifactKey: Guid(f5df55304d0c05a45913158665cf4064) Importer(815301076,1909f56bfc062723c751e8b465ee728b)
Start importing Assets/Models/Nature pack extended/naturePack_143.obj using Guid(f5df55304d0c05a45913158665cf4064) Importer(815301076,1909f56bfc062723c751e8b465ee728b)  -> (artifact id: '45451ab65684093181294f6d2fcc13a6') in 0.043101 seconds 
========================================================================
Received Import Request.
  Time since last request: 0.203534 seconds.
  path: Assets/Models/Nature pack extended/naturePack_148.obj
  artifactKey: Guid(da10ec8ec56aab040b31a218ea442378) Importer(815301076,1909f56bfc062723c751e8b465ee728b)
Start importing Assets/Models/Nature pack extended/naturePack_148.obj using Guid(da10ec8ec56aab040b31a218ea442378) Importer(815301076,1909f56bfc062723c751e8b465ee728b)  -> (artifact id: '07b354fbf01d194cc3591a3a2283ecd7') in 0.026684 seconds 
========================================================================
Received Import Request.
  Time since last request: 0.230090 seconds.
  path: Assets/Models/Nature pack extended/naturePack_156.obj
  artifactKey: Guid(77ace9321e89b5248bf446894bf3531a) Importer(815301076,1909f56bfc062723c751e8b465ee728b)
Start importing Assets/Models/Nature pack extended/naturePack_156.obj using Guid(77ace9321e89b5248bf446894bf3531a) Importer(815301076,1909f56bfc062723c751e8b465ee728b)  -> (artifact id: 'b64becba71947bf0740efc3a960f6c3c') in 0.026381 seconds 
========================================================================
Received Import Request.
  Time since last request: 0.828831 seconds.
  path: Assets/Models/Nature pack extended/naturePack_165.obj
  artifactKey: Guid(9c78a24f7f43b0d4794c60a393166b70) Importer(815301076,1909f56bfc062723c751e8b465ee728b)
Start importing Assets/Models/Nature pack extended/naturePack_165.obj using Guid(9c78a24f7f43b0d4794c60a393166b70) Importer(815301076,1909f56bfc062723c751e8b465ee728b)  -> (artifact id: '419efe9696026daf960b3fa00c5d3004') in 0.034151 seconds 
Editor requested this worker to shutdown with reason: Scaling down because of idle timeout
AssetImportWorker is now disconnected from the server
Process exiting
Exiting without the bug reporter. Application will terminate with return code 0