Using pre-set license
Built from '2021.3/staging' branch; Version is '2021.3.4f1 (cb45f9cae8b7) revision 13321721'; Using compiler version '192829333'; Build Type 'Release'
OS: 'Windows 11  (10.0.22000) 64bit Professional' Language: 'es' Physical Memory: 32611 MB
BatchMode: 1, IsHumanControllingUs: 0, StartBugReporterOnCrash: 0, Is64bit: 1, IsPro: 1

COMMAND LINE ARGUMENTS:
C:\Program Files\Unity\Hub\Editor\2021.3.4f1\Editor\Unity.exe
-adb2
-batchMode
-noUpm
-name
AssetImportWorker3
-projectPath
C:/Users/Nachio/Documents/GitHub/holbertonschool-unity/0x05-unity-assets_models_textures/My project (1)
-logFile
Logs/AssetImportWorker3.log
-srvPort
50925
Successfully changed project path to: C:/Users/Nachio/Documents/GitHub/holbertonschool-unity/0x05-unity-assets_models_textures/My project (1)
C:/Users/Nachio/Documents/GitHub/holbertonschool-unity/0x05-unity-assets_models_textures/My project (1)
[UnityMemory] Configuration Parameters - Can be set up in boot.config
    "memorysetup-bucket-allocator-granularity=16"
    "memorysetup-bucket-allocator-bucket-count=8"
    "memorysetup-bucket-allocator-block-size=33554432"
    "memorysetup-bucket-allocator-block-count=8"
    "memorysetup-main-allocator-block-size=16777216"
    "memorysetup-thread-allocator-block-size=16777216"
    "memorysetup-gfx-main-allocator-block-size=16777216"
    "memorysetup-gfx-thread-allocator-block-size=16777216"
    "memorysetup-cache-allocator-block-size=4194304"
    "memorysetup-typetree-allocator-block-size=2097152"
    "memorysetup-profiler-bucket-allocator-granularity=16"
    "memorysetup-profiler-bucket-allocator-bucket-count=8"
    "memorysetup-profiler-bucket-allocator-block-size=33554432"
    "memorysetup-profiler-bucket-allocator-block-count=8"
    "memorysetup-profiler-allocator-block-size=16777216"
    "memorysetup-profiler-editor-allocator-block-size=1048576"
    "memorysetup-temp-allocator-size-main=16777216"
    "memorysetup-job-temp-allocator-block-size=2097152"
    "memorysetup-job-temp-allocator-block-size-background=1048576"
    "memorysetup-job-temp-allocator-reduction-small-platforms=262144"
    "memorysetup-temp-allocator-size-background-worker=32768"
    "memorysetup-temp-allocator-size-job-worker=262144"
    "memorysetup-temp-allocator-size-preload-manager=33554432"
    "memorysetup-temp-allocator-size-nav-mesh-worker=65536"
    "memorysetup-temp-allocator-size-audio-worker=65536"
    "memorysetup-temp-allocator-size-cloud-worker=32768"
    "memorysetup-temp-allocator-size-gi-baking-worker=262144"
    "memorysetup-temp-allocator-size-gfx=262144"
Refreshing native plugins compatible for Editor in 98.11 ms, found 3 plugins.
Preloading 0 native plugins for Editor in 0.00 ms.
Initialize engine version: 2021.3.4f1 (cb45f9cae8b7)
[Subsystems] Discovering subsystems at path C:/Program Files/Unity/Hub/Editor/2021.3.4f1/Editor/Data/Resources/UnitySubsystems
[Subsystems] Discovering subsystems at path C:/Users/Nachio/Documents/GitHub/holbertonschool-unity/0x05-unity-assets_models_textures/My project (1)/Assets
GfxDevice: creating device client; threaded=0; jobified=0
Direct3D:
    Version:  Direct3D 11.0 [level 11.1]
    Renderer: NVIDIA GeForce GTX 1080 Ti (ID=0x1b06)
    Vendor:   NVIDIA
    VRAM:     11128 MB
    Driver:   30.0.14.9649
Initialize mono
Mono path[0] = 'C:/Program Files/Unity/Hub/Editor/2021.3.4f1/Editor/Data/Managed'
Mono path[1] = 'C:/Program Files/Unity/Hub/Editor/2021.3.4f1/Editor/Data/MonoBleedingEdge/lib/mono/unityjit-win32'
Mono config path = 'C:/Program Files/Unity/Hub/Editor/2021.3.4f1/Editor/Data/MonoBleedingEdge/etc'
Using monoOptions --debugger-agent=transport=dt_socket,embedding=1,server=y,suspend=n,address=127.0.0.1:56412
Begin MonoManager ReloadAssembly
Registering precompiled unity dll's ...
Register platform support module: C:/Program Files/Unity/Hub/Editor/2021.3.4f1/Editor/Data/PlaybackEngines/WindowsStandaloneSupport/UnityEditor.WindowsStandalone.Extensions.dll
Registered in 0.008758 seconds.
Native extension for WindowsStandalone target not found
Refreshing native plugins compatible for Editor in 83.25 ms, found 3 plugins.
Preloading 0 native plugins for Editor in 0.00 ms.
Mono: successfully reloaded assembly
- Completed reload, in  0.629 seconds
Domain Reload Profiling:
	ReloadAssembly (630ms)
		BeginReloadAssembly (93ms)
			ExecutionOrderSort (0ms)
			DisableScriptedObjects (0ms)
			BackupInstance (0ms)
			ReleaseScriptingObjects (0ms)
			CreateAndSetChildDomain (1ms)
		EndReloadAssembly (413ms)
			LoadAssemblies (91ms)
			RebuildTransferFunctionScriptingTraits (0ms)
			SetupTypeCache (97ms)
			ReleaseScriptCaches (0ms)
			RebuildScriptCaches (25ms)
			SetupLoadedEditorAssemblies (244ms)
				LogAssemblyErrors (0ms)
				InitializePlatformSupportModulesInManaged (7ms)
				SetLoadedEditorAssemblies (0ms)
				RefreshPlugins (83ms)
				BeforeProcessingInitializeOnLoad (1ms)
				ProcessInitializeOnLoadAttributes (111ms)
				ProcessInitializeOnLoadMethodAttributes (41ms)
				AfterProcessingInitializeOnLoad (0ms)
				EditorAssembliesLoaded (0ms)
			ExecutionOrderSort2 (0ms)
			AwakeInstancesAfterBackupRestoration (0ms)
Platform modules already initialized, skipping
Registering precompiled user dll's ...
Registered in 0.006314 seconds.
Begin MonoManager ReloadAssembly
Symbol file LoadedFromMemory doesn't match image C:\Users\Nachio\Documents\GitHub\holbertonschool-unity\0x05-unity-assets_models_textures\My project (1)\Library\PackageCache\com.unity.visualscripting@1.7.8\Editor\VisualScripting.Core\Dependencies\YamlDotNet\Unity.VisualScripting.YamlDotNet.dll
Symbol file LoadedFromMemory doesn't match image C:\Users\Nachio\Documents\GitHub\holbertonschool-unity\0x05-unity-assets_models_textures\My project (1)\Library\PackageCache\com.unity.visualscripting@1.7.8\Editor\VisualScripting.Core\Dependencies\DotNetZip\Unity.VisualScripting.IonicZip.dll
Native extension for WindowsStandalone target not found
Refreshing native plugins compatible for Editor in 0.79 ms, found 3 plugins.
Preloading 0 native plugins for Editor in 0.00 ms.
Mono: successfully reloaded assembly
- Completed reload, in  1.279 seconds
Domain Reload Profiling:
	ReloadAssembly (1280ms)
		BeginReloadAssembly (113ms)
			ExecutionOrderSort (0ms)
			DisableScriptedObjects (6ms)
			BackupInstance (0ms)
			ReleaseScriptingObjects (0ms)
			CreateAndSetChildDomain (17ms)
		EndReloadAssembly (1064ms)
			LoadAssemblies (97ms)
			RebuildTransferFunctionScriptingTraits (0ms)
			SetupTypeCache (400ms)
			ReleaseScriptCaches (1ms)
			RebuildScriptCaches (71ms)
			SetupLoadedEditorAssemblies (446ms)
				LogAssemblyErrors (0ms)
				InitializePlatformSupportModulesInManaged (7ms)
				SetLoadedEditorAssemblies (1ms)
				RefreshPlugins (1ms)
				BeforeProcessingInitializeOnLoad (110ms)
				ProcessInitializeOnLoadAttributes (287ms)
				ProcessInitializeOnLoadMethodAttributes (30ms)
				AfterProcessingInitializeOnLoad (10ms)
				EditorAssembliesLoaded (0ms)
			ExecutionOrderSort2 (0ms)
			AwakeInstancesAfterBackupRestoration (7ms)
Platform modules already initialized, skipping
========================================================================
Worker process is ready to serve import requests
Launched and connected shader compiler UnityShaderCompiler.exe after 0.07 seconds
Refreshing native plugins compatible for Editor in 0.66 ms, found 3 plugins.
Preloading 0 native plugins for Editor in 0.00 ms.
Unloading 3386 Unused Serialized files (Serialized files now loaded: 0)
Unloading 27 unused Assets / (111.3 KB). Loaded Objects now: 3844.
Memory consumption went from 122.0 MB to 121.8 MB.
Total: 2.774300 ms (FindLiveObjects: 0.259400 ms CreateObjectMapping: 0.215300 ms MarkObjects: 2.218800 ms  DeleteObjects: 0.080200 ms)

AssetImportParameters requested are different than current active one (requested -> active):
  custom:video-decoder-ogg-theora: a1e56fd34408186e4bbccfd4996cb3dc -> 
  custom:container-muxer-webm: aa71ff27fc2769a1b78a27578f13a17b -> 
  custom:container-demuxer-webm: 4f35f7cbe854078d1ac9338744f61a02 -> 
  custom:video-encoder-webm-vp8: eb34c28f22e8b96e1ab97ce403110664 -> 
  custom:audio-encoder-webm-vorbis: bf7c407c2cedff20999df2af8eb42d56 -> 
  custom:framework-win-MediaFoundation: 216162199b28c13a410421893ffa2e32 -> 
  custom:container-demuxer-ogg: 62fdf1f143b41e24485cea50d1cbac27 -> 
  custom:video-decoder-webm-vp8: 9c59270c3fd7afecdb556c50c9e8de78 -> 
  custom:audio-decoder-ogg-vorbis: bf7c407c2cedff20999df2af8eb42d56 -> 
========================================================================
Received Import Request.
  Time since last request: 555743.126029 seconds.
  path: Assets/Models/naturePack_071.obj
  artifactKey: Guid(ac89f3e96f8467a44893ae0fe0df03bb) Importer(815301076,1909f56bfc062723c751e8b465ee728b)
Start importing Assets/Models/naturePack_071.obj using Guid(ac89f3e96f8467a44893ae0fe0df03bb) Importer(815301076,1909f56bfc062723c751e8b465ee728b)  -> (artifact id: '6418edccd44840ed932e69cacf5521e6') in 0.171900 seconds 
========================================================================
Received Import Request.
  Time since last request: 0.301994 seconds.
  path: Assets/Models/naturePack_079.obj
  artifactKey: Guid(42688279194d56e47a9ea3134a44ca05) Importer(815301076,1909f56bfc062723c751e8b465ee728b)
Start importing Assets/Models/naturePack_079.obj using Guid(42688279194d56e47a9ea3134a44ca05) Importer(815301076,1909f56bfc062723c751e8b465ee728b)  -> (artifact id: '7ffa0c0f9ba575e363cd1b5da8e6e8b6') in 0.040029 seconds 
========================================================================
Received Import Request.
  Time since last request: 0.000052 seconds.
  path: Assets/Models/naturePack_084.obj
  artifactKey: Guid(bfc15cef05d18c447991d5076b656993) Importer(815301076,1909f56bfc062723c751e8b465ee728b)
Start importing Assets/Models/naturePack_084.obj using Guid(bfc15cef05d18c447991d5076b656993) Importer(815301076,1909f56bfc062723c751e8b465ee728b)  -> (artifact id: '647234bcdd4bbfd1c0534b3d4b1a47aa') in 0.036156 seconds 
========================================================================
Received Import Request.
  Time since last request: 0.000023 seconds.
  path: Assets/Models/naturePack_097.obj
  artifactKey: Guid(f75d29a2d00532442ab9ed50e87add19) Importer(815301076,1909f56bfc062723c751e8b465ee728b)
Start importing Assets/Models/naturePack_097.obj using Guid(f75d29a2d00532442ab9ed50e87add19) Importer(815301076,1909f56bfc062723c751e8b465ee728b)  -> (artifact id: 'd685944f6e7a16f008539d275d84edea') in 0.034145 seconds 
========================================================================
Received Import Request.
  Time since last request: 0.000021 seconds.
  path: Assets/Models/naturePack_091.obj
  artifactKey: Guid(2643a3f51b5bc364abe5ee1f9d47c9d4) Importer(815301076,1909f56bfc062723c751e8b465ee728b)
Start importing Assets/Models/naturePack_091.obj using Guid(2643a3f51b5bc364abe5ee1f9d47c9d4) Importer(815301076,1909f56bfc062723c751e8b465ee728b)  -> (artifact id: 'e04ad3b53aa26f81237421c3becfeef8') in 0.038130 seconds 
========================================================================
Received Import Request.
  Time since last request: 0.274097 seconds.
  path: Assets/Models/naturePack_101.obj
  artifactKey: Guid(c0b49428b1c79bf4493fd4bb1f35694f) Importer(815301076,1909f56bfc062723c751e8b465ee728b)
Start importing Assets/Models/naturePack_101.obj using Guid(c0b49428b1c79bf4493fd4bb1f35694f) Importer(815301076,1909f56bfc062723c751e8b465ee728b)  -> (artifact id: '60e210831fbcaa230a90b088050afa8d') in 0.042255 seconds 
========================================================================
Received Import Request.
  Time since last request: 0.000017 seconds.
  path: Assets/Models/naturePack_108.obj
  artifactKey: Guid(45585944c9026bf4d95345b825c41abe) Importer(815301076,1909f56bfc062723c751e8b465ee728b)
Start importing Assets/Models/naturePack_108.obj using Guid(45585944c9026bf4d95345b825c41abe) Importer(815301076,1909f56bfc062723c751e8b465ee728b)  -> (artifact id: '981b5088591bab59cdc170f33d0a8a51') in 0.045008 seconds 
========================================================================
Received Import Request.
  Time since last request: 0.000040 seconds.
  path: Assets/Models/naturePack_103.obj
  artifactKey: Guid(5015708de184d4740af44e23b97f0a7d) Importer(815301076,1909f56bfc062723c751e8b465ee728b)
Start importing Assets/Models/naturePack_103.obj using Guid(5015708de184d4740af44e23b97f0a7d) Importer(815301076,1909f56bfc062723c751e8b465ee728b)  -> (artifact id: 'e8695582b312373c4e2b1a0cc522737e') in 0.028307 seconds 
========================================================================
Received Import Request.
  Time since last request: 0.000023 seconds.
  path: Assets/Models/naturePack_124.obj
  artifactKey: Guid(7d9448a16cd4b234e9e7dcdbab554872) Importer(815301076,1909f56bfc062723c751e8b465ee728b)
Start importing Assets/Models/naturePack_124.obj using Guid(7d9448a16cd4b234e9e7dcdbab554872) Importer(815301076,1909f56bfc062723c751e8b465ee728b)  -> (artifact id: 'c2c29c00b23ec4c08eea5c0fd59faec9') in 0.027255 seconds 
========================================================================
Received Import Request.
  Time since last request: 0.000029 seconds.
  path: Assets/Models/naturePack_120.obj
  artifactKey: Guid(213541d0cd605ca4da65db8fbf142b92) Importer(815301076,1909f56bfc062723c751e8b465ee728b)
Start importing Assets/Models/naturePack_120.obj using Guid(213541d0cd605ca4da65db8fbf142b92) Importer(815301076,1909f56bfc062723c751e8b465ee728b)  -> (artifact id: '6e477b3676cd3367b2aedaabe4eeb9fb') in 0.034294 seconds 
========================================================================
Received Import Request.
  Time since last request: 0.000032 seconds.
  path: Assets/Models/naturePack_122.obj
  artifactKey: Guid(c86fd5cb35d86ad4aa0a5a88d8e3eb25) Importer(815301076,1909f56bfc062723c751e8b465ee728b)
Start importing Assets/Models/naturePack_122.obj using Guid(c86fd5cb35d86ad4aa0a5a88d8e3eb25) Importer(815301076,1909f56bfc062723c751e8b465ee728b)  -> (artifact id: '95fb35d142fa08142878d3d61cc1e5eb') in 0.031489 seconds 
========================================================================
Received Import Request.
  Time since last request: 0.140482 seconds.
  path: Assets/Models/naturePack_131.obj
  artifactKey: Guid(a7f0286c1a02d5c48b23eabf22d9d0b1) Importer(815301076,1909f56bfc062723c751e8b465ee728b)
Start importing Assets/Models/naturePack_131.obj using Guid(a7f0286c1a02d5c48b23eabf22d9d0b1) Importer(815301076,1909f56bfc062723c751e8b465ee728b)  -> (artifact id: 'faf0ef1c5107e981b0d2617066a57522') in 0.031296 seconds 
========================================================================
Received Import Request.
  Time since last request: 0.000028 seconds.
  path: Assets/Models/naturePack_135.obj
  artifactKey: Guid(3d263055d0adbf24aa877b5aac548ef9) Importer(815301076,1909f56bfc062723c751e8b465ee728b)
Start importing Assets/Models/naturePack_135.obj using Guid(3d263055d0adbf24aa877b5aac548ef9) Importer(815301076,1909f56bfc062723c751e8b465ee728b)  -> (artifact id: '3a21d75c137b2e5f6fd9bfe8d76c1b2f') in 0.033946 seconds 
========================================================================
Received Import Request.
  Time since last request: 0.000030 seconds.
  path: Assets/Models/naturePack_150.obj
  artifactKey: Guid(ba6ca89c755fc3841ab4a662bb4f41be) Importer(815301076,1909f56bfc062723c751e8b465ee728b)
Start importing Assets/Models/naturePack_150.obj using Guid(ba6ca89c755fc3841ab4a662bb4f41be) Importer(815301076,1909f56bfc062723c751e8b465ee728b)  -> (artifact id: '1d2c6e61d5e98c190a5b38e59fe16642') in 0.037149 seconds 
========================================================================
Received Import Request.
  Time since last request: 0.000027 seconds.
  path: Assets/Models/naturePack_157.obj
  artifactKey: Guid(2e80d9e92aba48f4cb5610983297bcd9) Importer(815301076,1909f56bfc062723c751e8b465ee728b)
Start importing Assets/Models/naturePack_157.obj using Guid(2e80d9e92aba48f4cb5610983297bcd9) Importer(815301076,1909f56bfc062723c751e8b465ee728b)  -> (artifact id: '963e30620fadd4bca234d8a596f911e2') in 0.032049 seconds 
========================================================================
Received Import Request.
  Time since last request: 0.000032 seconds.
  path: Assets/Models/naturePack_134.obj
  artifactKey: Guid(23469c55980a92b49b6f5c8fd4b15507) Importer(815301076,1909f56bfc062723c751e8b465ee728b)
Start importing Assets/Models/naturePack_134.obj using Guid(23469c55980a92b49b6f5c8fd4b15507) Importer(815301076,1909f56bfc062723c751e8b465ee728b)  -> (artifact id: '1efb1877c05b3d0f6ee57abf96cbca3e') in 0.031884 seconds 
========================================================================
Received Import Request.
  Time since last request: 0.000041 seconds.
  path: Assets/Models/naturePack_139.obj
  artifactKey: Guid(5d039f8d14711ac4dad35818e52df993) Importer(815301076,1909f56bfc062723c751e8b465ee728b)
Start importing Assets/Models/naturePack_139.obj using Guid(5d039f8d14711ac4dad35818e52df993) Importer(815301076,1909f56bfc062723c751e8b465ee728b)  -> (artifact id: 'd89196485be01a7bf8a56c011e99675a') in 0.041655 seconds 
========================================================================
Received Import Request.
  Time since last request: 0.180913 seconds.
  path: Assets/Models/naturePack_161.obj
  artifactKey: Guid(082ce3036ae618046a6430996e2fd09f) Importer(815301076,1909f56bfc062723c751e8b465ee728b)
Start importing Assets/Models/naturePack_161.obj using Guid(082ce3036ae618046a6430996e2fd09f) Importer(815301076,1909f56bfc062723c751e8b465ee728b)  -> (artifact id: 'df928e4794c4cad91bd647a8eb292352') in 0.041024 seconds 
========================================================================
Received Import Request.
  Time since last request: 0.000030 seconds.
  path: Assets/Models/naturePack_170.obj
  artifactKey: Guid(42a30f46e3d3dd44ebc808705a50b0d9) Importer(815301076,1909f56bfc062723c751e8b465ee728b)
Start importing Assets/Models/naturePack_170.obj using Guid(42a30f46e3d3dd44ebc808705a50b0d9) Importer(815301076,1909f56bfc062723c751e8b465ee728b)  -> (artifact id: '91419198c003d7e33432279290428553') in 0.035717 seconds 
========================================================================
Received Import Request.
  Time since last request: 0.000036 seconds.
  path: Assets/Models/naturePack_173.obj
  artifactKey: Guid(e42aee8a605ed374b88de349e51647d8) Importer(815301076,1909f56bfc062723c751e8b465ee728b)
Start importing Assets/Models/naturePack_173.obj using Guid(e42aee8a605ed374b88de349e51647d8) Importer(815301076,1909f56bfc062723c751e8b465ee728b)  -> (artifact id: 'ebf95d7ea006383987a8eb7e4b309434') in 0.029963 seconds 
========================================================================
Received Import Request.
  Time since last request: 0.000021 seconds.
  path: Assets/Models/naturePack_163.obj
  artifactKey: Guid(3a0d72c04af797f409bb40b9fc98760b) Importer(815301076,1909f56bfc062723c751e8b465ee728b)
Start importing Assets/Models/naturePack_163.obj using Guid(3a0d72c04af797f409bb40b9fc98760b) Importer(815301076,1909f56bfc062723c751e8b465ee728b)  -> (artifact id: '497e00c495955bf58a7a8ed808289d34') in 0.037743 seconds 
========================================================================
Received Import Request.
  Time since last request: 0.000025 seconds.
  path: Assets/Models/naturePack_flat_009.obj
  artifactKey: Guid(49cf11df944acca4d81918611a9e47c2) Importer(815301076,1909f56bfc062723c751e8b465ee728b)
Start importing Assets/Models/naturePack_flat_009.obj using Guid(49cf11df944acca4d81918611a9e47c2) Importer(815301076,1909f56bfc062723c751e8b465ee728b)  -> (artifact id: '7ce2f65c4a49d11a8b49aa457a8b1afc') in 0.075738 seconds 
========================================================================
Received Import Request.
  Time since last request: 0.000029 seconds.
  path: Assets/Models/naturePack_164.obj
  artifactKey: Guid(e280dfbfcf6018348aad03555fd33a0e) Importer(815301076,1909f56bfc062723c751e8b465ee728b)
Start importing Assets/Models/naturePack_164.obj using Guid(e280dfbfcf6018348aad03555fd33a0e) Importer(815301076,1909f56bfc062723c751e8b465ee728b)  -> (artifact id: 'b25fea17d2af8c518caf312c5b1a7612') in 0.049821 seconds 
Editor requested this worker to shutdown with reason: Scaling down because of idle timeout
AssetImportWorker is now disconnected from the server
Process exiting
Exiting without the bug reporter. Application will terminate with return code 0