Using pre-set license
Built from '2021.3/staging' branch; Version is '2021.3.4f1 (cb45f9cae8b7) revision 13321721'; Using compiler version '192829333'; Build Type 'Release'
OS: 'Windows 11  (10.0.22000) 64bit Professional' Language: 'es' Physical Memory: 32611 MB
BatchMode: 1, IsHumanControllingUs: 0, StartBugReporterOnCrash: 0, Is64bit: 1, IsPro: 1

COMMAND LINE ARGUMENTS:
C:\Program Files\Unity\Hub\Editor\2021.3.4f1\Editor\Unity.exe
-adb2
-batchMode
-noUpm
-name
AssetImportWorker0
-projectPath
C:/Users/Nachio/Documents/GitHub/holbertonschool-unity/0x05-unity-assets_models_textures
-logFile
Logs/AssetImportWorker0.log
-srvPort
51579
Successfully changed project path to: C:/Users/Nachio/Documents/GitHub/holbertonschool-unity/0x05-unity-assets_models_textures
C:/Users/Nachio/Documents/GitHub/holbertonschool-unity/0x05-unity-assets_models_textures
[UnityMemory] Configuration Parameters - Can be set up in boot.config
    "memorysetup-bucket-allocator-granularity=16"
    "memorysetup-bucket-allocator-bucket-count=8"
    "memorysetup-bucket-allocator-block-size=33554432"
    "memorysetup-bucket-allocator-block-count=8"
    "memorysetup-main-allocator-block-size=16777216"
    "memorysetup-thread-allocator-block-size=16777216"
    "memorysetup-gfx-main-allocator-block-size=16777216"
    "memorysetup-gfx-thread-allocator-block-size=16777216"
    "memorysetup-cache-allocator-block-size=4194304"
    "memorysetup-typetree-allocator-block-size=2097152"
    "memorysetup-profiler-bucket-allocator-granularity=16"
    "memorysetup-profiler-bucket-allocator-bucket-count=8"
    "memorysetup-profiler-bucket-allocator-block-size=33554432"
    "memorysetup-profiler-bucket-allocator-block-count=8"
    "memorysetup-profiler-allocator-block-size=16777216"
    "memorysetup-profiler-editor-allocator-block-size=1048576"
    "memorysetup-temp-allocator-size-main=16777216"
    "memorysetup-job-temp-allocator-block-size=2097152"
    "memorysetup-job-temp-allocator-block-size-background=1048576"
    "memorysetup-job-temp-allocator-reduction-small-platforms=262144"
    "memorysetup-temp-allocator-size-background-worker=32768"
    "memorysetup-temp-allocator-size-job-worker=262144"
    "memorysetup-temp-allocator-size-preload-manager=33554432"
    "memorysetup-temp-allocator-size-nav-mesh-worker=65536"
    "memorysetup-temp-allocator-size-audio-worker=65536"
    "memorysetup-temp-allocator-size-cloud-worker=32768"
    "memorysetup-temp-allocator-size-gi-baking-worker=262144"
    "memorysetup-temp-allocator-size-gfx=262144"
Refreshing native plugins compatible for Editor in 84.12 ms, found 3 plugins.
Preloading 0 native plugins for Editor in 0.00 ms.
Initialize engine version: 2021.3.4f1 (cb45f9cae8b7)
[Subsystems] Discovering subsystems at path C:/Program Files/Unity/Hub/Editor/2021.3.4f1/Editor/Data/Resources/UnitySubsystems
[Subsystems] Discovering subsystems at path C:/Users/Nachio/Documents/GitHub/holbertonschool-unity/0x05-unity-assets_models_textures/Assets
GfxDevice: creating device client; threaded=0; jobified=0
Direct3D:
    Version:  Direct3D 11.0 [level 11.1]
    Renderer: NVIDIA GeForce GTX 1080 Ti (ID=0x1b06)
    Vendor:   NVIDIA
    VRAM:     11128 MB
    Driver:   30.0.14.9649
Initialize mono
Mono path[0] = 'C:/Program Files/Unity/Hub/Editor/2021.3.4f1/Editor/Data/Managed'
Mono path[1] = 'C:/Program Files/Unity/Hub/Editor/2021.3.4f1/Editor/Data/MonoBleedingEdge/lib/mono/unityjit-win32'
Mono config path = 'C:/Program Files/Unity/Hub/Editor/2021.3.4f1/Editor/Data/MonoBleedingEdge/etc'
Using monoOptions --debugger-agent=transport=dt_socket,embedding=1,server=y,suspend=n,address=127.0.0.1:56776
Begin MonoManager ReloadAssembly
Registering precompiled unity dll's ...
Register platform support module: C:/Program Files/Unity/Hub/Editor/2021.3.4f1/Editor/Data/PlaybackEngines/WindowsStandaloneSupport/UnityEditor.WindowsStandalone.Extensions.dll
Registered in 0.006489 seconds.
Native extension for WindowsStandalone target not found
Refreshing native plugins compatible for Editor in 89.12 ms, found 3 plugins.
Preloading 0 native plugins for Editor in 0.00 ms.
Mono: successfully reloaded assembly
- Completed reload, in  0.655 seconds
Domain Reload Profiling:
	ReloadAssembly (655ms)
		BeginReloadAssembly (83ms)
			ExecutionOrderSort (0ms)
			DisableScriptedObjects (0ms)
			BackupInstance (0ms)
			ReleaseScriptingObjects (0ms)
			CreateAndSetChildDomain (1ms)
		EndReloadAssembly (464ms)
			LoadAssemblies (80ms)
			RebuildTransferFunctionScriptingTraits (0ms)
			SetupTypeCache (111ms)
			ReleaseScriptCaches (0ms)
			RebuildScriptCaches (27ms)
			SetupLoadedEditorAssemblies (280ms)
				LogAssemblyErrors (0ms)
				InitializePlatformSupportModulesInManaged (7ms)
				SetLoadedEditorAssemblies (0ms)
				RefreshPlugins (89ms)
				BeforeProcessingInitializeOnLoad (1ms)
				ProcessInitializeOnLoadAttributes (127ms)
				ProcessInitializeOnLoadMethodAttributes (54ms)
				AfterProcessingInitializeOnLoad (0ms)
				EditorAssembliesLoaded (0ms)
			ExecutionOrderSort2 (0ms)
			AwakeInstancesAfterBackupRestoration (0ms)
Platform modules already initialized, skipping
Registering precompiled user dll's ...
Registered in 0.006435 seconds.
Begin MonoManager ReloadAssembly
Native extension for WindowsStandalone target not found
Refreshing native plugins compatible for Editor in 0.48 ms, found 3 plugins.
Preloading 0 native plugins for Editor in 0.00 ms.
Mono: successfully reloaded assembly
- Completed reload, in  1.031 seconds
Domain Reload Profiling:
	ReloadAssembly (1032ms)
		BeginReloadAssembly (120ms)
			ExecutionOrderSort (0ms)
			DisableScriptedObjects (5ms)
			BackupInstance (0ms)
			ReleaseScriptingObjects (0ms)
			CreateAndSetChildDomain (21ms)
		EndReloadAssembly (790ms)
			LoadAssemblies (95ms)
			RebuildTransferFunctionScriptingTraits (0ms)
			SetupTypeCache (262ms)
			ReleaseScriptCaches (1ms)
			RebuildScriptCaches (54ms)
			SetupLoadedEditorAssemblies (348ms)
				LogAssemblyErrors (0ms)
				InitializePlatformSupportModulesInManaged (5ms)
				SetLoadedEditorAssemblies (0ms)
				RefreshPlugins (1ms)
				BeforeProcessingInitializeOnLoad (92ms)
				ProcessInitializeOnLoadAttributes (214ms)
				ProcessInitializeOnLoadMethodAttributes (28ms)
				AfterProcessingInitializeOnLoad (8ms)
				EditorAssembliesLoaded (0ms)
			ExecutionOrderSort2 (0ms)
			AwakeInstancesAfterBackupRestoration (6ms)
Platform modules already initialized, skipping
========================================================================
Worker process is ready to serve import requests
Launched and connected shader compiler UnityShaderCompiler.exe after 0.09 seconds
Refreshing native plugins compatible for Editor in 0.66 ms, found 3 plugins.
Preloading 0 native plugins for Editor in 0.00 ms.
Unloading 3386 Unused Serialized files (Serialized files now loaded: 0)
Unloading 27 unused Assets / (111.1 KB). Loaded Objects now: 3846.
Memory consumption went from 119.9 MB to 119.8 MB.
Total: 5.147300 ms (FindLiveObjects: 0.451100 ms CreateObjectMapping: 0.335800 ms MarkObjects: 4.205200 ms  DeleteObjects: 0.153900 ms)

AssetImportParameters requested are different than current active one (requested -> active):
  custom:video-decoder-ogg-theora: a1e56fd34408186e4bbccfd4996cb3dc -> 
  custom:container-muxer-webm: aa71ff27fc2769a1b78a27578f13a17b -> 
  custom:container-demuxer-webm: 4f35f7cbe854078d1ac9338744f61a02 -> 
  custom:video-encoder-webm-vp8: eb34c28f22e8b96e1ab97ce403110664 -> 
  custom:audio-encoder-webm-vorbis: bf7c407c2cedff20999df2af8eb42d56 -> 
  custom:framework-win-MediaFoundation: 216162199b28c13a410421893ffa2e32 -> 
  custom:container-demuxer-ogg: 62fdf1f143b41e24485cea50d1cbac27 -> 
  custom:video-decoder-webm-vp8: 9c59270c3fd7afecdb556c50c9e8de78 -> 
  custom:audio-decoder-ogg-vorbis: bf7c407c2cedff20999df2af8eb42d56 -> 
========================================================================
Received Import Request.
  Time since last request: 563809.083823 seconds.
  path: Assets/Models/Nature pack extended/naturePack_007.obj
  artifactKey: Guid(b79f6cadd15f0d74189e915531146d3c) Importer(815301076,1909f56bfc062723c751e8b465ee728b)
Start importing Assets/Models/Nature pack extended/naturePack_007.obj using Guid(b79f6cadd15f0d74189e915531146d3c) Importer(815301076,1909f56bfc062723c751e8b465ee728b)  -> (artifact id: '0c2c989d8f5ecabecfcb9790e0168e53') in 0.163521 seconds 
========================================================================
Received Import Request.
  Time since last request: 0.000026 seconds.
  path: Assets/Models/Nature pack extended/naturePack_022.obj
  artifactKey: Guid(7c91e3d552785a840b39742e40b613b5) Importer(815301076,1909f56bfc062723c751e8b465ee728b)
Start importing Assets/Models/Nature pack extended/naturePack_022.obj using Guid(7c91e3d552785a840b39742e40b613b5) Importer(815301076,1909f56bfc062723c751e8b465ee728b)  -> (artifact id: 'fdbb835e56fcd5478a6ac3b889a6df4b') in 0.028465 seconds 
========================================================================
Received Import Request.
  Time since last request: 0.000031 seconds.
  path: Assets/Models/Nature pack extended/naturePack_017.obj
  artifactKey: Guid(397a1bc3035a4b041af7833636a7bf9e) Importer(815301076,1909f56bfc062723c751e8b465ee728b)
Start importing Assets/Models/Nature pack extended/naturePack_017.obj using Guid(397a1bc3035a4b041af7833636a7bf9e) Importer(815301076,1909f56bfc062723c751e8b465ee728b)  -> (artifact id: '2580d67faf219fab92f7378898fe3a27') in 0.031434 seconds 
========================================================================
Received Import Request.
  Time since last request: 0.000053 seconds.
  path: Assets/Models/Nature pack extended/naturePack_019.obj
  artifactKey: Guid(7028cc1249fcee548a99e287c7b22c41) Importer(815301076,1909f56bfc062723c751e8b465ee728b)
Start importing Assets/Models/Nature pack extended/naturePack_019.obj using Guid(7028cc1249fcee548a99e287c7b22c41) Importer(815301076,1909f56bfc062723c751e8b465ee728b)  -> (artifact id: 'f482b6e87ef49d7ee42947fa4916f5c0') in 0.036308 seconds 
========================================================================
Received Import Request.
  Time since last request: 0.000028 seconds.
  path: Assets/Models/Nature pack extended/naturePack_003.obj
  artifactKey: Guid(18ac72f38a44da141b32da447e47f279) Importer(815301076,1909f56bfc062723c751e8b465ee728b)
Start importing Assets/Models/Nature pack extended/naturePack_003.obj using Guid(18ac72f38a44da141b32da447e47f279) Importer(815301076,1909f56bfc062723c751e8b465ee728b)  -> (artifact id: '743a4520112b3b49f48f93a7b25e1ad6') in 0.027649 seconds 
========================================================================
Received Import Request.
  Time since last request: 12.427128 seconds.
  path: Assets/Models/Nature pack extended/naturePack_036.obj
  artifactKey: Guid(d7cb5a1198f30b94fb7c2b55fea7a393) Importer(815301076,1909f56bfc062723c751e8b465ee728b)
Start importing Assets/Models/Nature pack extended/naturePack_036.obj using Guid(d7cb5a1198f30b94fb7c2b55fea7a393) Importer(815301076,1909f56bfc062723c751e8b465ee728b)  -> (artifact id: '9a6af879f3e7c22d58f7ebccf0d7cef0') in 0.029460 seconds 
========================================================================
Received Import Request.
  Time since last request: 1.015294 seconds.
  path: Assets/Models/Nature pack extended/naturePack_042.obj
  artifactKey: Guid(57468eaef4f1eb045bafbaa38bf5fb6f) Importer(815301076,1909f56bfc062723c751e8b465ee728b)
Start importing Assets/Models/Nature pack extended/naturePack_042.obj using Guid(57468eaef4f1eb045bafbaa38bf5fb6f) Importer(815301076,1909f56bfc062723c751e8b465ee728b)  -> (artifact id: '6e8618d984c285210735ba4ceb63b7d8') in 0.025685 seconds 
========================================================================
Received Import Request.
  Time since last request: 0.000021 seconds.
  path: Assets/Models/Nature pack extended/naturePack_048.obj
  artifactKey: Guid(8e8a106383110fa4a9462b3a7302fb31) Importer(815301076,1909f56bfc062723c751e8b465ee728b)
Start importing Assets/Models/Nature pack extended/naturePack_048.obj using Guid(8e8a106383110fa4a9462b3a7302fb31) Importer(815301076,1909f56bfc062723c751e8b465ee728b)  -> (artifact id: '243a2bb07b75cb363003199462671c17') in 0.038363 seconds 
========================================================================
Received Import Request.
  Time since last request: 0.000025 seconds.
  path: Assets/Models/Nature pack extended/naturePack_050.obj
  artifactKey: Guid(a2108f61d3c2ff94b81b13584ecac64c) Importer(815301076,1909f56bfc062723c751e8b465ee728b)
Start importing Assets/Models/Nature pack extended/naturePack_050.obj using Guid(a2108f61d3c2ff94b81b13584ecac64c) Importer(815301076,1909f56bfc062723c751e8b465ee728b)  -> (artifact id: 'e62d1ff967550bbf4772c026df2ccc2f') in 0.057788 seconds 
========================================================================
Received Import Request.
  Time since last request: 0.922741 seconds.
  path: Assets/Models/Nature pack extended/naturePack_056.obj
  artifactKey: Guid(4226f9f2995e13f4ca87bb2b912cffa3) Importer(815301076,1909f56bfc062723c751e8b465ee728b)
Start importing Assets/Models/Nature pack extended/naturePack_056.obj using Guid(4226f9f2995e13f4ca87bb2b912cffa3) Importer(815301076,1909f56bfc062723c751e8b465ee728b)  -> (artifact id: '98fc45a211cf4a12337fdb9f85697399') in 0.027975 seconds 
========================================================================
Received Import Request.
  Time since last request: 0.022231 seconds.
  path: Assets/Models/Nature pack extended/naturePack_063.obj
  artifactKey: Guid(d0a409b132372084987f40183993e371) Importer(815301076,1909f56bfc062723c751e8b465ee728b)
Start importing Assets/Models/Nature pack extended/naturePack_063.obj using Guid(d0a409b132372084987f40183993e371) Importer(815301076,1909f56bfc062723c751e8b465ee728b)  -> (artifact id: '6345d154cfe98ff128ff762f5c967dac') in 0.028086 seconds 
========================================================================
Received Import Request.
  Time since last request: 0.000017 seconds.
  path: Assets/Models/Nature pack extended/naturePack_066.obj
  artifactKey: Guid(12c917bcdf8fce042a2a92fd33fa4032) Importer(815301076,1909f56bfc062723c751e8b465ee728b)
Start importing Assets/Models/Nature pack extended/naturePack_066.obj using Guid(12c917bcdf8fce042a2a92fd33fa4032) Importer(815301076,1909f56bfc062723c751e8b465ee728b)  -> (artifact id: 'b37e91fe12feffd9966922565bb37645') in 0.024293 seconds 
========================================================================
Received Import Request.
  Time since last request: 3.917838 seconds.
  path: Assets/Models/Nature pack extended/naturePack_071.obj
  artifactKey: Guid(76e4e50ab0788a64f95b653fd9ff10b5) Importer(815301076,1909f56bfc062723c751e8b465ee728b)
Start importing Assets/Models/Nature pack extended/naturePack_071.obj using Guid(76e4e50ab0788a64f95b653fd9ff10b5) Importer(815301076,1909f56bfc062723c751e8b465ee728b)  -> (artifact id: 'bc000664479699e451735d7848cc999a') in 0.037166 seconds 
========================================================================
Received Import Request.
  Time since last request: 0.000038 seconds.
  path: Assets/Models/Nature pack extended/naturePack_076.obj
  artifactKey: Guid(ab14c898eaf012f4b95344ca5446db48) Importer(815301076,1909f56bfc062723c751e8b465ee728b)
Start importing Assets/Models/Nature pack extended/naturePack_076.obj using Guid(ab14c898eaf012f4b95344ca5446db48) Importer(815301076,1909f56bfc062723c751e8b465ee728b)  -> (artifact id: '93c86aa443d21402b0e27b37fb4b7e41') in 0.029601 seconds 
========================================================================
Received Import Request.
  Time since last request: 0.000018 seconds.
  path: Assets/Models/Nature pack extended/naturePack_084.obj
  artifactKey: Guid(a24d295862bcfe74a9f6c2c818769b4d) Importer(815301076,1909f56bfc062723c751e8b465ee728b)
Start importing Assets/Models/Nature pack extended/naturePack_084.obj using Guid(a24d295862bcfe74a9f6c2c818769b4d) Importer(815301076,1909f56bfc062723c751e8b465ee728b)  -> (artifact id: 'bc499e8deba0b45fb7d768970a15a350') in 0.032396 seconds 
========================================================================
Received Import Request.
  Time since last request: 1.415176 seconds.
  path: Assets/Models/Nature pack extended/naturePack_095.obj
  artifactKey: Guid(3fb325f885e77d4428684288bc6ba7cc) Importer(815301076,1909f56bfc062723c751e8b465ee728b)
Start importing Assets/Models/Nature pack extended/naturePack_095.obj using Guid(3fb325f885e77d4428684288bc6ba7cc) Importer(815301076,1909f56bfc062723c751e8b465ee728b)  -> (artifact id: '8b54b98da79bc45fda127e19c9842e0e') in 0.026079 seconds 
========================================================================
Received Import Request.
  Time since last request: 0.376497 seconds.
  path: Assets/Models/Nature pack extended/naturePack_110.obj
  artifactKey: Guid(cbf652cb03a424d41b36f42b31c84370) Importer(815301076,1909f56bfc062723c751e8b465ee728b)
Start importing Assets/Models/Nature pack extended/naturePack_110.obj using Guid(cbf652cb03a424d41b36f42b31c84370) Importer(815301076,1909f56bfc062723c751e8b465ee728b)  -> (artifact id: '571a16670c1f88a20a6202afd9fc997c') in 0.026744 seconds 
========================================================================
Received Import Request.
  Time since last request: 3.689278 seconds.
  path: Assets/Models/Nature pack extended/naturePack_116.obj
  artifactKey: Guid(c9dffbb3f856e8046a3d4172c792bc75) Importer(815301076,1909f56bfc062723c751e8b465ee728b)
Start importing Assets/Models/Nature pack extended/naturePack_116.obj using Guid(c9dffbb3f856e8046a3d4172c792bc75) Importer(815301076,1909f56bfc062723c751e8b465ee728b)  -> (artifact id: 'a5af36a2bf0c715725db9669a9235ff4') in 0.030973 seconds 
========================================================================
Received Import Request.
  Time since last request: 0.000043 seconds.
  path: Assets/Models/Nature pack extended/naturePack_123.obj
  artifactKey: Guid(7c00a9b1b97482147b996d5641b8ab44) Importer(815301076,1909f56bfc062723c751e8b465ee728b)
Start importing Assets/Models/Nature pack extended/naturePack_123.obj using Guid(7c00a9b1b97482147b996d5641b8ab44) Importer(815301076,1909f56bfc062723c751e8b465ee728b)  -> (artifact id: 'b1732062c5e907c26f281d6826e366ff') in 0.034102 seconds 
========================================================================
Received Import Request.
  Time since last request: 0.000015 seconds.
  path: Assets/Models/Nature pack extended/naturePack_119.obj
  artifactKey: Guid(958152b8e73955d4593bd72b8aa0f57c) Importer(815301076,1909f56bfc062723c751e8b465ee728b)
Start importing Assets/Models/Nature pack extended/naturePack_119.obj using Guid(958152b8e73955d4593bd72b8aa0f57c) Importer(815301076,1909f56bfc062723c751e8b465ee728b)  -> (artifact id: '5e050b27b373f66d4926adc2ad1cb06a') in 0.031929 seconds 
========================================================================
Received Import Request.
  Time since last request: 0.802910 seconds.
  path: Assets/Models/Nature pack extended/naturePack_132.obj
  artifactKey: Guid(3db1eada31268aa43a1af90cb59a87e3) Importer(815301076,1909f56bfc062723c751e8b465ee728b)
Start importing Assets/Models/Nature pack extended/naturePack_132.obj using Guid(3db1eada31268aa43a1af90cb59a87e3) Importer(815301076,1909f56bfc062723c751e8b465ee728b)  -> (artifact id: '7e5e016c71167e19c66c248b2f4d9405') in 0.030645 seconds 
========================================================================
Received Import Request.
  Time since last request: 0.050112 seconds.
  path: Assets/Models/Nature pack extended/naturePack_147.obj
  artifactKey: Guid(80bad63c8c2324a4db7d0ddf25762d47) Importer(815301076,1909f56bfc062723c751e8b465ee728b)
Start importing Assets/Models/Nature pack extended/naturePack_147.obj using Guid(80bad63c8c2324a4db7d0ddf25762d47) Importer(815301076,1909f56bfc062723c751e8b465ee728b)  -> (artifact id: '6686100509fe0bf613226cc622a1d1b5') in 0.027854 seconds 
========================================================================
Received Import Request.
  Time since last request: 1.794003 seconds.
  path: Assets/Models/Nature pack extended/naturePack_161.obj
  artifactKey: Guid(f90b393664c8ecd4fa179ccdfffd8dda) Importer(815301076,1909f56bfc062723c751e8b465ee728b)
Start importing Assets/Models/Nature pack extended/naturePack_161.obj using Guid(f90b393664c8ecd4fa179ccdfffd8dda) Importer(815301076,1909f56bfc062723c751e8b465ee728b)  -> (artifact id: 'fc1bbd8fc7dc72f7a6a9c312ccc3d68a') in 0.035082 seconds 
========================================================================
Received Import Request.
  Time since last request: 2.049744 seconds.
  path: Assets/Models/Nature pack extended/naturePack_168.obj
  artifactKey: Guid(5fe455014e86a974586c202e933096ae) Importer(815301076,1909f56bfc062723c751e8b465ee728b)
Start importing Assets/Models/Nature pack extended/naturePack_168.obj using Guid(5fe455014e86a974586c202e933096ae) Importer(815301076,1909f56bfc062723c751e8b465ee728b)  -> (artifact id: '5384ed4cad82374e205afeca477979ef') in 0.050301 seconds 
========================================================================
Received Import Request.
  Time since last request: 0.000032 seconds.
  path: Assets/Models/Nature pack extended/naturePack_flat_005.obj
  artifactKey: Guid(8cbfa08be247abf409f09a70468aa6dc) Importer(815301076,1909f56bfc062723c751e8b465ee728b)
Start importing Assets/Models/Nature pack extended/naturePack_flat_005.obj using Guid(8cbfa08be247abf409f09a70468aa6dc) Importer(815301076,1909f56bfc062723c751e8b465ee728b)  -> (artifact id: '6c4c317be960ae05525ea7e5fc239dd9') in 0.077523 seconds 
========================================================================
Received Import Request.
  Time since last request: 0.000025 seconds.
  path: Assets/Models/Nature pack extended/naturePack_flat_012.obj
  artifactKey: Guid(5fd4e08870b355b47a6bbb51ae38b644) Importer(815301076,1909f56bfc062723c751e8b465ee728b)
Start importing Assets/Models/Nature pack extended/naturePack_flat_012.obj using Guid(5fd4e08870b355b47a6bbb51ae38b644) Importer(815301076,1909f56bfc062723c751e8b465ee728b)  -> (artifact id: 'd49993516892025524f8edfdd9317e07') in 0.060592 seconds 
Editor requested this worker to shutdown with reason: Scaling down because of idle timeout
AssetImportWorker is now disconnected from the server
Process exiting
Exiting without the bug reporter. Application will terminate with return code 0