Using pre-set license
Built from '2021.3/staging' branch; Version is '2021.3.4f1 (cb45f9cae8b7) revision 13321721'; Using compiler version '192829333'; Build Type 'Release'
OS: 'Windows 11  (10.0.22000) 64bit Professional' Language: 'es' Physical Memory: 32611 MB
BatchMode: 1, IsHumanControllingUs: 0, StartBugReporterOnCrash: 0, Is64bit: 1, IsPro: 1

COMMAND LINE ARGUMENTS:
C:\Program Files\Unity\Hub\Editor\2021.3.4f1\Editor\Unity.exe
-adb2
-batchMode
-noUpm
-name
AssetImportWorker3
-projectPath
C:/Users/Nachio/Documents/GitHub/holbertonschool-unity/0x05-unity-assets_models_textures
-logFile
Logs/AssetImportWorker3.log
-srvPort
51579
Successfully changed project path to: C:/Users/Nachio/Documents/GitHub/holbertonschool-unity/0x05-unity-assets_models_textures
C:/Users/Nachio/Documents/GitHub/holbertonschool-unity/0x05-unity-assets_models_textures
[UnityMemory] Configuration Parameters - Can be set up in boot.config
    "memorysetup-bucket-allocator-granularity=16"
    "memorysetup-bucket-allocator-bucket-count=8"
    "memorysetup-bucket-allocator-block-size=33554432"
    "memorysetup-bucket-allocator-block-count=8"
    "memorysetup-main-allocator-block-size=16777216"
    "memorysetup-thread-allocator-block-size=16777216"
    "memorysetup-gfx-main-allocator-block-size=16777216"
    "memorysetup-gfx-thread-allocator-block-size=16777216"
    "memorysetup-cache-allocator-block-size=4194304"
    "memorysetup-typetree-allocator-block-size=2097152"
    "memorysetup-profiler-bucket-allocator-granularity=16"
    "memorysetup-profiler-bucket-allocator-bucket-count=8"
    "memorysetup-profiler-bucket-allocator-block-size=33554432"
    "memorysetup-profiler-bucket-allocator-block-count=8"
    "memorysetup-profiler-allocator-block-size=16777216"
    "memorysetup-profiler-editor-allocator-block-size=1048576"
    "memorysetup-temp-allocator-size-main=16777216"
    "memorysetup-job-temp-allocator-block-size=2097152"
    "memorysetup-job-temp-allocator-block-size-background=1048576"
    "memorysetup-job-temp-allocator-reduction-small-platforms=262144"
    "memorysetup-temp-allocator-size-background-worker=32768"
    "memorysetup-temp-allocator-size-job-worker=262144"
    "memorysetup-temp-allocator-size-preload-manager=33554432"
    "memorysetup-temp-allocator-size-nav-mesh-worker=65536"
    "memorysetup-temp-allocator-size-audio-worker=65536"
    "memorysetup-temp-allocator-size-cloud-worker=32768"
    "memorysetup-temp-allocator-size-gi-baking-worker=262144"
    "memorysetup-temp-allocator-size-gfx=262144"
Refreshing native plugins compatible for Editor in 82.90 ms, found 3 plugins.
Preloading 0 native plugins for Editor in 0.00 ms.
Initialize engine version: 2021.3.4f1 (cb45f9cae8b7)
[Subsystems] Discovering subsystems at path C:/Program Files/Unity/Hub/Editor/2021.3.4f1/Editor/Data/Resources/UnitySubsystems
[Subsystems] Discovering subsystems at path C:/Users/Nachio/Documents/GitHub/holbertonschool-unity/0x05-unity-assets_models_textures/Assets
GfxDevice: creating device client; threaded=0; jobified=0
Direct3D:
    Version:  Direct3D 11.0 [level 11.1]
    Renderer: NVIDIA GeForce GTX 1080 Ti (ID=0x1b06)
    Vendor:   NVIDIA
    VRAM:     11128 MB
    Driver:   30.0.14.9649
Initialize mono
Mono path[0] = 'C:/Program Files/Unity/Hub/Editor/2021.3.4f1/Editor/Data/Managed'
Mono path[1] = 'C:/Program Files/Unity/Hub/Editor/2021.3.4f1/Editor/Data/MonoBleedingEdge/lib/mono/unityjit-win32'
Mono config path = 'C:/Program Files/Unity/Hub/Editor/2021.3.4f1/Editor/Data/MonoBleedingEdge/etc'
Using monoOptions --debugger-agent=transport=dt_socket,embedding=1,server=y,suspend=n,address=127.0.0.1:56368
Begin MonoManager ReloadAssembly
Registering precompiled unity dll's ...
Register platform support module: C:/Program Files/Unity/Hub/Editor/2021.3.4f1/Editor/Data/PlaybackEngines/WindowsStandaloneSupport/UnityEditor.WindowsStandalone.Extensions.dll
Registered in 0.006512 seconds.
Native extension for WindowsStandalone target not found
Refreshing native plugins compatible for Editor in 83.26 ms, found 3 plugins.
Preloading 0 native plugins for Editor in 0.00 ms.
Mono: successfully reloaded assembly
- Completed reload, in  0.633 seconds
Domain Reload Profiling:
	ReloadAssembly (634ms)
		BeginReloadAssembly (65ms)
			ExecutionOrderSort (0ms)
			DisableScriptedObjects (0ms)
			BackupInstance (0ms)
			ReleaseScriptingObjects (0ms)
			CreateAndSetChildDomain (1ms)
		EndReloadAssembly (460ms)
			LoadAssemblies (63ms)
			RebuildTransferFunctionScriptingTraits (0ms)
			SetupTypeCache (122ms)
			ReleaseScriptCaches (0ms)
			RebuildScriptCaches (30ms)
			SetupLoadedEditorAssemblies (253ms)
				LogAssemblyErrors (0ms)
				InitializePlatformSupportModulesInManaged (8ms)
				SetLoadedEditorAssemblies (0ms)
				RefreshPlugins (83ms)
				BeforeProcessingInitializeOnLoad (1ms)
				ProcessInitializeOnLoadAttributes (115ms)
				ProcessInitializeOnLoadMethodAttributes (46ms)
				AfterProcessingInitializeOnLoad (0ms)
				EditorAssembliesLoaded (0ms)
			ExecutionOrderSort2 (0ms)
			AwakeInstancesAfterBackupRestoration (0ms)
Platform modules already initialized, skipping
Registering precompiled user dll's ...
Registered in 0.006989 seconds.
Begin MonoManager ReloadAssembly
Native extension for WindowsStandalone target not found
Refreshing native plugins compatible for Editor in 0.53 ms, found 3 plugins.
Preloading 0 native plugins for Editor in 0.00 ms.
Mono: successfully reloaded assembly
- Completed reload, in  1.027 seconds
Domain Reload Profiling:
	ReloadAssembly (1027ms)
		BeginReloadAssembly (109ms)
			ExecutionOrderSort (0ms)
			DisableScriptedObjects (5ms)
			BackupInstance (0ms)
			ReleaseScriptingObjects (0ms)
			CreateAndSetChildDomain (16ms)
		EndReloadAssembly (802ms)
			LoadAssemblies (88ms)
			RebuildTransferFunctionScriptingTraits (0ms)
			SetupTypeCache (267ms)
			ReleaseScriptCaches (1ms)
			RebuildScriptCaches (51ms)
			SetupLoadedEditorAssemblies (355ms)
				LogAssemblyErrors (0ms)
				InitializePlatformSupportModulesInManaged (6ms)
				SetLoadedEditorAssemblies (0ms)
				RefreshPlugins (1ms)
				BeforeProcessingInitializeOnLoad (93ms)
				ProcessInitializeOnLoadAttributes (219ms)
				ProcessInitializeOnLoadMethodAttributes (28ms)
				AfterProcessingInitializeOnLoad (9ms)
				EditorAssembliesLoaded (0ms)
			ExecutionOrderSort2 (0ms)
			AwakeInstancesAfterBackupRestoration (5ms)
Platform modules already initialized, skipping
========================================================================
Worker process is ready to serve import requests
Launched and connected shader compiler UnityShaderCompiler.exe after 0.10 seconds
Refreshing native plugins compatible for Editor in 2.30 ms, found 3 plugins.
Preloading 0 native plugins for Editor in 0.00 ms.
Unloading 3386 Unused Serialized files (Serialized files now loaded: 0)
Unloading 27 unused Assets / (111.1 KB). Loaded Objects now: 3846.
Memory consumption went from 119.9 MB to 119.8 MB.
Total: 3.187000 ms (FindLiveObjects: 0.393600 ms CreateObjectMapping: 0.328400 ms MarkObjects: 2.371500 ms  DeleteObjects: 0.092600 ms)

AssetImportParameters requested are different than current active one (requested -> active):
  custom:video-decoder-ogg-theora: a1e56fd34408186e4bbccfd4996cb3dc -> 
  custom:container-muxer-webm: aa71ff27fc2769a1b78a27578f13a17b -> 
  custom:container-demuxer-webm: 4f35f7cbe854078d1ac9338744f61a02 -> 
  custom:video-encoder-webm-vp8: eb34c28f22e8b96e1ab97ce403110664 -> 
  custom:audio-encoder-webm-vorbis: bf7c407c2cedff20999df2af8eb42d56 -> 
  custom:framework-win-MediaFoundation: 216162199b28c13a410421893ffa2e32 -> 
  custom:container-demuxer-ogg: 62fdf1f143b41e24485cea50d1cbac27 -> 
  custom:video-decoder-webm-vp8: 9c59270c3fd7afecdb556c50c9e8de78 -> 
  custom:audio-decoder-ogg-vorbis: bf7c407c2cedff20999df2af8eb42d56 -> 
========================================================================
Received Import Request.
  Time since last request: 563821.838923 seconds.
  path: Assets/Models/Nature pack extended/naturePack_038.obj
  artifactKey: Guid(34dab8ca890b07b409d877c6d090d34d) Importer(815301076,1909f56bfc062723c751e8b465ee728b)
Start importing Assets/Models/Nature pack extended/naturePack_038.obj using Guid(34dab8ca890b07b409d877c6d090d34d) Importer(815301076,1909f56bfc062723c751e8b465ee728b)  -> (artifact id: 'd2b8f0d867202da13ca33f9f35e6e982') in 0.136434 seconds 
========================================================================
Received Import Request.
  Time since last request: 0.928927 seconds.
  path: Assets/Models/Nature pack extended/naturePack_047.obj
  artifactKey: Guid(99bc05d4705c096418bf818637eb877c) Importer(815301076,1909f56bfc062723c751e8b465ee728b)
Start importing Assets/Models/Nature pack extended/naturePack_047.obj using Guid(99bc05d4705c096418bf818637eb877c) Importer(815301076,1909f56bfc062723c751e8b465ee728b)  -> (artifact id: '80d930b2e4272812d6877b547eca63c0') in 0.037927 seconds 
========================================================================
Received Import Request.
  Time since last request: 0.000038 seconds.
  path: Assets/Models/Nature pack extended/naturePack_051.obj
  artifactKey: Guid(bb7af1ff296f4704c85d108c986c7d7c) Importer(815301076,1909f56bfc062723c751e8b465ee728b)
Start importing Assets/Models/Nature pack extended/naturePack_051.obj using Guid(bb7af1ff296f4704c85d108c986c7d7c) Importer(815301076,1909f56bfc062723c751e8b465ee728b)  -> (artifact id: '29d1d6bca52e59313254081d9a8c4950') in 0.045857 seconds 
========================================================================
Received Import Request.
  Time since last request: 1.001340 seconds.
  path: Assets/Models/Nature pack extended/naturePack_065.obj
  artifactKey: Guid(8c6c7c16b3657434593e92af26aa1fff) Importer(815301076,1909f56bfc062723c751e8b465ee728b)
Start importing Assets/Models/Nature pack extended/naturePack_065.obj using Guid(8c6c7c16b3657434593e92af26aa1fff) Importer(815301076,1909f56bfc062723c751e8b465ee728b)  -> (artifact id: '00c4673b1218a0f8eb29d0ce6e23e0c5') in 0.027768 seconds 
========================================================================
Received Import Request.
  Time since last request: 0.000038 seconds.
  path: Assets/Models/Nature pack extended/naturePack_067.obj
  artifactKey: Guid(c478c00864de2df4cbb2395702dc44d8) Importer(815301076,1909f56bfc062723c751e8b465ee728b)
Start importing Assets/Models/Nature pack extended/naturePack_067.obj using Guid(c478c00864de2df4cbb2395702dc44d8) Importer(815301076,1909f56bfc062723c751e8b465ee728b)  -> (artifact id: 'b9920bd461dc0ba91351ea3e48abc819') in 0.022441 seconds 
========================================================================
Received Import Request.
  Time since last request: 3.918253 seconds.
  path: Assets/Models/Nature pack extended/naturePack_073.obj
  artifactKey: Guid(8dc6370ee53e3644b9a2b707f7b689f3) Importer(815301076,1909f56bfc062723c751e8b465ee728b)
Start importing Assets/Models/Nature pack extended/naturePack_073.obj using Guid(8dc6370ee53e3644b9a2b707f7b689f3) Importer(815301076,1909f56bfc062723c751e8b465ee728b)  -> (artifact id: '5737af65c7c28774fc768db8b2c05668') in 0.040764 seconds 
========================================================================
Received Import Request.
  Time since last request: 0.000039 seconds.
  path: Assets/Models/Nature pack extended/naturePack_078.obj
  artifactKey: Guid(9ecbf57df6fb0944293a3b91f91f3723) Importer(815301076,1909f56bfc062723c751e8b465ee728b)
Start importing Assets/Models/Nature pack extended/naturePack_078.obj using Guid(9ecbf57df6fb0944293a3b91f91f3723) Importer(815301076,1909f56bfc062723c751e8b465ee728b)  -> (artifact id: 'e573585609f4794bd2534da7a44abb61') in 0.032637 seconds 
========================================================================
Received Import Request.
  Time since last request: 0.000020 seconds.
  path: Assets/Models/Nature pack extended/naturePack_079.obj
  artifactKey: Guid(cd807db00dd5fcb4f97500d22e83d4e7) Importer(815301076,1909f56bfc062723c751e8b465ee728b)
Start importing Assets/Models/Nature pack extended/naturePack_079.obj using Guid(cd807db00dd5fcb4f97500d22e83d4e7) Importer(815301076,1909f56bfc062723c751e8b465ee728b)  -> (artifact id: '4672815cb5db5823dd0c7641894756f8') in 0.027594 seconds 
========================================================================
Received Import Request.
  Time since last request: 1.825170 seconds.
  path: Assets/Models/Nature pack extended/naturePack_113.obj
  artifactKey: Guid(543d0401efe0b4642b3635f6d89ce881) Importer(815301076,1909f56bfc062723c751e8b465ee728b)
Start importing Assets/Models/Nature pack extended/naturePack_113.obj using Guid(543d0401efe0b4642b3635f6d89ce881) Importer(815301076,1909f56bfc062723c751e8b465ee728b)  -> (artifact id: 'dbe845e0525025b493805103cddbb63d') in 0.027756 seconds 
========================================================================
Received Import Request.
  Time since last request: 3.687982 seconds.
  path: Assets/Models/Nature pack extended/naturePack_118.obj
  artifactKey: Guid(6b8209749ff0bd84888faeea723f5014) Importer(815301076,1909f56bfc062723c751e8b465ee728b)
Start importing Assets/Models/Nature pack extended/naturePack_118.obj using Guid(6b8209749ff0bd84888faeea723f5014) Importer(815301076,1909f56bfc062723c751e8b465ee728b)  -> (artifact id: '46e0311878ba7852205d4aea0adaab81') in 0.032429 seconds 
========================================================================
Received Import Request.
  Time since last request: 0.000018 seconds.
  path: Assets/Models/Nature pack extended/naturePack_122.obj
  artifactKey: Guid(f2ac4abad5ccf2a4a826800d1301893e) Importer(815301076,1909f56bfc062723c751e8b465ee728b)
Start importing Assets/Models/Nature pack extended/naturePack_122.obj using Guid(f2ac4abad5ccf2a4a826800d1301893e) Importer(815301076,1909f56bfc062723c751e8b465ee728b)  -> (artifact id: '22cafe2b784537c7ce37a1dddec54ed5') in 0.032479 seconds 
========================================================================
Received Import Request.
  Time since last request: 0.000022 seconds.
  path: Assets/Models/Nature pack extended/naturePack_127.obj
  artifactKey: Guid(5db7a9b4656b4be4d8b934c0ef094731) Importer(815301076,1909f56bfc062723c751e8b465ee728b)
Start importing Assets/Models/Nature pack extended/naturePack_127.obj using Guid(5db7a9b4656b4be4d8b934c0ef094731) Importer(815301076,1909f56bfc062723c751e8b465ee728b)  -> (artifact id: '24db19876363a73ae6e40f29d1851f28') in 0.032822 seconds 
========================================================================
Received Import Request.
  Time since last request: 0.825378 seconds.
  path: Assets/Models/Nature pack extended/naturePack_138.obj
  artifactKey: Guid(4cb895a60f92b674384c5e3695479306) Importer(815301076,1909f56bfc062723c751e8b465ee728b)
Start importing Assets/Models/Nature pack extended/naturePack_138.obj using Guid(4cb895a60f92b674384c5e3695479306) Importer(815301076,1909f56bfc062723c751e8b465ee728b)  -> (artifact id: 'cf05d47e3dd5cba2a8f4ff9a30e46edc') in 0.025568 seconds 
========================================================================
Received Import Request.
  Time since last request: 0.034970 seconds.
  path: Assets/Models/Nature pack extended/naturePack_149.obj
  artifactKey: Guid(66be1c7d506eebb4db8d01bd875eecac) Importer(815301076,1909f56bfc062723c751e8b465ee728b)
Start importing Assets/Models/Nature pack extended/naturePack_149.obj using Guid(66be1c7d506eebb4db8d01bd875eecac) Importer(815301076,1909f56bfc062723c751e8b465ee728b)  -> (artifact id: 'c02faa947829e4204cccf0ef8db527bf') in 0.027848 seconds 
========================================================================
Received Import Request.
  Time since last request: 1.793920 seconds.
  path: Assets/Models/Nature pack extended/naturePack_163.obj
  artifactKey: Guid(85ecba51cca78af44842aa1cee7b5594) Importer(815301076,1909f56bfc062723c751e8b465ee728b)
Start importing Assets/Models/Nature pack extended/naturePack_163.obj using Guid(85ecba51cca78af44842aa1cee7b5594) Importer(815301076,1909f56bfc062723c751e8b465ee728b)  -> (artifact id: '724c0d85c850d391a343702b027cc63c') in 0.034581 seconds 
========================================================================
Received Import Request.
  Time since last request: 2.049773 seconds.
  path: Assets/Models/Nature pack extended/naturePack_170.obj
  artifactKey: Guid(a034032118ee8ae42ae5f22672f18a09) Importer(815301076,1909f56bfc062723c751e8b465ee728b)
Start importing Assets/Models/Nature pack extended/naturePack_170.obj using Guid(a034032118ee8ae42ae5f22672f18a09) Importer(815301076,1909f56bfc062723c751e8b465ee728b)  -> (artifact id: '046933ea3f16317322a559e50ccfb319') in 0.034607 seconds 
========================================================================
Received Import Request.
  Time since last request: 0.000043 seconds.
  path: Assets/Models/Nature pack extended/naturePack_flat_001.obj
  artifactKey: Guid(3b65de07e7e0332469fd446e928febb1) Importer(815301076,1909f56bfc062723c751e8b465ee728b)
Start importing Assets/Models/Nature pack extended/naturePack_flat_001.obj using Guid(3b65de07e7e0332469fd446e928febb1) Importer(815301076,1909f56bfc062723c751e8b465ee728b)  -> (artifact id: '5867ed866ceb0b4e2e210b7be68d4f1f') in 0.031550 seconds 
========================================================================
Received Import Request.
  Time since last request: 0.000051 seconds.
  path: Assets/Models/Nature pack extended/naturePack_flat_002.obj
  artifactKey: Guid(e6e60fbde48eded45af1306d1a2cc222) Importer(815301076,1909f56bfc062723c751e8b465ee728b)
Start importing Assets/Models/Nature pack extended/naturePack_flat_002.obj using Guid(e6e60fbde48eded45af1306d1a2cc222) Importer(815301076,1909f56bfc062723c751e8b465ee728b)  -> (artifact id: '401ced711b0d1465277e5dd48a597c96') in 0.038568 seconds 
========================================================================
Received Import Request.
  Time since last request: 0.000032 seconds.
  path: Assets/Models/Nature pack extended/naturePack_flat_009.obj
  artifactKey: Guid(a970dd7937949844aa6b2b4d9422e0b7) Importer(815301076,1909f56bfc062723c751e8b465ee728b)
Start importing Assets/Models/Nature pack extended/naturePack_flat_009.obj using Guid(a970dd7937949844aa6b2b4d9422e0b7) Importer(815301076,1909f56bfc062723c751e8b465ee728b)  -> (artifact id: '0b998d90ac04fa1e8356b548cbc75011') in 0.070895 seconds 
Editor requested this worker to shutdown with reason: Scaling down because of idle timeout
AssetImportWorker is now disconnected from the server
Process exiting
Exiting without the bug reporter. Application will terminate with return code 0