Using pre-set license
Built from '2021.3/staging' branch; Version is '2021.3.4f1 (cb45f9cae8b7) revision 13321721'; Using compiler version '192829333'; Build Type 'Release'
OS: 'Windows 11  (10.0.22000) 64bit Professional' Language: 'es' Physical Memory: 32611 MB
BatchMode: 1, IsHumanControllingUs: 0, StartBugReporterOnCrash: 0, Is64bit: 1, IsPro: 1

COMMAND LINE ARGUMENTS:
C:\Program Files\Unity\Hub\Editor\2021.3.4f1\Editor\Unity.exe
-adb2
-batchMode
-noUpm
-name
AssetImportWorker5
-projectPath
C:/Users/Nachio/Documents/GitHub/holbertonschool-unity/0x05-unity-assets_models_textures/My project (1)
-logFile
Logs/AssetImportWorker5.log
-srvPort
50925
Successfully changed project path to: C:/Users/Nachio/Documents/GitHub/holbertonschool-unity/0x05-unity-assets_models_textures/My project (1)
C:/Users/Nachio/Documents/GitHub/holbertonschool-unity/0x05-unity-assets_models_textures/My project (1)
[UnityMemory] Configuration Parameters - Can be set up in boot.config
    "memorysetup-bucket-allocator-granularity=16"
    "memorysetup-bucket-allocator-bucket-count=8"
    "memorysetup-bucket-allocator-block-size=33554432"
    "memorysetup-bucket-allocator-block-count=8"
    "memorysetup-main-allocator-block-size=16777216"
    "memorysetup-thread-allocator-block-size=16777216"
    "memorysetup-gfx-main-allocator-block-size=16777216"
    "memorysetup-gfx-thread-allocator-block-size=16777216"
    "memorysetup-cache-allocator-block-size=4194304"
    "memorysetup-typetree-allocator-block-size=2097152"
    "memorysetup-profiler-bucket-allocator-granularity=16"
    "memorysetup-profiler-bucket-allocator-bucket-count=8"
    "memorysetup-profiler-bucket-allocator-block-size=33554432"
    "memorysetup-profiler-bucket-allocator-block-count=8"
    "memorysetup-profiler-allocator-block-size=16777216"
    "memorysetup-profiler-editor-allocator-block-size=1048576"
    "memorysetup-temp-allocator-size-main=16777216"
    "memorysetup-job-temp-allocator-block-size=2097152"
    "memorysetup-job-temp-allocator-block-size-background=1048576"
    "memorysetup-job-temp-allocator-reduction-small-platforms=262144"
    "memorysetup-temp-allocator-size-background-worker=32768"
    "memorysetup-temp-allocator-size-job-worker=262144"
    "memorysetup-temp-allocator-size-preload-manager=33554432"
    "memorysetup-temp-allocator-size-nav-mesh-worker=65536"
    "memorysetup-temp-allocator-size-audio-worker=65536"
    "memorysetup-temp-allocator-size-cloud-worker=32768"
    "memorysetup-temp-allocator-size-gi-baking-worker=262144"
    "memorysetup-temp-allocator-size-gfx=262144"
Refreshing native plugins compatible for Editor in 96.88 ms, found 3 plugins.
Preloading 0 native plugins for Editor in 0.00 ms.
Initialize engine version: 2021.3.4f1 (cb45f9cae8b7)
[Subsystems] Discovering subsystems at path C:/Program Files/Unity/Hub/Editor/2021.3.4f1/Editor/Data/Resources/UnitySubsystems
[Subsystems] Discovering subsystems at path C:/Users/Nachio/Documents/GitHub/holbertonschool-unity/0x05-unity-assets_models_textures/My project (1)/Assets
GfxDevice: creating device client; threaded=0; jobified=0
Direct3D:
    Version:  Direct3D 11.0 [level 11.1]
    Renderer: NVIDIA GeForce GTX 1080 Ti (ID=0x1b06)
    Vendor:   NVIDIA
    VRAM:     11128 MB
    Driver:   30.0.14.9649
Initialize mono
Mono path[0] = 'C:/Program Files/Unity/Hub/Editor/2021.3.4f1/Editor/Data/Managed'
Mono path[1] = 'C:/Program Files/Unity/Hub/Editor/2021.3.4f1/Editor/Data/MonoBleedingEdge/lib/mono/unityjit-win32'
Mono config path = 'C:/Program Files/Unity/Hub/Editor/2021.3.4f1/Editor/Data/MonoBleedingEdge/etc'
Using monoOptions --debugger-agent=transport=dt_socket,embedding=1,server=y,suspend=n,address=127.0.0.1:56272
Begin MonoManager ReloadAssembly
Registering precompiled unity dll's ...
Register platform support module: C:/Program Files/Unity/Hub/Editor/2021.3.4f1/Editor/Data/PlaybackEngines/WindowsStandaloneSupport/UnityEditor.WindowsStandalone.Extensions.dll
Registered in 0.006277 seconds.
Native extension for WindowsStandalone target not found
Refreshing native plugins compatible for Editor in 82.01 ms, found 3 plugins.
Preloading 0 native plugins for Editor in 0.00 ms.
Mono: successfully reloaded assembly
- Completed reload, in  0.629 seconds
Domain Reload Profiling:
	ReloadAssembly (629ms)
		BeginReloadAssembly (89ms)
			ExecutionOrderSort (0ms)
			DisableScriptedObjects (0ms)
			BackupInstance (0ms)
			ReleaseScriptingObjects (0ms)
			CreateAndSetChildDomain (1ms)
		EndReloadAssembly (417ms)
			LoadAssemblies (85ms)
			RebuildTransferFunctionScriptingTraits (0ms)
			SetupTypeCache (102ms)
			ReleaseScriptCaches (0ms)
			RebuildScriptCaches (26ms)
			SetupLoadedEditorAssemblies (240ms)
				LogAssemblyErrors (0ms)
				InitializePlatformSupportModulesInManaged (7ms)
				SetLoadedEditorAssemblies (1ms)
				RefreshPlugins (82ms)
				BeforeProcessingInitializeOnLoad (1ms)
				ProcessInitializeOnLoadAttributes (110ms)
				ProcessInitializeOnLoadMethodAttributes (40ms)
				AfterProcessingInitializeOnLoad (0ms)
				EditorAssembliesLoaded (0ms)
			ExecutionOrderSort2 (0ms)
			AwakeInstancesAfterBackupRestoration (0ms)
Platform modules already initialized, skipping
Registering precompiled user dll's ...
Registered in 0.006878 seconds.
Begin MonoManager ReloadAssembly
Symbol file LoadedFromMemory doesn't match image C:\Users\Nachio\Documents\GitHub\holbertonschool-unity\0x05-unity-assets_models_textures\My project (1)\Library\PackageCache\com.unity.visualscripting@1.7.8\Editor\VisualScripting.Core\Dependencies\YamlDotNet\Unity.VisualScripting.YamlDotNet.dll
Symbol file LoadedFromMemory doesn't match image C:\Users\Nachio\Documents\GitHub\holbertonschool-unity\0x05-unity-assets_models_textures\My project (1)\Library\PackageCache\com.unity.visualscripting@1.7.8\Editor\VisualScripting.Core\Dependencies\DotNetZip\Unity.VisualScripting.IonicZip.dll
Native extension for WindowsStandalone target not found
Refreshing native plugins compatible for Editor in 0.80 ms, found 3 plugins.
Preloading 0 native plugins for Editor in 0.00 ms.
Mono: successfully reloaded assembly
- Completed reload, in  1.270 seconds
Domain Reload Profiling:
	ReloadAssembly (1270ms)
		BeginReloadAssembly (110ms)
			ExecutionOrderSort (0ms)
			DisableScriptedObjects (5ms)
			BackupInstance (0ms)
			ReleaseScriptingObjects (0ms)
			CreateAndSetChildDomain (17ms)
		EndReloadAssembly (1056ms)
			LoadAssemblies (94ms)
			RebuildTransferFunctionScriptingTraits (0ms)
			SetupTypeCache (401ms)
			ReleaseScriptCaches (1ms)
			RebuildScriptCaches (73ms)
			SetupLoadedEditorAssemblies (440ms)
				LogAssemblyErrors (0ms)
				InitializePlatformSupportModulesInManaged (7ms)
				SetLoadedEditorAssemblies (0ms)
				RefreshPlugins (1ms)
				BeforeProcessingInitializeOnLoad (114ms)
				ProcessInitializeOnLoadAttributes (278ms)
				ProcessInitializeOnLoadMethodAttributes (31ms)
				AfterProcessingInitializeOnLoad (9ms)
				EditorAssembliesLoaded (0ms)
			ExecutionOrderSort2 (0ms)
			AwakeInstancesAfterBackupRestoration (6ms)
Platform modules already initialized, skipping
========================================================================
Worker process is ready to serve import requests
Launched and connected shader compiler UnityShaderCompiler.exe after 0.09 seconds
Refreshing native plugins compatible for Editor in 1.19 ms, found 3 plugins.
Preloading 0 native plugins for Editor in 0.00 ms.
Unloading 3386 Unused Serialized files (Serialized files now loaded: 0)
Unloading 27 unused Assets / (111.3 KB). Loaded Objects now: 3844.
Memory consumption went from 122.0 MB to 121.8 MB.
Total: 3.538400 ms (FindLiveObjects: 0.407700 ms CreateObjectMapping: 0.286400 ms MarkObjects: 2.685200 ms  DeleteObjects: 0.158300 ms)

AssetImportParameters requested are different than current active one (requested -> active):
  custom:video-decoder-ogg-theora: a1e56fd34408186e4bbccfd4996cb3dc -> 
  custom:container-muxer-webm: aa71ff27fc2769a1b78a27578f13a17b -> 
  custom:container-demuxer-webm: 4f35f7cbe854078d1ac9338744f61a02 -> 
  custom:video-encoder-webm-vp8: eb34c28f22e8b96e1ab97ce403110664 -> 
  custom:audio-encoder-webm-vorbis: bf7c407c2cedff20999df2af8eb42d56 -> 
  custom:framework-win-MediaFoundation: 216162199b28c13a410421893ffa2e32 -> 
  custom:container-demuxer-ogg: 62fdf1f143b41e24485cea50d1cbac27 -> 
  custom:video-decoder-webm-vp8: 9c59270c3fd7afecdb556c50c9e8de78 -> 
  custom:audio-decoder-ogg-vorbis: bf7c407c2cedff20999df2af8eb42d56 -> 
========================================================================
Received Import Request.
  Time since last request: 555743.126265 seconds.
  path: Assets/Models/naturePack_072.obj
  artifactKey: Guid(595c054b20cf45e478e5b30a752f3b77) Importer(815301076,1909f56bfc062723c751e8b465ee728b)
Start importing Assets/Models/naturePack_072.obj using Guid(595c054b20cf45e478e5b30a752f3b77) Importer(815301076,1909f56bfc062723c751e8b465ee728b)  -> (artifact id: 'dc5a9d792101d0be52775f0759752acd') in 0.172735 seconds 
========================================================================
Received Import Request.
  Time since last request: 0.302719 seconds.
  path: Assets/Models/naturePack_080.obj
  artifactKey: Guid(22c0f207b8a8c0f488744fe5d0590f66) Importer(815301076,1909f56bfc062723c751e8b465ee728b)
Start importing Assets/Models/naturePack_080.obj using Guid(22c0f207b8a8c0f488744fe5d0590f66) Importer(815301076,1909f56bfc062723c751e8b465ee728b)  -> (artifact id: '5601bdb904b1f0399b3aa33042131f83') in 0.037747 seconds 
========================================================================
Received Import Request.
  Time since last request: 0.000072 seconds.
  path: Assets/Models/naturePack_086.obj
  artifactKey: Guid(b30599281c0a9df449aa9d0f79c1e8dd) Importer(815301076,1909f56bfc062723c751e8b465ee728b)
Start importing Assets/Models/naturePack_086.obj using Guid(b30599281c0a9df449aa9d0f79c1e8dd) Importer(815301076,1909f56bfc062723c751e8b465ee728b)  -> (artifact id: '242525f5ce0454615cabd1a29b2fea33') in 0.040071 seconds 
========================================================================
Received Import Request.
  Time since last request: 0.000029 seconds.
  path: Assets/Models/naturePack_095.obj
  artifactKey: Guid(856ff61197f737b448848d85749da14f) Importer(815301076,1909f56bfc062723c751e8b465ee728b)
Start importing Assets/Models/naturePack_095.obj using Guid(856ff61197f737b448848d85749da14f) Importer(815301076,1909f56bfc062723c751e8b465ee728b)  -> (artifact id: '05247b03153885c2dc50038542d018c0') in 0.040338 seconds 
========================================================================
Received Import Request.
  Time since last request: 0.000028 seconds.
  path: Assets/Models/naturePack_089.obj
  artifactKey: Guid(84a7caf76ecddf44397c14b46c8eb139) Importer(815301076,1909f56bfc062723c751e8b465ee728b)
Start importing Assets/Models/naturePack_089.obj using Guid(84a7caf76ecddf44397c14b46c8eb139) Importer(815301076,1909f56bfc062723c751e8b465ee728b)  -> (artifact id: '80d7c05466f1e3387157d3074efdd785') in 0.025597 seconds 
========================================================================
Received Import Request.
  Time since last request: 0.275580 seconds.
  path: Assets/Models/naturePack_102.obj
  artifactKey: Guid(c30a9d2867efff04cb11adf2f0ed13e5) Importer(815301076,1909f56bfc062723c751e8b465ee728b)
Start importing Assets/Models/naturePack_102.obj using Guid(c30a9d2867efff04cb11adf2f0ed13e5) Importer(815301076,1909f56bfc062723c751e8b465ee728b)  -> (artifact id: '5c6a95a225bf949de673ffa90f6f7a42') in 0.032970 seconds 
========================================================================
Received Import Request.
  Time since last request: 0.000018 seconds.
  path: Assets/Models/naturePack_111.obj
  artifactKey: Guid(43020fef52373d145b38f7848e9c8b33) Importer(815301076,1909f56bfc062723c751e8b465ee728b)
Start importing Assets/Models/naturePack_111.obj using Guid(43020fef52373d145b38f7848e9c8b33) Importer(815301076,1909f56bfc062723c751e8b465ee728b)  -> (artifact id: 'e011256f60c4f64235a70fb57156a4ac') in 0.041214 seconds 
========================================================================
Received Import Request.
  Time since last request: 0.000034 seconds.
  path: Assets/Models/naturePack_115.obj
  artifactKey: Guid(0953b7c7fea965d438406d201d94b262) Importer(815301076,1909f56bfc062723c751e8b465ee728b)
Start importing Assets/Models/naturePack_115.obj using Guid(0953b7c7fea965d438406d201d94b262) Importer(815301076,1909f56bfc062723c751e8b465ee728b)  -> (artifact id: 'd9b76276d9f7173d9276681bd31cdd77') in 0.035726 seconds 
========================================================================
Received Import Request.
  Time since last request: 0.000021 seconds.
  path: Assets/Models/naturePack_125.obj
  artifactKey: Guid(7e2f4cdc04f15ef4282487e79f3e9cf8) Importer(815301076,1909f56bfc062723c751e8b465ee728b)
Start importing Assets/Models/naturePack_125.obj using Guid(7e2f4cdc04f15ef4282487e79f3e9cf8) Importer(815301076,1909f56bfc062723c751e8b465ee728b)  -> (artifact id: 'b9b7339d4f023263854d96ec959d5536') in 0.047526 seconds 
========================================================================
Received Import Request.
  Time since last request: 0.000037 seconds.
  path: Assets/Models/naturePack_113.obj
  artifactKey: Guid(9d7629abd9f3f234593a5dd36922da68) Importer(815301076,1909f56bfc062723c751e8b465ee728b)
Start importing Assets/Models/naturePack_113.obj using Guid(9d7629abd9f3f234593a5dd36922da68) Importer(815301076,1909f56bfc062723c751e8b465ee728b)  -> (artifact id: 'e3a0213eec8b2c5a1463a1724b4dedb8') in 0.036582 seconds 
========================================================================
Received Import Request.
  Time since last request: 0.000021 seconds.
  path: Assets/Models/naturePack_106.obj
  artifactKey: Guid(ada4aa4fb9904d34f8c3c97c493300d2) Importer(815301076,1909f56bfc062723c751e8b465ee728b)
Start importing Assets/Models/naturePack_106.obj using Guid(ada4aa4fb9904d34f8c3c97c493300d2) Importer(815301076,1909f56bfc062723c751e8b465ee728b)  -> (artifact id: 'bd5b9cc53edc9b4b02aa2cc8fa690aec') in 0.028979 seconds 
========================================================================
Received Import Request.
  Time since last request: 0.127961 seconds.
  path: Assets/Models/naturePack_132.obj
  artifactKey: Guid(667fdd7ad585f154381ed34bd90801ee) Importer(815301076,1909f56bfc062723c751e8b465ee728b)
Start importing Assets/Models/naturePack_132.obj using Guid(667fdd7ad585f154381ed34bd90801ee) Importer(815301076,1909f56bfc062723c751e8b465ee728b)  -> (artifact id: 'bf756ba576aac54fee0633c42a1a830c') in 0.039014 seconds 
========================================================================
Received Import Request.
  Time since last request: 0.000021 seconds.
  path: Assets/Models/naturePack_137.obj
  artifactKey: Guid(c80255c316e19254a9b972fde681a823) Importer(815301076,1909f56bfc062723c751e8b465ee728b)
Start importing Assets/Models/naturePack_137.obj using Guid(c80255c316e19254a9b972fde681a823) Importer(815301076,1909f56bfc062723c751e8b465ee728b)  -> (artifact id: '6a9aefa4a81affa4090ef17efa447465') in 0.032863 seconds 
========================================================================
Received Import Request.
  Time since last request: 0.000016 seconds.
  path: Assets/Models/naturePack_153.obj
  artifactKey: Guid(95d894bf3bbee344db9d88677f32f2f9) Importer(815301076,1909f56bfc062723c751e8b465ee728b)
Start importing Assets/Models/naturePack_153.obj using Guid(95d894bf3bbee344db9d88677f32f2f9) Importer(815301076,1909f56bfc062723c751e8b465ee728b)  -> (artifact id: '8486500ad5417f228ff6feb70e536d58') in 0.029673 seconds 
========================================================================
Received Import Request.
  Time since last request: 0.000033 seconds.
  path: Assets/Models/naturePack_155.obj
  artifactKey: Guid(3e88845bec9f4344aa5b304a97322961) Importer(815301076,1909f56bfc062723c751e8b465ee728b)
Start importing Assets/Models/naturePack_155.obj using Guid(3e88845bec9f4344aa5b304a97322961) Importer(815301076,1909f56bfc062723c751e8b465ee728b)  -> (artifact id: '60c92e00994c816f22669dae0bdba0a1') in 0.034028 seconds 
========================================================================
Received Import Request.
  Time since last request: 0.000051 seconds.
  path: Assets/Models/naturePack_140.obj
  artifactKey: Guid(f04e8d983e7a79c469ce0f578300162b) Importer(815301076,1909f56bfc062723c751e8b465ee728b)
Start importing Assets/Models/naturePack_140.obj using Guid(f04e8d983e7a79c469ce0f578300162b) Importer(815301076,1909f56bfc062723c751e8b465ee728b)  -> (artifact id: '6c4e489b9f59a3ebee7fcb9af1b35962') in 0.037528 seconds 
========================================================================
Received Import Request.
  Time since last request: 0.000025 seconds.
  path: Assets/Models/naturePack_133.obj
  artifactKey: Guid(f021cd9383cb62540875d25e14baca41) Importer(815301076,1909f56bfc062723c751e8b465ee728b)
Start importing Assets/Models/naturePack_133.obj using Guid(f021cd9383cb62540875d25e14baca41) Importer(815301076,1909f56bfc062723c751e8b465ee728b)  -> (artifact id: '39557c72c845ca2abb99d6a5c08d5f88') in 0.042034 seconds 
========================================================================
Received Import Request.
  Time since last request: 0.171951 seconds.
  path: Assets/Models/naturePack_162.obj
  artifactKey: Guid(7c8544fcb23bf63428945c2cf5e44189) Importer(815301076,1909f56bfc062723c751e8b465ee728b)
Start importing Assets/Models/naturePack_162.obj using Guid(7c8544fcb23bf63428945c2cf5e44189) Importer(815301076,1909f56bfc062723c751e8b465ee728b)  -> (artifact id: '1311eaff184eebe33af9f4e3956a57d9') in 0.040079 seconds 
========================================================================
Received Import Request.
  Time since last request: 0.000018 seconds.
  path: Assets/Models/naturePack_171.obj
  artifactKey: Guid(486043613f3992f4f95fe0720e6f1a8b) Importer(815301076,1909f56bfc062723c751e8b465ee728b)
Start importing Assets/Models/naturePack_171.obj using Guid(486043613f3992f4f95fe0720e6f1a8b) Importer(815301076,1909f56bfc062723c751e8b465ee728b)  -> (artifact id: '40698ec4e48f6e5a9bb15216dd77c61d') in 0.030268 seconds 
========================================================================
Received Import Request.
  Time since last request: 0.000046 seconds.
  path: Assets/Models/naturePack_flat_007.obj
  artifactKey: Guid(9d5c53697bdb3504d9f7d7dac6735296) Importer(815301076,1909f56bfc062723c751e8b465ee728b)
Start importing Assets/Models/naturePack_flat_007.obj using Guid(9d5c53697bdb3504d9f7d7dac6735296) Importer(815301076,1909f56bfc062723c751e8b465ee728b)  -> (artifact id: 'ed249bbacddda83fe738cd80691670aa') in 0.036262 seconds 
========================================================================
Received Import Request.
  Time since last request: 0.000017 seconds.
  path: Assets/Models/naturePack_flat_011.obj
  artifactKey: Guid(6cee7f0877b304244919a8c52a9aaf79) Importer(815301076,1909f56bfc062723c751e8b465ee728b)
Start importing Assets/Models/naturePack_flat_011.obj using Guid(6cee7f0877b304244919a8c52a9aaf79) Importer(815301076,1909f56bfc062723c751e8b465ee728b)  -> (artifact id: '335c78c7ba8be270eed2ef22cbd42a35') in 0.074003 seconds 
========================================================================
Received Import Request.
  Time since last request: 0.000025 seconds.
  path: Assets/Models/naturePack_flat_005.obj
  artifactKey: Guid(c1e94be7dbcafd143a4851e88ba9e39c) Importer(815301076,1909f56bfc062723c751e8b465ee728b)
Start importing Assets/Models/naturePack_flat_005.obj using Guid(c1e94be7dbcafd143a4851e88ba9e39c) Importer(815301076,1909f56bfc062723c751e8b465ee728b)  -> (artifact id: '88376ac18d37ee9b6d7c2987c2b1349e') in 0.077968 seconds 
========================================================================
Received Import Request.
  Time since last request: 0.000028 seconds.
  path: Assets/Models/naturePack_166.obj
  artifactKey: Guid(4270e576024ce6648b22f1d5dbb4e41c) Importer(815301076,1909f56bfc062723c751e8b465ee728b)
Start importing Assets/Models/naturePack_166.obj using Guid(4270e576024ce6648b22f1d5dbb4e41c) Importer(815301076,1909f56bfc062723c751e8b465ee728b)  -> (artifact id: 'a06eaccc24615bafeeb604bf01e31cf4') in 0.038774 seconds 
========================================================================
Received Import Request.
  Time since last request: 373.077326 seconds.
  path: Assets/Materials/Fall_Leafs.mat
  artifactKey: Guid(21a0fe027cdb0534dae7ef37d8c1d9ca) Importer(815301076,1909f56bfc062723c751e8b465ee728b)
Start importing Assets/Materials/Fall_Leafs.mat using Guid(21a0fe027cdb0534dae7ef37d8c1d9ca) Importer(815301076,1909f56bfc062723c751e8b465ee728b)  -> (artifact id: '87b778dc8a520011490e64e9113edcaf') in 0.019336 seconds 
========================================================================
Received Import Request.
  Time since last request: 0.013637 seconds.
  path: Assets/Materials/Leafs.mat
  artifactKey: Guid(efbaa9416ca72f345948d43b9f1b060b) Importer(815301076,1909f56bfc062723c751e8b465ee728b)
Start importing Assets/Materials/Leafs.mat using Guid(efbaa9416ca72f345948d43b9f1b060b) Importer(815301076,1909f56bfc062723c751e8b465ee728b)  -> (artifact id: '711be77db39e4869fe0d94ace05f61a6') in 0.012917 seconds 
========================================================================
Received Import Request.
  Time since last request: 0.001412 seconds.
  path: Assets/Materials/Water.mat
  artifactKey: Guid(04c513523ce165346a9cf5a39655b582) Importer(815301076,1909f56bfc062723c751e8b465ee728b)
Start importing Assets/Materials/Water.mat using Guid(04c513523ce165346a9cf5a39655b582) Importer(815301076,1909f56bfc062723c751e8b465ee728b)  -> (artifact id: 'd91e66a4b914b16001ed07cd5d81149a') in 0.015734 seconds 
========================================================================
Received Import Request.
  Time since last request: 0.000038 seconds.
  path: Assets/Materials/Light_Wood.mat
  artifactKey: Guid(541b128b843adad44ac42f62113784d1) Importer(815301076,1909f56bfc062723c751e8b465ee728b)
Start importing Assets/Materials/Light_Wood.mat using Guid(541b128b843adad44ac42f62113784d1) Importer(815301076,1909f56bfc062723c751e8b465ee728b)  -> (artifact id: '64c08119e7b9fd712a860869288b606c') in 0.016531 seconds 
========================================================================
Received Import Request.
  Time since last request: 0.000023 seconds.
  path: Assets/Materials/Green_leafs.mat
  artifactKey: Guid(dd17dbf5d16df85468191ce98b1dee27) Importer(815301076,1909f56bfc062723c751e8b465ee728b)
Start importing Assets/Materials/Green_leafs.mat using Guid(dd17dbf5d16df85468191ce98b1dee27) Importer(815301076,1909f56bfc062723c751e8b465ee728b)  -> (artifact id: 'aa1ed48ab1a1436cc6f30143b180f1b0') in 0.014796 seconds 
========================================================================
Received Import Request.
  Time since last request: 0.000023 seconds.
  path: Assets/Materials/Green_Roof.mat
  artifactKey: Guid(0a6ad413bb68b8f4b80bcbdd76cc023e) Importer(815301076,1909f56bfc062723c751e8b465ee728b)
Start importing Assets/Materials/Green_Roof.mat using Guid(0a6ad413bb68b8f4b80bcbdd76cc023e) Importer(815301076,1909f56bfc062723c751e8b465ee728b)  -> (artifact id: 'be30b602a08ed53ecd374b46474ead08') in 0.012647 seconds 
Editor requested this worker to shutdown with reason: Scaling down because of idle timeout
AssetImportWorker is now disconnected from the server
Process exiting
Exiting without the bug reporter. Application will terminate with return code 0