Using pre-set license
Built from '2021.3/staging' branch; Version is '2021.3.4f1 (cb45f9cae8b7) revision 13321721'; Using compiler version '192829333'; Build Type 'Release'
OS: 'Windows 11  (10.0.22000) 64bit Professional' Language: 'es' Physical Memory: 32611 MB
BatchMode: 1, IsHumanControllingUs: 0, StartBugReporterOnCrash: 0, Is64bit: 1, IsPro: 1

COMMAND LINE ARGUMENTS:
C:\Program Files\Unity\Hub\Editor\2021.3.4f1\Editor\Unity.exe
-adb2
-batchMode
-noUpm
-name
AssetImportWorker7
-projectPath
C:/Users/Nachio/Documents/GitHub/holbertonschool-unity/0x05-unity-assets_models_textures/My project (1)
-logFile
Logs/AssetImportWorker7.log
-srvPort
50925
Successfully changed project path to: C:/Users/Nachio/Documents/GitHub/holbertonschool-unity/0x05-unity-assets_models_textures/My project (1)
C:/Users/Nachio/Documents/GitHub/holbertonschool-unity/0x05-unity-assets_models_textures/My project (1)
[UnityMemory] Configuration Parameters - Can be set up in boot.config
    "memorysetup-bucket-allocator-granularity=16"
    "memorysetup-bucket-allocator-bucket-count=8"
    "memorysetup-bucket-allocator-block-size=33554432"
    "memorysetup-bucket-allocator-block-count=8"
    "memorysetup-main-allocator-block-size=16777216"
    "memorysetup-thread-allocator-block-size=16777216"
    "memorysetup-gfx-main-allocator-block-size=16777216"
    "memorysetup-gfx-thread-allocator-block-size=16777216"
    "memorysetup-cache-allocator-block-size=4194304"
    "memorysetup-typetree-allocator-block-size=2097152"
    "memorysetup-profiler-bucket-allocator-granularity=16"
    "memorysetup-profiler-bucket-allocator-bucket-count=8"
    "memorysetup-profiler-bucket-allocator-block-size=33554432"
    "memorysetup-profiler-bucket-allocator-block-count=8"
    "memorysetup-profiler-allocator-block-size=16777216"
    "memorysetup-profiler-editor-allocator-block-size=1048576"
    "memorysetup-temp-allocator-size-main=16777216"
    "memorysetup-job-temp-allocator-block-size=2097152"
    "memorysetup-job-temp-allocator-block-size-background=1048576"
    "memorysetup-job-temp-allocator-reduction-small-platforms=262144"
    "memorysetup-temp-allocator-size-background-worker=32768"
    "memorysetup-temp-allocator-size-job-worker=262144"
    "memorysetup-temp-allocator-size-preload-manager=33554432"
    "memorysetup-temp-allocator-size-nav-mesh-worker=65536"
    "memorysetup-temp-allocator-size-audio-worker=65536"
    "memorysetup-temp-allocator-size-cloud-worker=32768"
    "memorysetup-temp-allocator-size-gi-baking-worker=262144"
    "memorysetup-temp-allocator-size-gfx=262144"
Refreshing native plugins compatible for Editor in 82.67 ms, found 3 plugins.
Preloading 0 native plugins for Editor in 0.00 ms.
Initialize engine version: 2021.3.4f1 (cb45f9cae8b7)
[Subsystems] Discovering subsystems at path C:/Program Files/Unity/Hub/Editor/2021.3.4f1/Editor/Data/Resources/UnitySubsystems
[Subsystems] Discovering subsystems at path C:/Users/Nachio/Documents/GitHub/holbertonschool-unity/0x05-unity-assets_models_textures/My project (1)/Assets
GfxDevice: creating device client; threaded=0; jobified=0
Direct3D:
    Version:  Direct3D 11.0 [level 11.1]
    Renderer: NVIDIA GeForce GTX 1080 Ti (ID=0x1b06)
    Vendor:   NVIDIA
    VRAM:     11128 MB
    Driver:   30.0.14.9649
Initialize mono
Mono path[0] = 'C:/Program Files/Unity/Hub/Editor/2021.3.4f1/Editor/Data/Managed'
Mono path[1] = 'C:/Program Files/Unity/Hub/Editor/2021.3.4f1/Editor/Data/MonoBleedingEdge/lib/mono/unityjit-win32'
Mono config path = 'C:/Program Files/Unity/Hub/Editor/2021.3.4f1/Editor/Data/MonoBleedingEdge/etc'
Using monoOptions --debugger-agent=transport=dt_socket,embedding=1,server=y,suspend=n,address=127.0.0.1:56320
Begin MonoManager ReloadAssembly
Registering precompiled unity dll's ...
Register platform support module: C:/Program Files/Unity/Hub/Editor/2021.3.4f1/Editor/Data/PlaybackEngines/WindowsStandaloneSupport/UnityEditor.WindowsStandalone.Extensions.dll
Registered in 0.005756 seconds.
Native extension for WindowsStandalone target not found
Refreshing native plugins compatible for Editor in 90.11 ms, found 3 plugins.
Preloading 0 native plugins for Editor in 0.00 ms.
Mono: successfully reloaded assembly
- Completed reload, in  0.579 seconds
Domain Reload Profiling:
	ReloadAssembly (579ms)
		BeginReloadAssembly (66ms)
			ExecutionOrderSort (0ms)
			DisableScriptedObjects (0ms)
			BackupInstance (0ms)
			ReleaseScriptingObjects (0ms)
			CreateAndSetChildDomain (1ms)
		EndReloadAssembly (415ms)
			LoadAssemblies (63ms)
			RebuildTransferFunctionScriptingTraits (0ms)
			SetupTypeCache (92ms)
			ReleaseScriptCaches (0ms)
			RebuildScriptCaches (24ms)
			SetupLoadedEditorAssemblies (254ms)
				LogAssemblyErrors (0ms)
				InitializePlatformSupportModulesInManaged (7ms)
				SetLoadedEditorAssemblies (0ms)
				RefreshPlugins (90ms)
				BeforeProcessingInitializeOnLoad (1ms)
				ProcessInitializeOnLoadAttributes (115ms)
				ProcessInitializeOnLoadMethodAttributes (41ms)
				AfterProcessingInitializeOnLoad (0ms)
				EditorAssembliesLoaded (0ms)
			ExecutionOrderSort2 (0ms)
			AwakeInstancesAfterBackupRestoration (0ms)
Platform modules already initialized, skipping
Registering precompiled user dll's ...
Registered in 0.006190 seconds.
Begin MonoManager ReloadAssembly
Symbol file LoadedFromMemory doesn't match image C:\Users\Nachio\Documents\GitHub\holbertonschool-unity\0x05-unity-assets_models_textures\My project (1)\Library\PackageCache\com.unity.visualscripting@1.7.8\Editor\VisualScripting.Core\Dependencies\YamlDotNet\Unity.VisualScripting.YamlDotNet.dll
Symbol file LoadedFromMemory doesn't match image C:\Users\Nachio\Documents\GitHub\holbertonschool-unity\0x05-unity-assets_models_textures\My project (1)\Library\PackageCache\com.unity.visualscripting@1.7.8\Editor\VisualScripting.Core\Dependencies\DotNetZip\Unity.VisualScripting.IonicZip.dll
Native extension for WindowsStandalone target not found
Refreshing native plugins compatible for Editor in 0.53 ms, found 3 plugins.
Preloading 0 native plugins for Editor in 0.00 ms.
Mono: successfully reloaded assembly
- Completed reload, in  0.948 seconds
Domain Reload Profiling:
	ReloadAssembly (948ms)
		BeginReloadAssembly (109ms)
			ExecutionOrderSort (0ms)
			DisableScriptedObjects (5ms)
			BackupInstance (0ms)
			ReleaseScriptingObjects (0ms)
			CreateAndSetChildDomain (17ms)
		EndReloadAssembly (726ms)
			LoadAssemblies (84ms)
			RebuildTransferFunctionScriptingTraits (0ms)
			SetupTypeCache (239ms)
			ReleaseScriptCaches (1ms)
			RebuildScriptCaches (42ms)
			SetupLoadedEditorAssemblies (330ms)
				LogAssemblyErrors (0ms)
				InitializePlatformSupportModulesInManaged (5ms)
				SetLoadedEditorAssemblies (0ms)
				RefreshPlugins (1ms)
				BeforeProcessingInitializeOnLoad (85ms)
				ProcessInitializeOnLoadAttributes (206ms)
				ProcessInitializeOnLoadMethodAttributes (24ms)
				AfterProcessingInitializeOnLoad (8ms)
				EditorAssembliesLoaded (0ms)
			ExecutionOrderSort2 (0ms)
			AwakeInstancesAfterBackupRestoration (5ms)
Platform modules already initialized, skipping
========================================================================
Worker process is ready to serve import requests
Launched and connected shader compiler UnityShaderCompiler.exe after 0.10 seconds
Refreshing native plugins compatible for Editor in 0.57 ms, found 3 plugins.
Preloading 0 native plugins for Editor in 0.00 ms.
Unloading 3386 Unused Serialized files (Serialized files now loaded: 0)
Unloading 27 unused Assets / (111.3 KB). Loaded Objects now: 3844.
Memory consumption went from 122.0 MB to 121.8 MB.
Total: 2.824000 ms (FindLiveObjects: 0.274100 ms CreateObjectMapping: 0.229700 ms MarkObjects: 2.236000 ms  DeleteObjects: 0.083500 ms)

AssetImportParameters requested are different than current active one (requested -> active):
  custom:video-decoder-ogg-theora: a1e56fd34408186e4bbccfd4996cb3dc -> 
  custom:container-muxer-webm: aa71ff27fc2769a1b78a27578f13a17b -> 
  custom:container-demuxer-webm: 4f35f7cbe854078d1ac9338744f61a02 -> 
  custom:video-encoder-webm-vp8: eb34c28f22e8b96e1ab97ce403110664 -> 
  custom:audio-encoder-webm-vorbis: bf7c407c2cedff20999df2af8eb42d56 -> 
  custom:framework-win-MediaFoundation: 216162199b28c13a410421893ffa2e32 -> 
  custom:container-demuxer-ogg: 62fdf1f143b41e24485cea50d1cbac27 -> 
  custom:video-decoder-webm-vp8: 9c59270c3fd7afecdb556c50c9e8de78 -> 
  custom:audio-decoder-ogg-vorbis: bf7c407c2cedff20999df2af8eb42d56 -> 
========================================================================
Received Import Request.
  Time since last request: 556264.295732 seconds.
  path: Assets/Nature pack extended/naturePack_002.obj
  artifactKey: Guid(3d5f662ee8f060b4aabc729f0a5962c4) Importer(815301076,1909f56bfc062723c751e8b465ee728b)
Start importing Assets/Nature pack extended/naturePack_002.obj using Guid(3d5f662ee8f060b4aabc729f0a5962c4) Importer(815301076,1909f56bfc062723c751e8b465ee728b)  -> (artifact id: '42743929ba922e0c249a250f27ddcd7b') in 0.143587 seconds 
========================================================================
Received Import Request.
  Time since last request: 0.000018 seconds.
  path: Assets/Nature pack extended/naturePack_013.obj
  artifactKey: Guid(798fbd8e40ae08946840d1acddba5cef) Importer(815301076,1909f56bfc062723c751e8b465ee728b)
Start importing Assets/Nature pack extended/naturePack_013.obj using Guid(798fbd8e40ae08946840d1acddba5cef) Importer(815301076,1909f56bfc062723c751e8b465ee728b)  -> (artifact id: '80d7c0be262f930d5618dd53e295eec8') in 0.022965 seconds 
========================================================================
Received Import Request.
  Time since last request: 0.000027 seconds.
  path: Assets/Nature pack extended/naturePack_028.obj
  artifactKey: Guid(494cd690e2aa77c45a1bfa1b98570df1) Importer(815301076,1909f56bfc062723c751e8b465ee728b)
Start importing Assets/Nature pack extended/naturePack_028.obj using Guid(494cd690e2aa77c45a1bfa1b98570df1) Importer(815301076,1909f56bfc062723c751e8b465ee728b)  -> (artifact id: '36ccc1ca44866c5250a888d32e2d9da3') in 0.020651 seconds 
========================================================================
Received Import Request.
  Time since last request: 0.000023 seconds.
  path: Assets/Nature pack extended/naturePack_008.obj
  artifactKey: Guid(652c9245689d47047968c2020f300db3) Importer(815301076,1909f56bfc062723c751e8b465ee728b)
Start importing Assets/Nature pack extended/naturePack_008.obj using Guid(652c9245689d47047968c2020f300db3) Importer(815301076,1909f56bfc062723c751e8b465ee728b)  -> (artifact id: '31c81e26d92c5e094072126e69dbc4f3') in 0.023389 seconds 
========================================================================
Received Import Request.
  Time since last request: 0.000035 seconds.
  path: Assets/Nature pack extended/naturePack_005.obj
  artifactKey: Guid(6d1e2fc79e792924b93329969ff9258d) Importer(815301076,1909f56bfc062723c751e8b465ee728b)
Start importing Assets/Nature pack extended/naturePack_005.obj using Guid(6d1e2fc79e792924b93329969ff9258d) Importer(815301076,1909f56bfc062723c751e8b465ee728b)  -> (artifact id: '501d6114a403b1f9491e12d98fc4b4b0') in 0.021629 seconds 
========================================================================
Received Import Request.
  Time since last request: 0.000027 seconds.
  path: Assets/Nature pack extended/naturePack_023.obj
  artifactKey: Guid(7b890c2408f392241a25d8720e198c50) Importer(815301076,1909f56bfc062723c751e8b465ee728b)
Start importing Assets/Nature pack extended/naturePack_023.obj using Guid(7b890c2408f392241a25d8720e198c50) Importer(815301076,1909f56bfc062723c751e8b465ee728b)  -> (artifact id: 'b4e85172ea70323e1a248a96eef68108') in 0.024705 seconds 
========================================================================
Received Import Request.
  Time since last request: 0.000017 seconds.
  path: Assets/Nature pack extended/naturePack_022.obj
  artifactKey: Guid(7c91e3d552785a840b39742e40b613b5) Importer(815301076,1909f56bfc062723c751e8b465ee728b)
Start importing Assets/Nature pack extended/naturePack_022.obj using Guid(7c91e3d552785a840b39742e40b613b5) Importer(815301076,1909f56bfc062723c751e8b465ee728b)  -> (artifact id: 'a2132054f0671b0ca18e7f319419f1d3') in 0.024934 seconds 
========================================================================
Received Import Request.
  Time since last request: 0.000030 seconds.
  path: Assets/Nature pack extended/naturePack_029.obj
  artifactKey: Guid(20da69bd152db6e469c2b55ea8d39f44) Importer(815301076,1909f56bfc062723c751e8b465ee728b)
Start importing Assets/Nature pack extended/naturePack_029.obj using Guid(20da69bd152db6e469c2b55ea8d39f44) Importer(815301076,1909f56bfc062723c751e8b465ee728b)  -> (artifact id: '098eef23658021edb4e113f0d8eb2242') in 0.023305 seconds 
========================================================================
Received Import Request.
  Time since last request: 0.000018 seconds.
  path: Assets/Nature pack extended/naturePack_004.obj
  artifactKey: Guid(6d272c65794ef4d43a7ac245401981ec) Importer(815301076,1909f56bfc062723c751e8b465ee728b)
Start importing Assets/Nature pack extended/naturePack_004.obj using Guid(6d272c65794ef4d43a7ac245401981ec) Importer(815301076,1909f56bfc062723c751e8b465ee728b)  -> (artifact id: '6af6e0858ecf2e64a9b41071e7f93c79') in 0.027006 seconds 
========================================================================
Received Import Request.
  Time since last request: 0.000043 seconds.
  path: Assets/Nature pack extended/naturePack_014.obj
  artifactKey: Guid(f5469b8d5cb17ab42ad0affdfe745bd0) Importer(815301076,1909f56bfc062723c751e8b465ee728b)
Start importing Assets/Nature pack extended/naturePack_014.obj using Guid(f5469b8d5cb17ab42ad0affdfe745bd0) Importer(815301076,1909f56bfc062723c751e8b465ee728b)  -> (artifact id: '88125f4d2e0f2eb3850be6ec9d1a787a') in 0.032144 seconds 
========================================================================
Received Import Request.
  Time since last request: 0.000053 seconds.
  path: Assets/Nature pack extended/naturePack_030.obj
  artifactKey: Guid(99a3793ad6e25da4790edb76c31bc3ed) Importer(815301076,1909f56bfc062723c751e8b465ee728b)
Start importing Assets/Nature pack extended/naturePack_030.obj using Guid(99a3793ad6e25da4790edb76c31bc3ed) Importer(815301076,1909f56bfc062723c751e8b465ee728b)  -> (artifact id: '65ae4ee88c9e781e8994f5c0e0adf506') in 0.025324 seconds 
========================================================================
Received Import Request.
  Time since last request: 0.000030 seconds.
  path: Assets/Nature pack extended/naturePack_019.obj
  artifactKey: Guid(7028cc1249fcee548a99e287c7b22c41) Importer(815301076,1909f56bfc062723c751e8b465ee728b)
Start importing Assets/Nature pack extended/naturePack_019.obj using Guid(7028cc1249fcee548a99e287c7b22c41) Importer(815301076,1909f56bfc062723c751e8b465ee728b)  -> (artifact id: 'b47da913a9b8db06ea7f050ca2126e99') in 0.026117 seconds 
========================================================================
Received Import Request.
  Time since last request: 0.000032 seconds.
  path: Assets/Nature pack extended/naturePack_018.obj
  artifactKey: Guid(9d0c5de286406214099b96a7fb8d1c69) Importer(815301076,1909f56bfc062723c751e8b465ee728b)
Start importing Assets/Nature pack extended/naturePack_018.obj using Guid(9d0c5de286406214099b96a7fb8d1c69) Importer(815301076,1909f56bfc062723c751e8b465ee728b)  -> (artifact id: '18ff1a702dff47741262be6f114c52fe') in 0.026512 seconds 
========================================================================
Received Import Request.
  Time since last request: 0.000042 seconds.
  path: Assets/Nature pack extended/naturePack_021.obj
  artifactKey: Guid(5ed0abfa58266b74f8b8fb8540f73dda) Importer(815301076,1909f56bfc062723c751e8b465ee728b)
Start importing Assets/Nature pack extended/naturePack_021.obj using Guid(5ed0abfa58266b74f8b8fb8540f73dda) Importer(815301076,1909f56bfc062723c751e8b465ee728b)  -> (artifact id: 'f8f43189aa7aca6e883a99565d436f7f') in 0.026925 seconds 
========================================================================
Received Import Request.
  Time since last request: 0.000039 seconds.
  path: Assets/Nature pack extended/naturePack_011.obj
  artifactKey: Guid(191e64aa8fdea5c449c88bda41d648df) Importer(815301076,1909f56bfc062723c751e8b465ee728b)
Start importing Assets/Nature pack extended/naturePack_011.obj using Guid(191e64aa8fdea5c449c88bda41d648df) Importer(815301076,1909f56bfc062723c751e8b465ee728b)  -> (artifact id: '25c7c3c9c4190cf401978ae80a686809') in 0.030078 seconds 
========================================================================
Received Import Request.
  Time since last request: 0.988152 seconds.
  path: Assets/Nature pack extended/Materials/Fall_Leafs.mat
  artifactKey: Guid(85c55f33a90f1774b94434ad53ca3a0e) Importer(815301076,1909f56bfc062723c751e8b465ee728b)
Start importing Assets/Nature pack extended/Materials/Fall_Leafs.mat using Guid(85c55f33a90f1774b94434ad53ca3a0e) Importer(815301076,1909f56bfc062723c751e8b465ee728b)  -> (artifact id: 'd231b5e349609a7cd1d5d5177a6d04dc') in 0.030198 seconds 
========================================================================
Received Import Request.
  Time since last request: 0.000022 seconds.
  path: Assets/Nature pack extended/Materials/Mushroom_Red.mat
  artifactKey: Guid(106cd00604f4a3f4c9f80d543186b1ff) Importer(815301076,1909f56bfc062723c751e8b465ee728b)
Start importing Assets/Nature pack extended/Materials/Mushroom_Red.mat using Guid(106cd00604f4a3f4c9f80d543186b1ff) Importer(815301076,1909f56bfc062723c751e8b465ee728b)  -> (artifact id: 'd8af39b301731b1ab66f61ead69583b1') in 0.011762 seconds 
========================================================================
Received Import Request.
  Time since last request: 0.000019 seconds.
  path: Assets/Nature pack extended/Materials/Green_leafs.mat
  artifactKey: Guid(6bc8d7d8e3a30024db3c59b715842c75) Importer(815301076,1909f56bfc062723c751e8b465ee728b)
Start importing Assets/Nature pack extended/Materials/Green_leafs.mat using Guid(6bc8d7d8e3a30024db3c59b715842c75) Importer(815301076,1909f56bfc062723c751e8b465ee728b)  -> (artifact id: '1e8d0b966a74e904cd81f34b2ae41563') in 0.010794 seconds 
========================================================================
Received Import Request.
  Time since last request: 0.000025 seconds.
  path: Assets/Nature pack extended/Materials/Wood.mat
  artifactKey: Guid(4ce07ef0402cdad4f83eb94473afc47f) Importer(815301076,1909f56bfc062723c751e8b465ee728b)
Start importing Assets/Nature pack extended/Materials/Wood.mat using Guid(4ce07ef0402cdad4f83eb94473afc47f) Importer(815301076,1909f56bfc062723c751e8b465ee728b)  -> (artifact id: '66657bdb2b822e79c44aaeacd231a377') in 0.012468 seconds 
========================================================================
Received Import Request.
  Time since last request: 0.000031 seconds.
  path: Assets/Nature pack extended/Materials/Water.mat
  artifactKey: Guid(3d0e7d54132636f4aaee7efd23ed8f36) Importer(815301076,1909f56bfc062723c751e8b465ee728b)
Start importing Assets/Nature pack extended/Materials/Water.mat using Guid(3d0e7d54132636f4aaee7efd23ed8f36) Importer(815301076,1909f56bfc062723c751e8b465ee728b)  -> (artifact id: '8fb69b204692f754e8f3ada0a4882043') in 0.011818 seconds 
Editor requested this worker to shutdown with reason: Scaling down because of idle timeout
AssetImportWorker is now disconnected from the server
Process exiting
Exiting without the bug reporter. Application will terminate with return code 0