Using pre-set license
Built from '2021.3/staging' branch; Version is '2021.3.4f1 (cb45f9cae8b7) revision 13321721'; Using compiler version '192829333'; Build Type 'Release'
OS: 'Windows 11  (10.0.22000) 64bit Professional' Language: 'es' Physical Memory: 32611 MB
BatchMode: 1, IsHumanControllingUs: 0, StartBugReporterOnCrash: 0, Is64bit: 1, IsPro: 1

COMMAND LINE ARGUMENTS:
C:\Program Files\Unity\Hub\Editor\2021.3.4f1\Editor\Unity.exe
-adb2
-batchMode
-noUpm
-name
AssetImportWorker4
-projectPath
C:/Users/Nachio/Documents/GitHub/holbertonschool-unity/0x05-unity-assets_models_textures/My project (1)
-logFile
Logs/AssetImportWorker4.log
-srvPort
50925
Successfully changed project path to: C:/Users/Nachio/Documents/GitHub/holbertonschool-unity/0x05-unity-assets_models_textures/My project (1)
C:/Users/Nachio/Documents/GitHub/holbertonschool-unity/0x05-unity-assets_models_textures/My project (1)
[UnityMemory] Configuration Parameters - Can be set up in boot.config
    "memorysetup-bucket-allocator-granularity=16"
    "memorysetup-bucket-allocator-bucket-count=8"
    "memorysetup-bucket-allocator-block-size=33554432"
    "memorysetup-bucket-allocator-block-count=8"
    "memorysetup-main-allocator-block-size=16777216"
    "memorysetup-thread-allocator-block-size=16777216"
    "memorysetup-gfx-main-allocator-block-size=16777216"
    "memorysetup-gfx-thread-allocator-block-size=16777216"
    "memorysetup-cache-allocator-block-size=4194304"
    "memorysetup-typetree-allocator-block-size=2097152"
    "memorysetup-profiler-bucket-allocator-granularity=16"
    "memorysetup-profiler-bucket-allocator-bucket-count=8"
    "memorysetup-profiler-bucket-allocator-block-size=33554432"
    "memorysetup-profiler-bucket-allocator-block-count=8"
    "memorysetup-profiler-allocator-block-size=16777216"
    "memorysetup-profiler-editor-allocator-block-size=1048576"
    "memorysetup-temp-allocator-size-main=16777216"
    "memorysetup-job-temp-allocator-block-size=2097152"
    "memorysetup-job-temp-allocator-block-size-background=1048576"
    "memorysetup-job-temp-allocator-reduction-small-platforms=262144"
    "memorysetup-temp-allocator-size-background-worker=32768"
    "memorysetup-temp-allocator-size-job-worker=262144"
    "memorysetup-temp-allocator-size-preload-manager=33554432"
    "memorysetup-temp-allocator-size-nav-mesh-worker=65536"
    "memorysetup-temp-allocator-size-audio-worker=65536"
    "memorysetup-temp-allocator-size-cloud-worker=32768"
    "memorysetup-temp-allocator-size-gi-baking-worker=262144"
    "memorysetup-temp-allocator-size-gfx=262144"
Refreshing native plugins compatible for Editor in 106.16 ms, found 3 plugins.
Preloading 0 native plugins for Editor in 0.00 ms.
Initialize engine version: 2021.3.4f1 (cb45f9cae8b7)
[Subsystems] Discovering subsystems at path C:/Program Files/Unity/Hub/Editor/2021.3.4f1/Editor/Data/Resources/UnitySubsystems
[Subsystems] Discovering subsystems at path C:/Users/Nachio/Documents/GitHub/holbertonschool-unity/0x05-unity-assets_models_textures/My project (1)/Assets
GfxDevice: creating device client; threaded=0; jobified=0
Direct3D:
    Version:  Direct3D 11.0 [level 11.1]
    Renderer: NVIDIA GeForce GTX 1080 Ti (ID=0x1b06)
    Vendor:   NVIDIA
    VRAM:     11128 MB
    Driver:   30.0.14.9649
Initialize mono
Mono path[0] = 'C:/Program Files/Unity/Hub/Editor/2021.3.4f1/Editor/Data/Managed'
Mono path[1] = 'C:/Program Files/Unity/Hub/Editor/2021.3.4f1/Editor/Data/MonoBleedingEdge/lib/mono/unityjit-win32'
Mono config path = 'C:/Program Files/Unity/Hub/Editor/2021.3.4f1/Editor/Data/MonoBleedingEdge/etc'
Using monoOptions --debugger-agent=transport=dt_socket,embedding=1,server=y,suspend=n,address=127.0.0.1:56272
Begin MonoManager ReloadAssembly
Registering precompiled unity dll's ...
Register platform support module: C:/Program Files/Unity/Hub/Editor/2021.3.4f1/Editor/Data/PlaybackEngines/WindowsStandaloneSupport/UnityEditor.WindowsStandalone.Extensions.dll
Registered in 0.007237 seconds.
Native extension for WindowsStandalone target not found
Refreshing native plugins compatible for Editor in 82.33 ms, found 3 plugins.
Preloading 0 native plugins for Editor in 0.00 ms.
Mono: successfully reloaded assembly
- Completed reload, in  0.628 seconds
Domain Reload Profiling:
	ReloadAssembly (628ms)
		BeginReloadAssembly (91ms)
			ExecutionOrderSort (0ms)
			DisableScriptedObjects (0ms)
			BackupInstance (0ms)
			ReleaseScriptingObjects (0ms)
			CreateAndSetChildDomain (1ms)
		EndReloadAssembly (419ms)
			LoadAssemblies (88ms)
			RebuildTransferFunctionScriptingTraits (0ms)
			SetupTypeCache (102ms)
			ReleaseScriptCaches (0ms)
			RebuildScriptCaches (25ms)
			SetupLoadedEditorAssemblies (246ms)
				LogAssemblyErrors (0ms)
				InitializePlatformSupportModulesInManaged (7ms)
				SetLoadedEditorAssemblies (0ms)
				RefreshPlugins (82ms)
				BeforeProcessingInitializeOnLoad (1ms)
				ProcessInitializeOnLoadAttributes (113ms)
				ProcessInitializeOnLoadMethodAttributes (42ms)
				AfterProcessingInitializeOnLoad (0ms)
				EditorAssembliesLoaded (0ms)
			ExecutionOrderSort2 (0ms)
			AwakeInstancesAfterBackupRestoration (0ms)
Platform modules already initialized, skipping
Registering precompiled user dll's ...
Registered in 0.007777 seconds.
Begin MonoManager ReloadAssembly
Symbol file LoadedFromMemory doesn't match image C:\Users\Nachio\Documents\GitHub\holbertonschool-unity\0x05-unity-assets_models_textures\My project (1)\Library\PackageCache\com.unity.visualscripting@1.7.8\Editor\VisualScripting.Core\Dependencies\YamlDotNet\Unity.VisualScripting.YamlDotNet.dll
Symbol file LoadedFromMemory doesn't match image C:\Users\Nachio\Documents\GitHub\holbertonschool-unity\0x05-unity-assets_models_textures\My project (1)\Library\PackageCache\com.unity.visualscripting@1.7.8\Editor\VisualScripting.Core\Dependencies\DotNetZip\Unity.VisualScripting.IonicZip.dll
Native extension for WindowsStandalone target not found
Refreshing native plugins compatible for Editor in 0.77 ms, found 3 plugins.
Preloading 0 native plugins for Editor in 0.00 ms.
Mono: successfully reloaded assembly
- Completed reload, in  1.282 seconds
Domain Reload Profiling:
	ReloadAssembly (1283ms)
		BeginReloadAssembly (106ms)
			ExecutionOrderSort (0ms)
			DisableScriptedObjects (6ms)
			BackupInstance (0ms)
			ReleaseScriptingObjects (0ms)
			CreateAndSetChildDomain (17ms)
		EndReloadAssembly (1073ms)
			LoadAssemblies (91ms)
			RebuildTransferFunctionScriptingTraits (0ms)
			SetupTypeCache (403ms)
			ReleaseScriptCaches (1ms)
			RebuildScriptCaches (72ms)
			SetupLoadedEditorAssemblies (444ms)
				LogAssemblyErrors (0ms)
				InitializePlatformSupportModulesInManaged (7ms)
				SetLoadedEditorAssemblies (0ms)
				RefreshPlugins (1ms)
				BeforeProcessingInitializeOnLoad (112ms)
				ProcessInitializeOnLoadAttributes (283ms)
				ProcessInitializeOnLoadMethodAttributes (31ms)
				AfterProcessingInitializeOnLoad (10ms)
				EditorAssembliesLoaded (0ms)
			ExecutionOrderSort2 (0ms)
			AwakeInstancesAfterBackupRestoration (6ms)
Platform modules already initialized, skipping
========================================================================
Worker process is ready to serve import requests
Launched and connected shader compiler UnityShaderCompiler.exe after 0.08 seconds
Refreshing native plugins compatible for Editor in 1.12 ms, found 3 plugins.
Preloading 0 native plugins for Editor in 0.00 ms.
Unloading 3386 Unused Serialized files (Serialized files now loaded: 0)
Unloading 27 unused Assets / (111.3 KB). Loaded Objects now: 3844.
Memory consumption went from 121.9 MB to 121.8 MB.
Total: 4.217200 ms (FindLiveObjects: 0.345400 ms CreateObjectMapping: 0.391100 ms MarkObjects: 3.367500 ms  DeleteObjects: 0.112300 ms)

AssetImportParameters requested are different than current active one (requested -> active):
  custom:video-decoder-ogg-theora: a1e56fd34408186e4bbccfd4996cb3dc -> 
  custom:container-muxer-webm: aa71ff27fc2769a1b78a27578f13a17b -> 
  custom:container-demuxer-webm: 4f35f7cbe854078d1ac9338744f61a02 -> 
  custom:video-encoder-webm-vp8: eb34c28f22e8b96e1ab97ce403110664 -> 
  custom:audio-encoder-webm-vorbis: bf7c407c2cedff20999df2af8eb42d56 -> 
  custom:framework-win-MediaFoundation: 216162199b28c13a410421893ffa2e32 -> 
  custom:container-demuxer-ogg: 62fdf1f143b41e24485cea50d1cbac27 -> 
  custom:video-decoder-webm-vp8: 9c59270c3fd7afecdb556c50c9e8de78 -> 
  custom:audio-decoder-ogg-vorbis: bf7c407c2cedff20999df2af8eb42d56 -> 
========================================================================
Received Import Request.
  Time since last request: 555740.640841 seconds.
  path: Assets/Models/naturePack_055.mtl
  artifactKey: Guid(ed6a1d82874e6504cad82aa6ee046d6e) Importer(815301076,1909f56bfc062723c751e8b465ee728b)
Start importing Assets/Models/naturePack_055.mtl using Guid(ed6a1d82874e6504cad82aa6ee046d6e) Importer(815301076,1909f56bfc062723c751e8b465ee728b)  -> (artifact id: '41f0ea762071249431843215d2d1952c') in 0.030386 seconds 
========================================================================
Received Import Request.
  Time since last request: 2.448962 seconds.
  path: Assets/Models/naturePack_068.obj
  artifactKey: Guid(fa4e6bac7102d2f4eb8b165a42c9f236) Importer(815301076,1909f56bfc062723c751e8b465ee728b)
Start importing Assets/Models/naturePack_068.obj using Guid(fa4e6bac7102d2f4eb8b165a42c9f236) Importer(815301076,1909f56bfc062723c751e8b465ee728b)  -> (artifact id: '8ccabb79502f7a9680c85ca0e7ae6278') in 0.140388 seconds 
========================================================================
Received Import Request.
  Time since last request: 0.336264 seconds.
  path: Assets/Models/naturePack_076.obj
  artifactKey: Guid(7b8050f99e2d74f47b4cf9dbdaafa99e) Importer(815301076,1909f56bfc062723c751e8b465ee728b)
Start importing Assets/Models/naturePack_076.obj using Guid(7b8050f99e2d74f47b4cf9dbdaafa99e) Importer(815301076,1909f56bfc062723c751e8b465ee728b)  -> (artifact id: '41bab67f36a0bac8b6bcd65fc16e0017') in 0.046463 seconds 
========================================================================
Received Import Request.
  Time since last request: 0.000028 seconds.
  path: Assets/Models/naturePack_087.obj
  artifactKey: Guid(0388ba58b1716b64b8467858112aa68d) Importer(815301076,1909f56bfc062723c751e8b465ee728b)
Start importing Assets/Models/naturePack_087.obj using Guid(0388ba58b1716b64b8467858112aa68d) Importer(815301076,1909f56bfc062723c751e8b465ee728b)  -> (artifact id: '506e3c02a26dce609588f8b8775cd0a6') in 0.029470 seconds 
========================================================================
Received Import Request.
  Time since last request: 0.000020 seconds.
  path: Assets/Models/naturePack_092.obj
  artifactKey: Guid(157a938532eff99459d3ea852267a874) Importer(815301076,1909f56bfc062723c751e8b465ee728b)
Start importing Assets/Models/naturePack_092.obj using Guid(157a938532eff99459d3ea852267a874) Importer(815301076,1909f56bfc062723c751e8b465ee728b)  -> (artifact id: 'c5147d757c4f0d0053ecf3b00888125a') in 0.041211 seconds 
========================================================================
Received Import Request.
  Time since last request: 0.000037 seconds.
  path: Assets/Models/naturePack_093.obj
  artifactKey: Guid(ffcdaa1b622c84342abc1642a45f273b) Importer(815301076,1909f56bfc062723c751e8b465ee728b)
Start importing Assets/Models/naturePack_093.obj using Guid(ffcdaa1b622c84342abc1642a45f273b) Importer(815301076,1909f56bfc062723c751e8b465ee728b)  -> (artifact id: '2bed88c300c639a40d42639db06b9218') in 0.037057 seconds 
========================================================================
Received Import Request.
  Time since last request: 0.268584 seconds.
  path: Assets/Models/naturePack_098.obj
  artifactKey: Guid(f0194b0ca5991e14a881e25f1a08bafe) Importer(815301076,1909f56bfc062723c751e8b465ee728b)
Start importing Assets/Models/naturePack_098.obj using Guid(f0194b0ca5991e14a881e25f1a08bafe) Importer(815301076,1909f56bfc062723c751e8b465ee728b)  -> (artifact id: 'ea8cc5a7561d560a690fc8b70c987996') in 0.040466 seconds 
========================================================================
Received Import Request.
  Time since last request: 0.000021 seconds.
  path: Assets/Models/naturePack_104.obj
  artifactKey: Guid(d048beeab7bed6d4f98030b5029f7bd5) Importer(815301076,1909f56bfc062723c751e8b465ee728b)
Start importing Assets/Models/naturePack_104.obj using Guid(d048beeab7bed6d4f98030b5029f7bd5) Importer(815301076,1909f56bfc062723c751e8b465ee728b)  -> (artifact id: '3a827793d9e4ad5dd2f48a166e71dc53') in 0.037455 seconds 
========================================================================
Received Import Request.
  Time since last request: 0.000048 seconds.
  path: Assets/Models/naturePack_123.obj
  artifactKey: Guid(b7bb11189a534754dac5196bd7968f7d) Importer(815301076,1909f56bfc062723c751e8b465ee728b)
Start importing Assets/Models/naturePack_123.obj using Guid(b7bb11189a534754dac5196bd7968f7d) Importer(815301076,1909f56bfc062723c751e8b465ee728b)  -> (artifact id: 'a00314997f6c7b3215f2e67aa6c388c9') in 0.031109 seconds 
========================================================================
Received Import Request.
  Time since last request: 0.000033 seconds.
  path: Assets/Models/naturePack_105.obj
  artifactKey: Guid(99ff5af6e9bd26c4ea218bd29e2bf69d) Importer(815301076,1909f56bfc062723c751e8b465ee728b)
Start importing Assets/Models/naturePack_105.obj using Guid(99ff5af6e9bd26c4ea218bd29e2bf69d) Importer(815301076,1909f56bfc062723c751e8b465ee728b)  -> (artifact id: '89f6ce0a1179b667cfd6eab022db80ad') in 0.027978 seconds 
========================================================================
Received Import Request.
  Time since last request: 0.000027 seconds.
  path: Assets/Models/naturePack_109.obj
  artifactKey: Guid(5f537547c4d317649a2ee595f4d27407) Importer(815301076,1909f56bfc062723c751e8b465ee728b)
Start importing Assets/Models/naturePack_109.obj using Guid(5f537547c4d317649a2ee595f4d27407) Importer(815301076,1909f56bfc062723c751e8b465ee728b)  -> (artifact id: 'b67d5ef65bfe9c0c319447e8465fb12b') in 0.035599 seconds 
========================================================================
Received Import Request.
  Time since last request: 0.000048 seconds.
  path: Assets/Models/naturePack_119.obj
  artifactKey: Guid(c2724e5b7660b7347ae9849de4acf22b) Importer(815301076,1909f56bfc062723c751e8b465ee728b)
Start importing Assets/Models/naturePack_119.obj using Guid(c2724e5b7660b7347ae9849de4acf22b) Importer(815301076,1909f56bfc062723c751e8b465ee728b)  -> (artifact id: '09b497806a2eecd572f639e09e885991') in 0.036415 seconds 
========================================================================
Received Import Request.
  Time since last request: 0.140583 seconds.
  path: Assets/Models/naturePack_128.obj
  artifactKey: Guid(a258d3f9437d7354995be091d67d9ad1) Importer(815301076,1909f56bfc062723c751e8b465ee728b)
Start importing Assets/Models/naturePack_128.obj using Guid(a258d3f9437d7354995be091d67d9ad1) Importer(815301076,1909f56bfc062723c751e8b465ee728b)  -> (artifact id: '7ff76884192c4e67a04f89b0054d46c5') in 0.033268 seconds 
========================================================================
Received Import Request.
  Time since last request: 0.000018 seconds.
  path: Assets/Models/naturePack_136.obj
  artifactKey: Guid(fd3a6b73976b6c0498e8ae51030820ef) Importer(815301076,1909f56bfc062723c751e8b465ee728b)
Start importing Assets/Models/naturePack_136.obj using Guid(fd3a6b73976b6c0498e8ae51030820ef) Importer(815301076,1909f56bfc062723c751e8b465ee728b)  -> (artifact id: '2074898219a4304c6eb9bc70f6fa8365') in 0.031624 seconds 
========================================================================
Received Import Request.
  Time since last request: 0.000037 seconds.
  path: Assets/Models/naturePack_144.obj
  artifactKey: Guid(94d6bad428de6a740915b6a1d83827a3) Importer(815301076,1909f56bfc062723c751e8b465ee728b)
Start importing Assets/Models/naturePack_144.obj using Guid(94d6bad428de6a740915b6a1d83827a3) Importer(815301076,1909f56bfc062723c751e8b465ee728b)  -> (artifact id: '2cb08d88e423575c92df814153ee4051') in 0.041888 seconds 
========================================================================
Received Import Request.
  Time since last request: 0.000037 seconds.
  path: Assets/Models/naturePack_145.obj
  artifactKey: Guid(140dc6cbe889f9b49a8a020a52ababb4) Importer(815301076,1909f56bfc062723c751e8b465ee728b)
Start importing Assets/Models/naturePack_145.obj using Guid(140dc6cbe889f9b49a8a020a52ababb4) Importer(815301076,1909f56bfc062723c751e8b465ee728b)  -> (artifact id: '84f46632553e86969318b05589dd1521') in 0.042649 seconds 
========================================================================
Received Import Request.
  Time since last request: 0.000055 seconds.
  path: Assets/Models/naturePack_156.obj
  artifactKey: Guid(d8647969658c7794299884b0511a7171) Importer(815301076,1909f56bfc062723c751e8b465ee728b)
Start importing Assets/Models/naturePack_156.obj using Guid(d8647969658c7794299884b0511a7171) Importer(815301076,1909f56bfc062723c751e8b465ee728b)  -> (artifact id: 'ea3e505c33b9c4218a119f4ca9beab88') in 0.034530 seconds 
========================================================================
Received Import Request.
  Time since last request: 0.000073 seconds.
  path: Assets/Models/naturePack_151.obj
  artifactKey: Guid(8df33db0b27eeac40b6f5ee4167af7c3) Importer(815301076,1909f56bfc062723c751e8b465ee728b)
Start importing Assets/Models/naturePack_151.obj using Guid(8df33db0b27eeac40b6f5ee4167af7c3) Importer(815301076,1909f56bfc062723c751e8b465ee728b)  -> (artifact id: '4d0b883deb2b475a1cce5d4b2eec97d8') in 0.039414 seconds 
========================================================================
Received Import Request.
  Time since last request: 0.166309 seconds.
  path: Assets/Models/naturePack_158.obj
  artifactKey: Guid(bf580467d9d9d7f4dad13afc3ea42fbb) Importer(815301076,1909f56bfc062723c751e8b465ee728b)
Start importing Assets/Models/naturePack_158.obj using Guid(bf580467d9d9d7f4dad13afc3ea42fbb) Importer(815301076,1909f56bfc062723c751e8b465ee728b)  -> (artifact id: '6060f2f289161e8e693a23a353856aad') in 0.037786 seconds 
========================================================================
Received Import Request.
  Time since last request: 0.000021 seconds.
  path: Assets/Models/naturePack_165.obj
  artifactKey: Guid(34bf5f9736f838342a449e42759a6d07) Importer(815301076,1909f56bfc062723c751e8b465ee728b)
Start importing Assets/Models/naturePack_165.obj using Guid(34bf5f9736f838342a449e42759a6d07) Importer(815301076,1909f56bfc062723c751e8b465ee728b)  -> (artifact id: '9bb6f9b38d2491aa1d9aeeced9841bb2') in 0.040441 seconds 
========================================================================
Received Import Request.
  Time since last request: 0.000044 seconds.
  path: Assets/Models/naturePack_174.obj
  artifactKey: Guid(9102ffff5f8f4c746b4d0e20cf26d809) Importer(815301076,1909f56bfc062723c751e8b465ee728b)
Start importing Assets/Models/naturePack_174.obj using Guid(9102ffff5f8f4c746b4d0e20cf26d809) Importer(815301076,1909f56bfc062723c751e8b465ee728b)  -> (artifact id: '71d919a75246b7ded0257e3524e10b07') in 0.029181 seconds 
========================================================================
Received Import Request.
  Time since last request: 0.000017 seconds.
  path: Assets/Models/naturePack_flat_002.obj
  artifactKey: Guid(8e262524435bc06458178ed1fc7a865d) Importer(815301076,1909f56bfc062723c751e8b465ee728b)
Start importing Assets/Models/naturePack_flat_002.obj using Guid(8e262524435bc06458178ed1fc7a865d) Importer(815301076,1909f56bfc062723c751e8b465ee728b)  -> (artifact id: '607424f8defaf01d2b58540061521446') in 0.037538 seconds 
========================================================================
Received Import Request.
  Time since last request: 0.000022 seconds.
  path: Assets/Models/naturePack_175.obj
  artifactKey: Guid(999a7976ac6861145a8555726e2d920f) Importer(815301076,1909f56bfc062723c751e8b465ee728b)
Start importing Assets/Models/naturePack_175.obj using Guid(999a7976ac6861145a8555726e2d920f) Importer(815301076,1909f56bfc062723c751e8b465ee728b)  -> (artifact id: '796706c5d6936bbeaf03488798c0ef61') in 0.034176 seconds 
========================================================================
Received Import Request.
  Time since last request: 0.000028 seconds.
  path: Assets/Models/naturePack_167.obj
  artifactKey: Guid(d513efda4b209b24e959d1ab538daefb) Importer(815301076,1909f56bfc062723c751e8b465ee728b)
Start importing Assets/Models/naturePack_167.obj using Guid(d513efda4b209b24e959d1ab538daefb) Importer(815301076,1909f56bfc062723c751e8b465ee728b)  -> (artifact id: '7138680b62bbe864ae5f552bc64a26ee') in 0.045236 seconds 
========================================================================
Received Import Request.
  Time since last request: 0.000031 seconds.
  path: Assets/Models/naturePack_168.obj
  artifactKey: Guid(9aad97534d00a5f40839c30f94cf9e0f) Importer(815301076,1909f56bfc062723c751e8b465ee728b)
Start importing Assets/Models/naturePack_168.obj using Guid(9aad97534d00a5f40839c30f94cf9e0f) Importer(815301076,1909f56bfc062723c751e8b465ee728b)  -> (artifact id: 'ff9c9d00959ff0e8f56e6f75a0ad203d') in 0.052578 seconds 
========================================================================
Received Import Request.
  Time since last request: 0.048537 seconds.
  path: Assets/Models/naturePack_flat_013.obj
  artifactKey: Guid(c3744935bd3a6e64b8b7f862b185760a) Importer(815301076,1909f56bfc062723c751e8b465ee728b)
Start importing Assets/Models/naturePack_flat_013.obj using Guid(c3744935bd3a6e64b8b7f862b185760a) Importer(815301076,1909f56bfc062723c751e8b465ee728b)  -> (artifact id: '357e975da1d554a3647c57e333577215') in 0.020912 seconds 
========================================================================
Received Import Request.
  Time since last request: 23.616771 seconds.
  path: Assets/Models/naturePack_001.mtl
  artifactKey: Guid(6f441b2052554414d864ae400d14110f) Importer(815301076,1909f56bfc062723c751e8b465ee728b)
Start importing Assets/Models/naturePack_001.mtl using Guid(6f441b2052554414d864ae400d14110f) Importer(815301076,1909f56bfc062723c751e8b465ee728b)  -> (artifact id: '92c9ea6e31e8f59f4919ea79576c1bae') in 0.002387 seconds 
========================================================================
Received Import Request.
  Time since last request: 4.282299 seconds.
  path: Assets/Models/naturePack_009.mtl
  artifactKey: Guid(9c069b6fbcc1f4140b4e7a56a6f8a8cd) Importer(815301076,1909f56bfc062723c751e8b465ee728b)
Start importing Assets/Models/naturePack_009.mtl using Guid(9c069b6fbcc1f4140b4e7a56a6f8a8cd) Importer(815301076,1909f56bfc062723c751e8b465ee728b)  -> (artifact id: 'e75806fd56313988c8fe0db5365b5a1c') in 0.638506 seconds 
========================================================================
Received Import Request.
  Time since last request: 0.032606 seconds.
  path: Assets/Models/naturePack_010.mtl
  artifactKey: Guid(2635eb52d7812c8439b2f53f2014f6a5) Importer(815301076,1909f56bfc062723c751e8b465ee728b)
Start importing Assets/Models/naturePack_010.mtl using Guid(2635eb52d7812c8439b2f53f2014f6a5) Importer(815301076,1909f56bfc062723c751e8b465ee728b)  -> (artifact id: '82cb7080f0d57bd0bceef404484afafe') in 0.001820 seconds 
========================================================================
Received Import Request.
  Time since last request: 0.697253 seconds.
  path: Assets/Models/naturePack_025.mtl
  artifactKey: Guid(8d25634a8d6d3914fb375b8af3262d25) Importer(815301076,1909f56bfc062723c751e8b465ee728b)
Start importing Assets/Models/naturePack_025.mtl using Guid(8d25634a8d6d3914fb375b8af3262d25) Importer(815301076,1909f56bfc062723c751e8b465ee728b)  -> (artifact id: '0648356f5235e00538cde1e122e21243') in 0.002145 seconds 
========================================================================
Received Import Request.
  Time since last request: 0.698170 seconds.
  path: Assets/Models/naturePack_040.mtl
  artifactKey: Guid(64dd7bffd94786b4b860ed4909e49f03) Importer(815301076,1909f56bfc062723c751e8b465ee728b)
Start importing Assets/Models/naturePack_040.mtl using Guid(64dd7bffd94786b4b860ed4909e49f03) Importer(815301076,1909f56bfc062723c751e8b465ee728b)  -> (artifact id: '3cb34b416d5a49ce9683b087f4fea598') in 0.002003 seconds 
========================================================================
Received Import Request.
  Time since last request: 343.019473 seconds.
  path: Assets/Materials/BackColor.mat
  artifactKey: Guid(e0ff5761621443043be3a7a1422fe02e) Importer(815301076,1909f56bfc062723c751e8b465ee728b)
Start importing Assets/Materials/BackColor.mat using Guid(e0ff5761621443043be3a7a1422fe02e) Importer(815301076,1909f56bfc062723c751e8b465ee728b)  -> (artifact id: '4f234450e312df32c6d6ea59c1d978a4') in 0.017076 seconds 
========================================================================
Received Import Request.
  Time since last request: 0.016375 seconds.
  path: Assets/Materials/FrontColor.mat
  artifactKey: Guid(0b2c149c3b93f104ea624168e99fbbb8) Importer(815301076,1909f56bfc062723c751e8b465ee728b)
Start importing Assets/Materials/FrontColor.mat using Guid(0b2c149c3b93f104ea624168e99fbbb8) Importer(815301076,1909f56bfc062723c751e8b465ee728b)  -> (artifact id: '29c4fdce7c64ac3e5070741311ea2104') in 0.012788 seconds 
========================================================================
Received Import Request.
  Time since last request: 0.000862 seconds.
  path: Assets/Materials/Wood.mat
  artifactKey: Guid(6dcb735118e749b4887ac6cda077ca57) Importer(815301076,1909f56bfc062723c751e8b465ee728b)
Start importing Assets/Materials/Wood.mat using Guid(6dcb735118e749b4887ac6cda077ca57) Importer(815301076,1909f56bfc062723c751e8b465ee728b)  -> (artifact id: '79b7ae44fc5432fd014db323ef28dfb4') in 0.015976 seconds 
========================================================================
Received Import Request.
  Time since last request: 0.000035 seconds.
  path: Assets/Materials/Mushroom_Red.mat
  artifactKey: Guid(74d096f07085e1946994be352697298a) Importer(815301076,1909f56bfc062723c751e8b465ee728b)
Start importing Assets/Materials/Mushroom_Red.mat using Guid(74d096f07085e1946994be352697298a) Importer(815301076,1909f56bfc062723c751e8b465ee728b)  -> (artifact id: '68a8d266e16115715a8d50628c764f81') in 0.015384 seconds 
========================================================================
Received Import Request.
  Time since last request: 0.000030 seconds.
  path: Assets/Materials/Stone.mat
  artifactKey: Guid(01865a9c57a116a44b00bf72edabcdd0) Importer(815301076,1909f56bfc062723c751e8b465ee728b)
Start importing Assets/Materials/Stone.mat using Guid(01865a9c57a116a44b00bf72edabcdd0) Importer(815301076,1909f56bfc062723c751e8b465ee728b)  -> (artifact id: 'd150376d82bbc17e3759edc56a14fdfc') in 0.014151 seconds 
Editor requested this worker to shutdown with reason: Scaling down because of idle timeout
AssetImportWorker is now disconnected from the server
Process exiting
Exiting without the bug reporter. Application will terminate with return code 0