Using pre-set license
Built from '2021.3/staging' branch; Version is '2021.3.4f1 (cb45f9cae8b7) revision 13321721'; Using compiler version '192829333'; Build Type 'Release'
OS: 'Windows 11  (10.0.22000) 64bit Professional' Language: 'es' Physical Memory: 32611 MB
BatchMode: 1, IsHumanControllingUs: 0, StartBugReporterOnCrash: 0, Is64bit: 1, IsPro: 1

COMMAND LINE ARGUMENTS:
C:\Program Files\Unity\Hub\Editor\2021.3.4f1\Editor\Unity.exe
-adb2
-batchMode
-noUpm
-name
AssetImportWorker4
-projectPath
C:/Users/Nachio/Documents/GitHub/holbertonschool-unity/0x05-unity-assets_models_textures
-logFile
Logs/AssetImportWorker4.log
-srvPort
51579
Successfully changed project path to: C:/Users/Nachio/Documents/GitHub/holbertonschool-unity/0x05-unity-assets_models_textures
C:/Users/Nachio/Documents/GitHub/holbertonschool-unity/0x05-unity-assets_models_textures
[UnityMemory] Configuration Parameters - Can be set up in boot.config
    "memorysetup-bucket-allocator-granularity=16"
    "memorysetup-bucket-allocator-bucket-count=8"
    "memorysetup-bucket-allocator-block-size=33554432"
    "memorysetup-bucket-allocator-block-count=8"
    "memorysetup-main-allocator-block-size=16777216"
    "memorysetup-thread-allocator-block-size=16777216"
    "memorysetup-gfx-main-allocator-block-size=16777216"
    "memorysetup-gfx-thread-allocator-block-size=16777216"
    "memorysetup-cache-allocator-block-size=4194304"
    "memorysetup-typetree-allocator-block-size=2097152"
    "memorysetup-profiler-bucket-allocator-granularity=16"
    "memorysetup-profiler-bucket-allocator-bucket-count=8"
    "memorysetup-profiler-bucket-allocator-block-size=33554432"
    "memorysetup-profiler-bucket-allocator-block-count=8"
    "memorysetup-profiler-allocator-block-size=16777216"
    "memorysetup-profiler-editor-allocator-block-size=1048576"
    "memorysetup-temp-allocator-size-main=16777216"
    "memorysetup-job-temp-allocator-block-size=2097152"
    "memorysetup-job-temp-allocator-block-size-background=1048576"
    "memorysetup-job-temp-allocator-reduction-small-platforms=262144"
    "memorysetup-temp-allocator-size-background-worker=32768"
    "memorysetup-temp-allocator-size-job-worker=262144"
    "memorysetup-temp-allocator-size-preload-manager=33554432"
    "memorysetup-temp-allocator-size-nav-mesh-worker=65536"
    "memorysetup-temp-allocator-size-audio-worker=65536"
    "memorysetup-temp-allocator-size-cloud-worker=32768"
    "memorysetup-temp-allocator-size-gi-baking-worker=262144"
    "memorysetup-temp-allocator-size-gfx=262144"
Refreshing native plugins compatible for Editor in 83.97 ms, found 3 plugins.
Preloading 0 native plugins for Editor in 0.00 ms.
Initialize engine version: 2021.3.4f1 (cb45f9cae8b7)
[Subsystems] Discovering subsystems at path C:/Program Files/Unity/Hub/Editor/2021.3.4f1/Editor/Data/Resources/UnitySubsystems
[Subsystems] Discovering subsystems at path C:/Users/Nachio/Documents/GitHub/holbertonschool-unity/0x05-unity-assets_models_textures/Assets
GfxDevice: creating device client; threaded=0; jobified=0
Direct3D:
    Version:  Direct3D 11.0 [level 11.1]
    Renderer: NVIDIA GeForce GTX 1080 Ti (ID=0x1b06)
    Vendor:   NVIDIA
    VRAM:     11128 MB
    Driver:   30.0.14.9649
Initialize mono
Mono path[0] = 'C:/Program Files/Unity/Hub/Editor/2021.3.4f1/Editor/Data/Managed'
Mono path[1] = 'C:/Program Files/Unity/Hub/Editor/2021.3.4f1/Editor/Data/MonoBleedingEdge/lib/mono/unityjit-win32'
Mono config path = 'C:/Program Files/Unity/Hub/Editor/2021.3.4f1/Editor/Data/MonoBleedingEdge/etc'
Using monoOptions --debugger-agent=transport=dt_socket,embedding=1,server=y,suspend=n,address=127.0.0.1:56596
Begin MonoManager ReloadAssembly
Registering precompiled unity dll's ...
Register platform support module: C:/Program Files/Unity/Hub/Editor/2021.3.4f1/Editor/Data/PlaybackEngines/WindowsStandaloneSupport/UnityEditor.WindowsStandalone.Extensions.dll
Registered in 0.006320 seconds.
Native extension for WindowsStandalone target not found
Refreshing native plugins compatible for Editor in 83.84 ms, found 3 plugins.
Preloading 0 native plugins for Editor in 0.00 ms.
Mono: successfully reloaded assembly
- Completed reload, in  0.650 seconds
Domain Reload Profiling:
	ReloadAssembly (650ms)
		BeginReloadAssembly (81ms)
			ExecutionOrderSort (0ms)
			DisableScriptedObjects (0ms)
			BackupInstance (0ms)
			ReleaseScriptingObjects (0ms)
			CreateAndSetChildDomain (1ms)
		EndReloadAssembly (456ms)
			LoadAssemblies (78ms)
			RebuildTransferFunctionScriptingTraits (0ms)
			SetupTypeCache (105ms)
			ReleaseScriptCaches (0ms)
			RebuildScriptCaches (26ms)
			SetupLoadedEditorAssemblies (275ms)
				LogAssemblyErrors (0ms)
				InitializePlatformSupportModulesInManaged (7ms)
				SetLoadedEditorAssemblies (0ms)
				RefreshPlugins (84ms)
				BeforeProcessingInitializeOnLoad (1ms)
				ProcessInitializeOnLoadAttributes (133ms)
				ProcessInitializeOnLoadMethodAttributes (49ms)
				AfterProcessingInitializeOnLoad (0ms)
				EditorAssembliesLoaded (0ms)
			ExecutionOrderSort2 (0ms)
			AwakeInstancesAfterBackupRestoration (0ms)
Platform modules already initialized, skipping
Registering precompiled user dll's ...
Registered in 0.006316 seconds.
Begin MonoManager ReloadAssembly
Native extension for WindowsStandalone target not found
Refreshing native plugins compatible for Editor in 0.60 ms, found 3 plugins.
Preloading 0 native plugins for Editor in 0.00 ms.
Mono: successfully reloaded assembly
- Completed reload, in  1.048 seconds
Domain Reload Profiling:
	ReloadAssembly (1048ms)
		BeginReloadAssembly (122ms)
			ExecutionOrderSort (0ms)
			DisableScriptedObjects (7ms)
			BackupInstance (0ms)
			ReleaseScriptingObjects (0ms)
			CreateAndSetChildDomain (20ms)
		EndReloadAssembly (807ms)
			LoadAssemblies (93ms)
			RebuildTransferFunctionScriptingTraits (0ms)
			SetupTypeCache (265ms)
			ReleaseScriptCaches (1ms)
			RebuildScriptCaches (57ms)
			SetupLoadedEditorAssemblies (362ms)
				LogAssemblyErrors (0ms)
				InitializePlatformSupportModulesInManaged (7ms)
				SetLoadedEditorAssemblies (0ms)
				RefreshPlugins (1ms)
				BeforeProcessingInitializeOnLoad (91ms)
				ProcessInitializeOnLoadAttributes (223ms)
				ProcessInitializeOnLoadMethodAttributes (30ms)
				AfterProcessingInitializeOnLoad (9ms)
				EditorAssembliesLoaded (0ms)
			ExecutionOrderSort2 (0ms)
			AwakeInstancesAfterBackupRestoration (5ms)
Platform modules already initialized, skipping
========================================================================
Worker process is ready to serve import requests
Launched and connected shader compiler UnityShaderCompiler.exe after 0.09 seconds
Refreshing native plugins compatible for Editor in 0.54 ms, found 3 plugins.
Preloading 0 native plugins for Editor in 0.00 ms.
Unloading 3386 Unused Serialized files (Serialized files now loaded: 0)
Unloading 27 unused Assets / (111.1 KB). Loaded Objects now: 3846.
Memory consumption went from 119.9 MB to 119.8 MB.
Total: 3.179700 ms (FindLiveObjects: 0.306500 ms CreateObjectMapping: 0.282900 ms MarkObjects: 2.485100 ms  DeleteObjects: 0.104400 ms)

AssetImportParameters requested are different than current active one (requested -> active):
  custom:video-decoder-ogg-theora: a1e56fd34408186e4bbccfd4996cb3dc -> 
  custom:container-muxer-webm: aa71ff27fc2769a1b78a27578f13a17b -> 
  custom:container-demuxer-webm: 4f35f7cbe854078d1ac9338744f61a02 -> 
  custom:video-encoder-webm-vp8: eb34c28f22e8b96e1ab97ce403110664 -> 
  custom:audio-encoder-webm-vorbis: bf7c407c2cedff20999df2af8eb42d56 -> 
  custom:framework-win-MediaFoundation: 216162199b28c13a410421893ffa2e32 -> 
  custom:container-demuxer-ogg: 62fdf1f143b41e24485cea50d1cbac27 -> 
  custom:video-decoder-webm-vp8: 9c59270c3fd7afecdb556c50c9e8de78 -> 
  custom:audio-decoder-ogg-vorbis: bf7c407c2cedff20999df2af8eb42d56 -> 
========================================================================
Received Import Request.
  Time since last request: 563809.097507 seconds.
  path: Assets/Models/Nature pack extended/naturePack_020.obj
  artifactKey: Guid(12bef70509e03454798b3e8313fbf3ab) Importer(815301076,1909f56bfc062723c751e8b465ee728b)
Start importing Assets/Models/Nature pack extended/naturePack_020.obj using Guid(12bef70509e03454798b3e8313fbf3ab) Importer(815301076,1909f56bfc062723c751e8b465ee728b)  -> (artifact id: '9b587562e4cff5345dd208f0f5f08c0f') in 0.161188 seconds 
========================================================================
Received Import Request.
  Time since last request: 0.000049 seconds.
  path: Assets/Models/Nature pack extended/naturePack_001.obj
  artifactKey: Guid(36d01a7e99983034f9107d2cacf55bbe) Importer(815301076,1909f56bfc062723c751e8b465ee728b)
Start importing Assets/Models/Nature pack extended/naturePack_001.obj using Guid(36d01a7e99983034f9107d2cacf55bbe) Importer(815301076,1909f56bfc062723c751e8b465ee728b)  -> (artifact id: '0a702c8aaef0c62ceed9513bda2da26a') in 0.030234 seconds 
========================================================================
Received Import Request.
  Time since last request: 0.000044 seconds.
  path: Assets/Models/Nature pack extended/naturePack_015.obj
  artifactKey: Guid(65ffdda6e1e28f3458245c40c60ed72b) Importer(815301076,1909f56bfc062723c751e8b465ee728b)
Start importing Assets/Models/Nature pack extended/naturePack_015.obj using Guid(65ffdda6e1e28f3458245c40c60ed72b) Importer(815301076,1909f56bfc062723c751e8b465ee728b)  -> (artifact id: '6a69cc18a65290781b08a250443a5e12') in 0.033119 seconds 
========================================================================
Received Import Request.
  Time since last request: 0.000048 seconds.
  path: Assets/Models/Nature pack extended/naturePack_018.obj
  artifactKey: Guid(9d0c5de286406214099b96a7fb8d1c69) Importer(815301076,1909f56bfc062723c751e8b465ee728b)
Start importing Assets/Models/Nature pack extended/naturePack_018.obj using Guid(9d0c5de286406214099b96a7fb8d1c69) Importer(815301076,1909f56bfc062723c751e8b465ee728b)  -> (artifact id: '3d3b291ff4fdf5a7f91404f319c4b2c3') in 0.034044 seconds 
========================================================================
Received Import Request.
  Time since last request: 12.446360 seconds.
  path: Assets/Models/Nature pack extended/naturePack_034.obj
  artifactKey: Guid(c3b2be10858a8924aab5540799907876) Importer(815301076,1909f56bfc062723c751e8b465ee728b)
Start importing Assets/Models/Nature pack extended/naturePack_034.obj using Guid(c3b2be10858a8924aab5540799907876) Importer(815301076,1909f56bfc062723c751e8b465ee728b)  -> (artifact id: '71fc78b039d3bbb5c9dae4cf5709bbcc') in 0.029824 seconds 
========================================================================
Received Import Request.
  Time since last request: 1.014358 seconds.
  path: Assets/Models/Nature pack extended/naturePack_040.obj
  artifactKey: Guid(24698ac43c093ad4ea0697f6dd617382) Importer(815301076,1909f56bfc062723c751e8b465ee728b)
Start importing Assets/Models/Nature pack extended/naturePack_040.obj using Guid(24698ac43c093ad4ea0697f6dd617382) Importer(815301076,1909f56bfc062723c751e8b465ee728b)  -> (artifact id: '5dee061e87af8b06f6733ab398fa7dd1') in 0.096092 seconds 
========================================================================
Received Import Request.
  Time since last request: 0.000041 seconds.
  path: Assets/Models/Nature pack extended/naturePack_049.obj
  artifactKey: Guid(84da26bd111151b478f9ff053312729a) Importer(815301076,1909f56bfc062723c751e8b465ee728b)
Start importing Assets/Models/Nature pack extended/naturePack_049.obj using Guid(84da26bd111151b478f9ff053312729a) Importer(815301076,1909f56bfc062723c751e8b465ee728b)  -> (artifact id: 'e56fd0cf333356e8117c0c8defedae58') in 0.038382 seconds 
========================================================================
Received Import Request.
  Time since last request: 0.916947 seconds.
  path: Assets/Models/Nature pack extended/naturePack_054.obj
  artifactKey: Guid(7dad57b5776338340bf488cd934b688f) Importer(815301076,1909f56bfc062723c751e8b465ee728b)
Start importing Assets/Models/Nature pack extended/naturePack_054.obj using Guid(7dad57b5776338340bf488cd934b688f) Importer(815301076,1909f56bfc062723c751e8b465ee728b)  -> (artifact id: '4ee65234b6c30b03d275d90eda2fa955') in 0.026565 seconds 
========================================================================
Received Import Request.
  Time since last request: 0.024793 seconds.
  path: Assets/Models/Nature pack extended/naturePack_061.obj
  artifactKey: Guid(deff8b43f54c262428f235daf0e87a98) Importer(815301076,1909f56bfc062723c751e8b465ee728b)
Start importing Assets/Models/Nature pack extended/naturePack_061.obj using Guid(deff8b43f54c262428f235daf0e87a98) Importer(815301076,1909f56bfc062723c751e8b465ee728b)  -> (artifact id: '88d3d7230d27d86c337493b1cc2e8e9b') in 0.035074 seconds 
========================================================================
Received Import Request.
  Time since last request: 3.940446 seconds.
  path: Assets/Models/Nature pack extended/naturePack_069.obj
  artifactKey: Guid(cc14e19db9fd9d14996e419cf5275e34) Importer(815301076,1909f56bfc062723c751e8b465ee728b)
Start importing Assets/Models/Nature pack extended/naturePack_069.obj using Guid(cc14e19db9fd9d14996e419cf5275e34) Importer(815301076,1909f56bfc062723c751e8b465ee728b)  -> (artifact id: '5c1742fc26f89a4a3c9ab9d8bdfcf5aa') in 0.040744 seconds 
========================================================================
Received Import Request.
  Time since last request: 0.000030 seconds.
  path: Assets/Models/Nature pack extended/naturePack_080.obj
  artifactKey: Guid(c7a59bf400668ca49b2d9ecc3a0771e4) Importer(815301076,1909f56bfc062723c751e8b465ee728b)
Start importing Assets/Models/Nature pack extended/naturePack_080.obj using Guid(c7a59bf400668ca49b2d9ecc3a0771e4) Importer(815301076,1909f56bfc062723c751e8b465ee728b)  -> (artifact id: '7f787bfcdedba05a62619789a564ef95') in 0.025889 seconds 
========================================================================
Received Import Request.
  Time since last request: 0.000029 seconds.
  path: Assets/Models/Nature pack extended/naturePack_085.obj
  artifactKey: Guid(a49abf763b08d7642aac13cafd45f972) Importer(815301076,1909f56bfc062723c751e8b465ee728b)
Start importing Assets/Models/Nature pack extended/naturePack_085.obj using Guid(a49abf763b08d7642aac13cafd45f972) Importer(815301076,1909f56bfc062723c751e8b465ee728b)  -> (artifact id: '969c969b55e42c7eb2a1334f416674bd') in 0.028435 seconds 
========================================================================
Received Import Request.
  Time since last request: 0.000034 seconds.
  path: Assets/Models/Nature pack extended/naturePack_074.obj
  artifactKey: Guid(2238623c1d34f084684cac8239bc5ac8) Importer(815301076,1909f56bfc062723c751e8b465ee728b)
Start importing Assets/Models/Nature pack extended/naturePack_074.obj using Guid(2238623c1d34f084684cac8239bc5ac8) Importer(815301076,1909f56bfc062723c751e8b465ee728b)  -> (artifact id: 'c2ba6bb9cfb464d133498d30f94999d8') in 0.023097 seconds 
========================================================================
Received Import Request.
  Time since last request: 1.393642 seconds.
  path: Assets/Models/Nature pack extended/naturePack_091.obj
  artifactKey: Guid(93f046ba317f4e04e83de46bb4fe0199) Importer(815301076,1909f56bfc062723c751e8b465ee728b)
Start importing Assets/Models/Nature pack extended/naturePack_091.obj using Guid(93f046ba317f4e04e83de46bb4fe0199) Importer(815301076,1909f56bfc062723c751e8b465ee728b)  -> (artifact id: '3dab1af52f5919a880eb548459b23472') in 0.026397 seconds 
========================================================================
Received Import Request.
  Time since last request: 0.377513 seconds.
  path: Assets/Models/Nature pack extended/naturePack_108.obj
  artifactKey: Guid(17dbcb11b7464cb4c9ad434b437c3c12) Importer(815301076,1909f56bfc062723c751e8b465ee728b)
Start importing Assets/Models/Nature pack extended/naturePack_108.obj using Guid(17dbcb11b7464cb4c9ad434b437c3c12) Importer(815301076,1909f56bfc062723c751e8b465ee728b)  -> (artifact id: '3d591f25982cbbbf77112ced8023c7e7') in 0.029247 seconds 
========================================================================
Received Import Request.
  Time since last request: 3.687763 seconds.
  path: Assets/Models/Nature pack extended/naturePack_114.obj
  artifactKey: Guid(04a6876120efbf64ab6d98ccc8c8bc0c) Importer(815301076,1909f56bfc062723c751e8b465ee728b)
Start importing Assets/Models/Nature pack extended/naturePack_114.obj using Guid(04a6876120efbf64ab6d98ccc8c8bc0c) Importer(815301076,1909f56bfc062723c751e8b465ee728b)  -> (artifact id: '0006e3ae61e96b9c1b2777d598dfc177') in 0.033923 seconds 
========================================================================
Received Import Request.
  Time since last request: 0.000015 seconds.
  path: Assets/Models/Nature pack extended/naturePack_126.obj
  artifactKey: Guid(f878e7284121b084980a1c28b38da710) Importer(815301076,1909f56bfc062723c751e8b465ee728b)
Start importing Assets/Models/Nature pack extended/naturePack_126.obj using Guid(f878e7284121b084980a1c28b38da710) Importer(815301076,1909f56bfc062723c751e8b465ee728b)  -> (artifact id: 'c0206e7d433de0604961295ed2f1d8d3') in 0.033123 seconds 
========================================================================
Received Import Request.
  Time since last request: 0.000019 seconds.
  path: Assets/Models/Nature pack extended/naturePack_125.obj
  artifactKey: Guid(abf139aba1ab1014981b5a8c1e56a642) Importer(815301076,1909f56bfc062723c751e8b465ee728b)
Start importing Assets/Models/Nature pack extended/naturePack_125.obj using Guid(abf139aba1ab1014981b5a8c1e56a642) Importer(815301076,1909f56bfc062723c751e8b465ee728b)  -> (artifact id: '615607869dfb0ea06d8297475efc301b') in 0.032131 seconds 
========================================================================
Received Import Request.
  Time since last request: 0.802249 seconds.
  path: Assets/Models/Nature pack extended/naturePack_129.obj
  artifactKey: Guid(0b15b14f67ff0494f81dbb6940a8e3e6) Importer(815301076,1909f56bfc062723c751e8b465ee728b)
Start importing Assets/Models/Nature pack extended/naturePack_129.obj using Guid(0b15b14f67ff0494f81dbb6940a8e3e6) Importer(815301076,1909f56bfc062723c751e8b465ee728b)  -> (artifact id: '2f37a40a72554df0fe5561cd5ac4f0ab') in 0.027409 seconds 
========================================================================
Received Import Request.
  Time since last request: 0.000043 seconds.
  path: Assets/Models/Nature pack extended/naturePack_139.obj
  artifactKey: Guid(1e24c8dc43b01ea438c87c80cd05dc74) Importer(815301076,1909f56bfc062723c751e8b465ee728b)
Start importing Assets/Models/Nature pack extended/naturePack_139.obj using Guid(1e24c8dc43b01ea438c87c80cd05dc74) Importer(815301076,1909f56bfc062723c751e8b465ee728b)  -> (artifact id: '87f88377bc56adc1b2488f31bf365d79') in 0.023741 seconds 
========================================================================
Received Import Request.
  Time since last request: 0.025862 seconds.
  path: Assets/Models/Nature pack extended/naturePack_145.obj
  artifactKey: Guid(a848aaef9c023594ca3f91955bc0e5b6) Importer(815301076,1909f56bfc062723c751e8b465ee728b)
Start importing Assets/Models/Nature pack extended/naturePack_145.obj using Guid(a848aaef9c023594ca3f91955bc0e5b6) Importer(815301076,1909f56bfc062723c751e8b465ee728b)  -> (artifact id: '5a9656a69aa1eaf2a3b276a40933b3e3') in 0.028291 seconds 
========================================================================
Received Import Request.
  Time since last request: 1.313138 seconds.
  path: Assets/Models/Nature pack extended/naturePack_151.obj
  artifactKey: Guid(6f821c245bbd1bb4dbbee8bf10cc656e) Importer(815301076,1909f56bfc062723c751e8b465ee728b)
Start importing Assets/Models/Nature pack extended/naturePack_151.obj using Guid(6f821c245bbd1bb4dbbee8bf10cc656e) Importer(815301076,1909f56bfc062723c751e8b465ee728b)  -> (artifact id: '56af27a9aec967bd3419bb7e2fa2c1bd') in 0.021679 seconds 
========================================================================
Received Import Request.
  Time since last request: 0.453375 seconds.
  path: Assets/Models/Nature pack extended/naturePack_159.obj
  artifactKey: Guid(3ca99c00965e4574d907a11c0695b807) Importer(815301076,1909f56bfc062723c751e8b465ee728b)
Start importing Assets/Models/Nature pack extended/naturePack_159.obj using Guid(3ca99c00965e4574d907a11c0695b807) Importer(815301076,1909f56bfc062723c751e8b465ee728b)  -> (artifact id: '91c357a73c111efd58df655d266e5e8f') in 0.035804 seconds 
========================================================================
Received Import Request.
  Time since last request: 2.049103 seconds.
  path: Assets/Models/Nature pack extended/naturePack_166.obj
  artifactKey: Guid(7b36c7aadf9f84a4da8dc9ed41aefd07) Importer(815301076,1909f56bfc062723c751e8b465ee728b)
Start importing Assets/Models/Nature pack extended/naturePack_166.obj using Guid(7b36c7aadf9f84a4da8dc9ed41aefd07) Importer(815301076,1909f56bfc062723c751e8b465ee728b)  -> (artifact id: '2853056dd0a2c1457b1e96da562a4d68') in 0.036098 seconds 
========================================================================
Received Import Request.
  Time since last request: 0.000021 seconds.
  path: Assets/Models/Nature pack extended/naturePack_flat_003.obj
  artifactKey: Guid(cfd71611720260346920e9b33e19457a) Importer(815301076,1909f56bfc062723c751e8b465ee728b)
Start importing Assets/Models/Nature pack extended/naturePack_flat_003.obj using Guid(cfd71611720260346920e9b33e19457a) Importer(815301076,1909f56bfc062723c751e8b465ee728b)  -> (artifact id: '6b9b1d87d84f5771631c6ab1baccb6b3') in 0.029264 seconds 
========================================================================
Received Import Request.
  Time since last request: 0.024977 seconds.
  path: Assets/Models/Nature pack extended/naturePack_flat_006.obj
  artifactKey: Guid(f48f1a27c7f82ce4d8fcc66f66945006) Importer(815301076,1909f56bfc062723c751e8b465ee728b)
Start importing Assets/Models/Nature pack extended/naturePack_flat_006.obj using Guid(f48f1a27c7f82ce4d8fcc66f66945006) Importer(815301076,1909f56bfc062723c751e8b465ee728b)  -> (artifact id: 'eb80fd4a43922aa0fb5df49da705d06f') in 0.077812 seconds 
========================================================================
Received Import Request.
  Time since last request: 0.000020 seconds.
  path: Assets/Models/Nature pack extended/naturePack_flat_011.obj
  artifactKey: Guid(98bc3a6f3e4362c4ab9e19565fcb24ae) Importer(815301076,1909f56bfc062723c751e8b465ee728b)
Start importing Assets/Models/Nature pack extended/naturePack_flat_011.obj using Guid(98bc3a6f3e4362c4ab9e19565fcb24ae) Importer(815301076,1909f56bfc062723c751e8b465ee728b)  -> (artifact id: '84501ac6a9caf3c752a786854b84dc4d') in 0.055905 seconds 
========================================================================
Received Prepare
Registering precompiled user dll's ...
Registered in 0.005587 seconds.
Begin MonoManager ReloadAssembly
Native extension for WindowsStandalone target not found
Refreshing native plugins compatible for Editor in 0.58 ms, found 3 plugins.
Preloading 0 native plugins for Editor in 0.00 ms.
Mono: successfully reloaded assembly
- Completed reload, in  0.895 seconds
Domain Reload Profiling:
	ReloadAssembly (896ms)
		BeginReloadAssembly (123ms)
			ExecutionOrderSort (0ms)
			DisableScriptedObjects (5ms)
			BackupInstance (0ms)
			ReleaseScriptingObjects (0ms)
			CreateAndSetChildDomain (35ms)
		EndReloadAssembly (685ms)
			LoadAssemblies (78ms)
			RebuildTransferFunctionScriptingTraits (0ms)
			SetupTypeCache (233ms)
			ReleaseScriptCaches (1ms)
			RebuildScriptCaches (37ms)
			SetupLoadedEditorAssemblies (301ms)
				LogAssemblyErrors (0ms)
				InitializePlatformSupportModulesInManaged (13ms)
				SetLoadedEditorAssemblies (0ms)
				RefreshPlugins (1ms)
				BeforeProcessingInitializeOnLoad (66ms)
				ProcessInitializeOnLoadAttributes (188ms)
				ProcessInitializeOnLoadMethodAttributes (24ms)
				AfterProcessingInitializeOnLoad (8ms)
				EditorAssembliesLoaded (0ms)
			ExecutionOrderSort2 (0ms)
			AwakeInstancesAfterBackupRestoration (5ms)
Platform modules already initialized, skipping
Refreshing native plugins compatible for Editor in 1.81 ms, found 3 plugins.
Preloading 0 native plugins for Editor in 0.00 ms.
Unloading 3368 Unused Serialized files (Serialized files now loaded: 0)
Unloading 20 unused Assets / (78.3 KB). Loaded Objects now: 3858.
Memory consumption went from 123.3 MB to 123.2 MB.
Total: 3.050700 ms (FindLiveObjects: 0.290300 ms CreateObjectMapping: 0.465500 ms MarkObjects: 2.227300 ms  DeleteObjects: 0.066600 ms)

AssetImportParameters requested are different than current active one (requested -> active):
  custom:video-decoder-ogg-theora: a1e56fd34408186e4bbccfd4996cb3dc -> 
  custom:container-muxer-webm: aa71ff27fc2769a1b78a27578f13a17b -> 
  custom:container-demuxer-webm: 4f35f7cbe854078d1ac9338744f61a02 -> 
  custom:video-encoder-webm-vp8: eb34c28f22e8b96e1ab97ce403110664 -> 
  custom:audio-encoder-webm-vorbis: bf7c407c2cedff20999df2af8eb42d56 -> 
  custom:framework-win-MediaFoundation: 216162199b28c13a410421893ffa2e32 -> 
  custom:container-demuxer-ogg: 62fdf1f143b41e24485cea50d1cbac27 -> 
  custom:video-decoder-webm-vp8: 9c59270c3fd7afecdb556c50c9e8de78 -> 
  custom:audio-decoder-ogg-vorbis: bf7c407c2cedff20999df2af8eb42d56 -> 
========================================================================
Received Prepare
Registering precompiled user dll's ...
Registered in 0.007761 seconds.
Begin MonoManager ReloadAssembly
Native extension for WindowsStandalone target not found
Refreshing native plugins compatible for Editor in 0.59 ms, found 3 plugins.
Preloading 0 native plugins for Editor in 0.00 ms.
Mono: successfully reloaded assembly
- Completed reload, in  0.890 seconds
Domain Reload Profiling:
	ReloadAssembly (891ms)
		BeginReloadAssembly (122ms)
			ExecutionOrderSort (0ms)
			DisableScriptedObjects (5ms)
			BackupInstance (0ms)
			ReleaseScriptingObjects (0ms)
			CreateAndSetChildDomain (32ms)
		EndReloadAssembly (685ms)
			LoadAssemblies (79ms)
			RebuildTransferFunctionScriptingTraits (0ms)
			SetupTypeCache (240ms)
			ReleaseScriptCaches (1ms)
			RebuildScriptCaches (37ms)
			SetupLoadedEditorAssemblies (294ms)
				LogAssemblyErrors (0ms)
				InitializePlatformSupportModulesInManaged (11ms)
				SetLoadedEditorAssemblies (0ms)
				RefreshPlugins (1ms)
				BeforeProcessingInitializeOnLoad (66ms)
				ProcessInitializeOnLoadAttributes (181ms)
				ProcessInitializeOnLoadMethodAttributes (25ms)
				AfterProcessingInitializeOnLoad (8ms)
				EditorAssembliesLoaded (0ms)
			ExecutionOrderSort2 (0ms)
			AwakeInstancesAfterBackupRestoration (5ms)
Platform modules already initialized, skipping
Refreshing native plugins compatible for Editor in 1.79 ms, found 3 plugins.
Preloading 0 native plugins for Editor in 0.00 ms.
Unloading 3368 Unused Serialized files (Serialized files now loaded: 0)
Unloading 20 unused Assets / (78.3 KB). Loaded Objects now: 3861.
Memory consumption went from 123.3 MB to 123.2 MB.
Total: 3.537200 ms (FindLiveObjects: 0.251600 ms CreateObjectMapping: 0.161700 ms MarkObjects: 3.051400 ms  DeleteObjects: 0.071500 ms)

AssetImportParameters requested are different than current active one (requested -> active):
  custom:video-decoder-ogg-theora: a1e56fd34408186e4bbccfd4996cb3dc -> 
  custom:container-muxer-webm: aa71ff27fc2769a1b78a27578f13a17b -> 
  custom:container-demuxer-webm: 4f35f7cbe854078d1ac9338744f61a02 -> 
  custom:video-encoder-webm-vp8: eb34c28f22e8b96e1ab97ce403110664 -> 
  custom:audio-encoder-webm-vorbis: bf7c407c2cedff20999df2af8eb42d56 -> 
  custom:framework-win-MediaFoundation: 216162199b28c13a410421893ffa2e32 -> 
  custom:container-demuxer-ogg: 62fdf1f143b41e24485cea50d1cbac27 -> 
  custom:video-decoder-webm-vp8: 9c59270c3fd7afecdb556c50c9e8de78 -> 
  custom:audio-decoder-ogg-vorbis: bf7c407c2cedff20999df2af8eb42d56 -> 
========================================================================
Received Prepare
Registering precompiled user dll's ...
Registered in 0.006513 seconds.
Begin MonoManager ReloadAssembly
Native extension for WindowsStandalone target not found
Refreshing native plugins compatible for Editor in 0.58 ms, found 3 plugins.
Preloading 0 native plugins for Editor in 0.00 ms.
Mono: successfully reloaded assembly
- Completed reload, in  0.901 seconds
Domain Reload Profiling:
	ReloadAssembly (902ms)
		BeginReloadAssembly (126ms)
			ExecutionOrderSort (0ms)
			DisableScriptedObjects (5ms)
			BackupInstance (0ms)
			ReleaseScriptingObjects (0ms)
			CreateAndSetChildDomain (35ms)
		EndReloadAssembly (686ms)
			LoadAssemblies (78ms)
			RebuildTransferFunctionScriptingTraits (0ms)
			SetupTypeCache (231ms)
			ReleaseScriptCaches (1ms)
			RebuildScriptCaches (36ms)
			SetupLoadedEditorAssemblies (298ms)
				LogAssemblyErrors (0ms)
				InitializePlatformSupportModulesInManaged (11ms)
				SetLoadedEditorAssemblies (0ms)
				RefreshPlugins (1ms)
				BeforeProcessingInitializeOnLoad (67ms)
				ProcessInitializeOnLoadAttributes (183ms)
				ProcessInitializeOnLoadMethodAttributes (25ms)
				AfterProcessingInitializeOnLoad (10ms)
				EditorAssembliesLoaded (0ms)
			ExecutionOrderSort2 (0ms)
			AwakeInstancesAfterBackupRestoration (6ms)
Platform modules already initialized, skipping
Refreshing native plugins compatible for Editor in 3.60 ms, found 3 plugins.
Preloading 0 native plugins for Editor in 0.00 ms.
Unloading 3368 Unused Serialized files (Serialized files now loaded: 0)
Unloading 20 unused Assets / (78.4 KB). Loaded Objects now: 3864.
Memory consumption went from 123.3 MB to 123.2 MB.
Total: 5.079800 ms (FindLiveObjects: 0.690300 ms CreateObjectMapping: 0.583200 ms MarkObjects: 3.685100 ms  DeleteObjects: 0.119700 ms)

AssetImportParameters requested are different than current active one (requested -> active):
  custom:video-decoder-ogg-theora: a1e56fd34408186e4bbccfd4996cb3dc -> 
  custom:container-muxer-webm: aa71ff27fc2769a1b78a27578f13a17b -> 
  custom:container-demuxer-webm: 4f35f7cbe854078d1ac9338744f61a02 -> 
  custom:video-encoder-webm-vp8: eb34c28f22e8b96e1ab97ce403110664 -> 
  custom:audio-encoder-webm-vorbis: bf7c407c2cedff20999df2af8eb42d56 -> 
  custom:framework-win-MediaFoundation: 216162199b28c13a410421893ffa2e32 -> 
  custom:container-demuxer-ogg: 62fdf1f143b41e24485cea50d1cbac27 -> 
  custom:video-decoder-webm-vp8: 9c59270c3fd7afecdb556c50c9e8de78 -> 
  custom:audio-decoder-ogg-vorbis: bf7c407c2cedff20999df2af8eb42d56 -> 
========================================================================
Received Prepare
Registering precompiled user dll's ...
Registered in 0.005913 seconds.
Begin MonoManager ReloadAssembly
Native extension for WindowsStandalone target not found
Refreshing native plugins compatible for Editor in 0.55 ms, found 3 plugins.
Preloading 0 native plugins for Editor in 0.00 ms.
Mono: successfully reloaded assembly
- Completed reload, in  0.918 seconds
Domain Reload Profiling:
	ReloadAssembly (919ms)
		BeginReloadAssembly (133ms)
			ExecutionOrderSort (0ms)
			DisableScriptedObjects (5ms)
			BackupInstance (0ms)
			ReleaseScriptingObjects (0ms)
			CreateAndSetChildDomain (36ms)
		EndReloadAssembly (689ms)
			LoadAssemblies (79ms)
			RebuildTransferFunctionScriptingTraits (0ms)
			SetupTypeCache (236ms)
			ReleaseScriptCaches (1ms)
			RebuildScriptCaches (38ms)
			SetupLoadedEditorAssemblies (302ms)
				LogAssemblyErrors (0ms)
				InitializePlatformSupportModulesInManaged (12ms)
				SetLoadedEditorAssemblies (0ms)
				RefreshPlugins (1ms)
				BeforeProcessingInitializeOnLoad (66ms)
				ProcessInitializeOnLoadAttributes (188ms)
				ProcessInitializeOnLoadMethodAttributes (27ms)
				AfterProcessingInitializeOnLoad (9ms)
				EditorAssembliesLoaded (0ms)
			ExecutionOrderSort2 (0ms)
			AwakeInstancesAfterBackupRestoration (5ms)
Platform modules already initialized, skipping
Refreshing native plugins compatible for Editor in 1.74 ms, found 3 plugins.
Preloading 0 native plugins for Editor in 0.00 ms.
Unloading 3368 Unused Serialized files (Serialized files now loaded: 0)
Unloading 20 unused Assets / (78.4 KB). Loaded Objects now: 3867.
Memory consumption went from 123.3 MB to 123.2 MB.
Total: 2.668500 ms (FindLiveObjects: 0.265000 ms CreateObjectMapping: 0.152500 ms MarkObjects: 2.184400 ms  DeleteObjects: 0.065900 ms)

AssetImportParameters requested are different than current active one (requested -> active):
  custom:video-decoder-ogg-theora: a1e56fd34408186e4bbccfd4996cb3dc -> 
  custom:container-muxer-webm: aa71ff27fc2769a1b78a27578f13a17b -> 
  custom:container-demuxer-webm: 4f35f7cbe854078d1ac9338744f61a02 -> 
  custom:video-encoder-webm-vp8: eb34c28f22e8b96e1ab97ce403110664 -> 
  custom:audio-encoder-webm-vorbis: bf7c407c2cedff20999df2af8eb42d56 -> 
  custom:framework-win-MediaFoundation: 216162199b28c13a410421893ffa2e32 -> 
  custom:container-demuxer-ogg: 62fdf1f143b41e24485cea50d1cbac27 -> 
  custom:video-decoder-webm-vp8: 9c59270c3fd7afecdb556c50c9e8de78 -> 
  custom:audio-decoder-ogg-vorbis: bf7c407c2cedff20999df2af8eb42d56 -> 
========================================================================
Received Prepare
Registering precompiled user dll's ...
Registered in 0.006129 seconds.
Begin MonoManager ReloadAssembly
Native extension for WindowsStandalone target not found
Refreshing native plugins compatible for Editor in 0.52 ms, found 3 plugins.
Preloading 0 native plugins for Editor in 0.00 ms.
Mono: successfully reloaded assembly
- Completed reload, in  0.883 seconds
Domain Reload Profiling:
	ReloadAssembly (884ms)
		BeginReloadAssembly (122ms)
			ExecutionOrderSort (0ms)
			DisableScriptedObjects (5ms)
			BackupInstance (0ms)
			ReleaseScriptingObjects (0ms)
			CreateAndSetChildDomain (30ms)
		EndReloadAssembly (676ms)
			LoadAssemblies (78ms)
			RebuildTransferFunctionScriptingTraits (0ms)
			SetupTypeCache (229ms)
			ReleaseScriptCaches (1ms)
			RebuildScriptCaches (37ms)
			SetupLoadedEditorAssemblies (297ms)
				LogAssemblyErrors (0ms)
				InitializePlatformSupportModulesInManaged (14ms)
				SetLoadedEditorAssemblies (0ms)
				RefreshPlugins (1ms)
				BeforeProcessingInitializeOnLoad (66ms)
				ProcessInitializeOnLoadAttributes (183ms)
				ProcessInitializeOnLoadMethodAttributes (25ms)
				AfterProcessingInitializeOnLoad (8ms)
				EditorAssembliesLoaded (0ms)
			ExecutionOrderSort2 (0ms)
			AwakeInstancesAfterBackupRestoration (5ms)
Platform modules already initialized, skipping
Refreshing native plugins compatible for Editor in 1.85 ms, found 3 plugins.
Preloading 0 native plugins for Editor in 0.00 ms.
Unloading 3368 Unused Serialized files (Serialized files now loaded: 0)
Unloading 20 unused Assets / (78.4 KB). Loaded Objects now: 3870.
Memory consumption went from 123.3 MB to 123.2 MB.
Total: 3.290400 ms (FindLiveObjects: 0.428200 ms CreateObjectMapping: 0.220400 ms MarkObjects: 2.559500 ms  DeleteObjects: 0.081500 ms)

AssetImportParameters requested are different than current active one (requested -> active):
  custom:video-decoder-ogg-theora: a1e56fd34408186e4bbccfd4996cb3dc -> 
  custom:container-muxer-webm: aa71ff27fc2769a1b78a27578f13a17b -> 
  custom:container-demuxer-webm: 4f35f7cbe854078d1ac9338744f61a02 -> 
  custom:video-encoder-webm-vp8: eb34c28f22e8b96e1ab97ce403110664 -> 
  custom:audio-encoder-webm-vorbis: bf7c407c2cedff20999df2af8eb42d56 -> 
  custom:framework-win-MediaFoundation: 216162199b28c13a410421893ffa2e32 -> 
  custom:container-demuxer-ogg: 62fdf1f143b41e24485cea50d1cbac27 -> 
  custom:video-decoder-webm-vp8: 9c59270c3fd7afecdb556c50c9e8de78 -> 
  custom:audio-decoder-ogg-vorbis: bf7c407c2cedff20999df2af8eb42d56 -> 
========================================================================
Received Prepare
Registering precompiled user dll's ...
Registered in 0.005347 seconds.
Begin MonoManager ReloadAssembly
Native extension for WindowsStandalone target not found
Refreshing native plugins compatible for Editor in 0.53 ms, found 3 plugins.
Preloading 0 native plugins for Editor in 0.00 ms.
Mono: successfully reloaded assembly
- Completed reload, in  0.916 seconds
Domain Reload Profiling:
	ReloadAssembly (916ms)
		BeginReloadAssembly (125ms)
			ExecutionOrderSort (0ms)
			DisableScriptedObjects (5ms)
			BackupInstance (0ms)
			ReleaseScriptingObjects (0ms)
			CreateAndSetChildDomain (33ms)
		EndReloadAssembly (694ms)
			LoadAssemblies (81ms)
			RebuildTransferFunctionScriptingTraits (0ms)
			SetupTypeCache (242ms)
			ReleaseScriptCaches (1ms)
			RebuildScriptCaches (39ms)
			SetupLoadedEditorAssemblies (296ms)
				LogAssemblyErrors (0ms)
				InitializePlatformSupportModulesInManaged (13ms)
				SetLoadedEditorAssemblies (0ms)
				RefreshPlugins (1ms)
				BeforeProcessingInitializeOnLoad (67ms)
				ProcessInitializeOnLoadAttributes (182ms)
				ProcessInitializeOnLoadMethodAttributes (25ms)
				AfterProcessingInitializeOnLoad (8ms)
				EditorAssembliesLoaded (0ms)
			ExecutionOrderSort2 (0ms)
			AwakeInstancesAfterBackupRestoration (5ms)
Platform modules already initialized, skipping
Refreshing native plugins compatible for Editor in 2.48 ms, found 3 plugins.
Preloading 0 native plugins for Editor in 0.00 ms.
Unloading 3368 Unused Serialized files (Serialized files now loaded: 0)
Unloading 20 unused Assets / (78.3 KB). Loaded Objects now: 3873.
Memory consumption went from 123.3 MB to 123.2 MB.
Total: 3.537700 ms (FindLiveObjects: 0.319200 ms CreateObjectMapping: 0.279800 ms MarkObjects: 2.815500 ms  DeleteObjects: 0.121200 ms)

AssetImportParameters requested are different than current active one (requested -> active):
  custom:video-decoder-ogg-theora: a1e56fd34408186e4bbccfd4996cb3dc -> 
  custom:container-muxer-webm: aa71ff27fc2769a1b78a27578f13a17b -> 
  custom:container-demuxer-webm: 4f35f7cbe854078d1ac9338744f61a02 -> 
  custom:video-encoder-webm-vp8: eb34c28f22e8b96e1ab97ce403110664 -> 
  custom:audio-encoder-webm-vorbis: bf7c407c2cedff20999df2af8eb42d56 -> 
  custom:framework-win-MediaFoundation: 216162199b28c13a410421893ffa2e32 -> 
  custom:container-demuxer-ogg: 62fdf1f143b41e24485cea50d1cbac27 -> 
  custom:video-decoder-webm-vp8: 9c59270c3fd7afecdb556c50c9e8de78 -> 
  custom:audio-decoder-ogg-vorbis: bf7c407c2cedff20999df2af8eb42d56 -> 
========================================================================
Received Prepare
Registering precompiled user dll's ...
Registered in 0.005917 seconds.
Begin MonoManager ReloadAssembly
Native extension for WindowsStandalone target not found
Refreshing native plugins compatible for Editor in 0.56 ms, found 3 plugins.
Preloading 0 native plugins for Editor in 0.00 ms.
Mono: successfully reloaded assembly
- Completed reload, in  0.914 seconds
Domain Reload Profiling:
	ReloadAssembly (915ms)
		BeginReloadAssembly (128ms)
			ExecutionOrderSort (0ms)
			DisableScriptedObjects (5ms)
			BackupInstance (0ms)
			ReleaseScriptingObjects (0ms)
			CreateAndSetChildDomain (34ms)
		EndReloadAssembly (696ms)
			LoadAssemblies (80ms)
			RebuildTransferFunctionScriptingTraits (0ms)
			SetupTypeCache (244ms)
			ReleaseScriptCaches (1ms)
			RebuildScriptCaches (37ms)
			SetupLoadedEditorAssemblies (297ms)
				LogAssemblyErrors (0ms)
				InitializePlatformSupportModulesInManaged (13ms)
				SetLoadedEditorAssemblies (0ms)
				RefreshPlugins (1ms)
				BeforeProcessingInitializeOnLoad (68ms)
				ProcessInitializeOnLoadAttributes (180ms)
				ProcessInitializeOnLoadMethodAttributes (25ms)
				AfterProcessingInitializeOnLoad (9ms)
				EditorAssembliesLoaded (0ms)
			ExecutionOrderSort2 (0ms)
			AwakeInstancesAfterBackupRestoration (5ms)
Platform modules already initialized, skipping
Refreshing native plugins compatible for Editor in 2.31 ms, found 3 plugins.
Preloading 0 native plugins for Editor in 0.00 ms.
Unloading 3368 Unused Serialized files (Serialized files now loaded: 0)
Unloading 20 unused Assets / (78.3 KB). Loaded Objects now: 3876.
Memory consumption went from 123.3 MB to 123.3 MB.
Total: 3.844600 ms (FindLiveObjects: 0.622200 ms CreateObjectMapping: 0.302400 ms MarkObjects: 2.838500 ms  DeleteObjects: 0.080300 ms)

AssetImportParameters requested are different than current active one (requested -> active):
  custom:video-decoder-ogg-theora: a1e56fd34408186e4bbccfd4996cb3dc -> 
  custom:container-muxer-webm: aa71ff27fc2769a1b78a27578f13a17b -> 
  custom:container-demuxer-webm: 4f35f7cbe854078d1ac9338744f61a02 -> 
  custom:video-encoder-webm-vp8: eb34c28f22e8b96e1ab97ce403110664 -> 
  custom:audio-encoder-webm-vorbis: bf7c407c2cedff20999df2af8eb42d56 -> 
  custom:framework-win-MediaFoundation: 216162199b28c13a410421893ffa2e32 -> 
  custom:container-demuxer-ogg: 62fdf1f143b41e24485cea50d1cbac27 -> 
  custom:video-decoder-webm-vp8: 9c59270c3fd7afecdb556c50c9e8de78 -> 
  custom:audio-decoder-ogg-vorbis: bf7c407c2cedff20999df2af8eb42d56 -> 
========================================================================
Received Prepare
Registering precompiled user dll's ...
Registered in 0.005751 seconds.
Begin MonoManager ReloadAssembly
Native extension for WindowsStandalone target not found
Refreshing native plugins compatible for Editor in 0.51 ms, found 3 plugins.
Preloading 0 native plugins for Editor in 0.00 ms.
Mono: successfully reloaded assembly
- Completed reload, in  0.900 seconds
Domain Reload Profiling:
	ReloadAssembly (901ms)
		BeginReloadAssembly (124ms)
			ExecutionOrderSort (0ms)
			DisableScriptedObjects (6ms)
			BackupInstance (0ms)
			ReleaseScriptingObjects (0ms)
			CreateAndSetChildDomain (33ms)
		EndReloadAssembly (686ms)
			LoadAssemblies (76ms)
			RebuildTransferFunctionScriptingTraits (0ms)
			SetupTypeCache (240ms)
			ReleaseScriptCaches (1ms)
			RebuildScriptCaches (36ms)
			SetupLoadedEditorAssemblies (296ms)
				LogAssemblyErrors (0ms)
				InitializePlatformSupportModulesInManaged (12ms)
				SetLoadedEditorAssemblies (0ms)
				RefreshPlugins (1ms)
				BeforeProcessingInitializeOnLoad (67ms)
				ProcessInitializeOnLoadAttributes (182ms)
				ProcessInitializeOnLoadMethodAttributes (26ms)
				AfterProcessingInitializeOnLoad (8ms)
				EditorAssembliesLoaded (0ms)
			ExecutionOrderSort2 (0ms)
			AwakeInstancesAfterBackupRestoration (5ms)
Platform modules already initialized, skipping
Refreshing native plugins compatible for Editor in 2.33 ms, found 3 plugins.
Preloading 0 native plugins for Editor in 0.00 ms.
Unloading 3368 Unused Serialized files (Serialized files now loaded: 0)
Unloading 20 unused Assets / (78.3 KB). Loaded Objects now: 3879.
Memory consumption went from 123.3 MB to 123.3 MB.
Total: 2.953900 ms (FindLiveObjects: 0.315500 ms CreateObjectMapping: 0.286700 ms MarkObjects: 2.263400 ms  DeleteObjects: 0.087000 ms)

AssetImportParameters requested are different than current active one (requested -> active):
  custom:video-decoder-ogg-theora: a1e56fd34408186e4bbccfd4996cb3dc -> 
  custom:container-muxer-webm: aa71ff27fc2769a1b78a27578f13a17b -> 
  custom:container-demuxer-webm: 4f35f7cbe854078d1ac9338744f61a02 -> 
  custom:video-encoder-webm-vp8: eb34c28f22e8b96e1ab97ce403110664 -> 
  custom:audio-encoder-webm-vorbis: bf7c407c2cedff20999df2af8eb42d56 -> 
  custom:framework-win-MediaFoundation: 216162199b28c13a410421893ffa2e32 -> 
  custom:container-demuxer-ogg: 62fdf1f143b41e24485cea50d1cbac27 -> 
  custom:video-decoder-webm-vp8: 9c59270c3fd7afecdb556c50c9e8de78 -> 
  custom:audio-decoder-ogg-vorbis: bf7c407c2cedff20999df2af8eb42d56 -> 
========================================================================
Received Prepare
Registering precompiled user dll's ...
Registered in 0.006775 seconds.
Begin MonoManager ReloadAssembly
Native extension for WindowsStandalone target not found
Refreshing native plugins compatible for Editor in 0.53 ms, found 3 plugins.
Preloading 0 native plugins for Editor in 0.00 ms.
Mono: successfully reloaded assembly
- Completed reload, in  0.931 seconds
Domain Reload Profiling:
	ReloadAssembly (932ms)
		BeginReloadAssembly (129ms)
			ExecutionOrderSort (0ms)
			DisableScriptedObjects (6ms)
			BackupInstance (0ms)
			ReleaseScriptingObjects (0ms)
			CreateAndSetChildDomain (34ms)
		EndReloadAssembly (712ms)
			LoadAssemblies (85ms)
			RebuildTransferFunctionScriptingTraits (0ms)
			SetupTypeCache (244ms)
			ReleaseScriptCaches (1ms)
			RebuildScriptCaches (40ms)
			SetupLoadedEditorAssemblies (307ms)
				LogAssemblyErrors (0ms)
				InitializePlatformSupportModulesInManaged (12ms)
				SetLoadedEditorAssemblies (0ms)
				RefreshPlugins (1ms)
				BeforeProcessingInitializeOnLoad (68ms)
				ProcessInitializeOnLoadAttributes (190ms)
				ProcessInitializeOnLoadMethodAttributes (28ms)
				AfterProcessingInitializeOnLoad (8ms)
				EditorAssembliesLoaded (0ms)
			ExecutionOrderSort2 (0ms)
			AwakeInstancesAfterBackupRestoration (5ms)
Platform modules already initialized, skipping
Refreshing native plugins compatible for Editor in 1.78 ms, found 3 plugins.
Preloading 0 native plugins for Editor in 0.00 ms.
Unloading 3368 Unused Serialized files (Serialized files now loaded: 0)
Unloading 20 unused Assets / (78.3 KB). Loaded Objects now: 3882.
Memory consumption went from 123.3 MB to 123.3 MB.
Total: 3.500200 ms (FindLiveObjects: 0.368500 ms CreateObjectMapping: 0.262000 ms MarkObjects: 2.734500 ms  DeleteObjects: 0.134100 ms)

AssetImportParameters requested are different than current active one (requested -> active):
  custom:video-decoder-ogg-theora: a1e56fd34408186e4bbccfd4996cb3dc -> 
  custom:container-muxer-webm: aa71ff27fc2769a1b78a27578f13a17b -> 
  custom:container-demuxer-webm: 4f35f7cbe854078d1ac9338744f61a02 -> 
  custom:video-encoder-webm-vp8: eb34c28f22e8b96e1ab97ce403110664 -> 
  custom:audio-encoder-webm-vorbis: bf7c407c2cedff20999df2af8eb42d56 -> 
  custom:framework-win-MediaFoundation: 216162199b28c13a410421893ffa2e32 -> 
  custom:container-demuxer-ogg: 62fdf1f143b41e24485cea50d1cbac27 -> 
  custom:video-decoder-webm-vp8: 9c59270c3fd7afecdb556c50c9e8de78 -> 
  custom:audio-decoder-ogg-vorbis: bf7c407c2cedff20999df2af8eb42d56 -> 
========================================================================
Received Prepare
Registering precompiled user dll's ...
Registered in 0.005279 seconds.
Begin MonoManager ReloadAssembly
Native extension for WindowsStandalone target not found
Refreshing native plugins compatible for Editor in 0.66 ms, found 3 plugins.
Preloading 0 native plugins for Editor in 0.00 ms.
Mono: successfully reloaded assembly
- Completed reload, in  0.914 seconds
Domain Reload Profiling:
	ReloadAssembly (915ms)
		BeginReloadAssembly (126ms)
			ExecutionOrderSort (0ms)
			DisableScriptedObjects (5ms)
			BackupInstance (0ms)
			ReleaseScriptingObjects (0ms)
			CreateAndSetChildDomain (34ms)
		EndReloadAssembly (695ms)
			LoadAssemblies (77ms)
			RebuildTransferFunctionScriptingTraits (0ms)
			SetupTypeCache (223ms)
			ReleaseScriptCaches (1ms)
			RebuildScriptCaches (61ms)
			SetupLoadedEditorAssemblies (289ms)
				LogAssemblyErrors (0ms)
				InitializePlatformSupportModulesInManaged (12ms)
				SetLoadedEditorAssemblies (0ms)
				RefreshPlugins (1ms)
				BeforeProcessingInitializeOnLoad (64ms)
				ProcessInitializeOnLoadAttributes (175ms)
				ProcessInitializeOnLoadMethodAttributes (29ms)
				AfterProcessingInitializeOnLoad (8ms)
				EditorAssembliesLoaded (0ms)
			ExecutionOrderSort2 (0ms)
			AwakeInstancesAfterBackupRestoration (5ms)
Platform modules already initialized, skipping
Refreshing native plugins compatible for Editor in 1.88 ms, found 3 plugins.
Preloading 0 native plugins for Editor in 0.00 ms.
Unloading 3368 Unused Serialized files (Serialized files now loaded: 0)
Unloading 20 unused Assets / (78.3 KB). Loaded Objects now: 3885.
Memory consumption went from 123.4 MB to 123.3 MB.
Total: 2.687100 ms (FindLiveObjects: 0.276200 ms CreateObjectMapping: 0.218900 ms MarkObjects: 2.119400 ms  DeleteObjects: 0.071600 ms)

AssetImportParameters requested are different than current active one (requested -> active):
  custom:video-decoder-ogg-theora: a1e56fd34408186e4bbccfd4996cb3dc -> 
  custom:container-muxer-webm: aa71ff27fc2769a1b78a27578f13a17b -> 
  custom:container-demuxer-webm: 4f35f7cbe854078d1ac9338744f61a02 -> 
  custom:video-encoder-webm-vp8: eb34c28f22e8b96e1ab97ce403110664 -> 
  custom:audio-encoder-webm-vorbis: bf7c407c2cedff20999df2af8eb42d56 -> 
  custom:framework-win-MediaFoundation: 216162199b28c13a410421893ffa2e32 -> 
  custom:container-demuxer-ogg: 62fdf1f143b41e24485cea50d1cbac27 -> 
  custom:video-decoder-webm-vp8: 9c59270c3fd7afecdb556c50c9e8de78 -> 
  custom:audio-decoder-ogg-vorbis: bf7c407c2cedff20999df2af8eb42d56 -> 
========================================================================
Received Import Request.
  Time since last request: 3232.633566 seconds.
  path: Assets/Materials/Leafs.mat
  artifactKey: Guid(4579ef3c88d018245aadd8a923d58112) Importer(815301076,1909f56bfc062723c751e8b465ee728b)
Start importing Assets/Materials/Leafs.mat using Guid(4579ef3c88d018245aadd8a923d58112) Importer(815301076,1909f56bfc062723c751e8b465ee728b)  -> (artifact id: '63413a1ff5c62e9e23fd3ce15b02e751') in 0.108968 seconds 
========================================================================
Received Import Request.
  Time since last request: 0.000031 seconds.
  path: Assets/Materials/Water.mat
  artifactKey: Guid(3d0e7d54132636f4aaee7efd23ed8f36) Importer(815301076,1909f56bfc062723c751e8b465ee728b)
Start importing Assets/Materials/Water.mat using Guid(3d0e7d54132636f4aaee7efd23ed8f36) Importer(815301076,1909f56bfc062723c751e8b465ee728b)  -> (artifact id: '89382bbb6370f153abfe09f9ca27659b') in 0.015054 seconds 
========================================================================
Received Import Request.
  Time since last request: 78.373691 seconds.
  path: Assets/Models/Nature pack extended/naturePack_001.obj
  artifactKey: Guid(36d01a7e99983034f9107d2cacf55bbe) Importer(815301076,1909f56bfc062723c751e8b465ee728b)
Start importing Assets/Models/Nature pack extended/naturePack_001.obj using Guid(36d01a7e99983034f9107d2cacf55bbe) Importer(815301076,1909f56bfc062723c751e8b465ee728b)  -> (artifact id: '787c146beffa22b2e44d664a7396fd56') in 0.054431 seconds 
========================================================================
Received Import Request.
  Time since last request: 0.000050 seconds.
  path: Assets/Models/Nature pack extended/naturePack_005.obj
  artifactKey: Guid(6d1e2fc79e792924b93329969ff9258d) Importer(815301076,1909f56bfc062723c751e8b465ee728b)
Start importing Assets/Models/Nature pack extended/naturePack_005.obj using Guid(6d1e2fc79e792924b93329969ff9258d) Importer(815301076,1909f56bfc062723c751e8b465ee728b)  -> (artifact id: '5ff544bb782a1728686cc3ff7ae559a8') in 0.038494 seconds 
========================================================================
Received Import Request.
  Time since last request: 0.000032 seconds.
  path: Assets/Models/Nature pack extended/naturePack_023.obj
  artifactKey: Guid(7b890c2408f392241a25d8720e198c50) Importer(815301076,1909f56bfc062723c751e8b465ee728b)
Start importing Assets/Models/Nature pack extended/naturePack_023.obj using Guid(7b890c2408f392241a25d8720e198c50) Importer(815301076,1909f56bfc062723c751e8b465ee728b)  -> (artifact id: 'd6802354261460ad6f965ced768621a0') in 0.030439 seconds 
========================================================================
Received Import Request.
  Time since last request: 0.000029 seconds.
  path: Assets/Models/Nature pack extended/naturePack_029.obj
  artifactKey: Guid(20da69bd152db6e469c2b55ea8d39f44) Importer(815301076,1909f56bfc062723c751e8b465ee728b)
Start importing Assets/Models/Nature pack extended/naturePack_029.obj using Guid(20da69bd152db6e469c2b55ea8d39f44) Importer(815301076,1909f56bfc062723c751e8b465ee728b)  -> (artifact id: 'b9ee1e02dcf46fac73efb3b4a25684ef') in 0.036395 seconds 
========================================================================
Received Import Request.
  Time since last request: 0.000016 seconds.
  path: Assets/Models/Nature pack extended/naturePack_004.obj
  artifactKey: Guid(6d272c65794ef4d43a7ac245401981ec) Importer(815301076,1909f56bfc062723c751e8b465ee728b)
Start importing Assets/Models/Nature pack extended/naturePack_004.obj using Guid(6d272c65794ef4d43a7ac245401981ec) Importer(815301076,1909f56bfc062723c751e8b465ee728b)  -> (artifact id: 'eede0f9fef2c6bed0fd0ddaa65cd9f05') in 0.023823 seconds 
========================================================================
Received Import Request.
  Time since last request: 0.000018 seconds.
  path: Assets/Models/Nature pack extended/naturePack_025.obj
  artifactKey: Guid(ceb5dc489a3122b4c8ea890bf1f45015) Importer(815301076,1909f56bfc062723c751e8b465ee728b)
Start importing Assets/Models/Nature pack extended/naturePack_025.obj using Guid(ceb5dc489a3122b4c8ea890bf1f45015) Importer(815301076,1909f56bfc062723c751e8b465ee728b)  -> (artifact id: 'd024804874fdf71378c0b7bea4f7b54a') in 0.034316 seconds 
========================================================================
Received Import Request.
  Time since last request: 0.000033 seconds.
  path: Assets/Models/Nature pack extended/naturePack_003.obj
  artifactKey: Guid(18ac72f38a44da141b32da447e47f279) Importer(815301076,1909f56bfc062723c751e8b465ee728b)
Start importing Assets/Models/Nature pack extended/naturePack_003.obj using Guid(18ac72f38a44da141b32da447e47f279) Importer(815301076,1909f56bfc062723c751e8b465ee728b)  -> (artifact id: 'dfc03afa58a92b2e4bf181cae00be052') in 0.025407 seconds 
========================================================================
Received Import Request.
  Time since last request: 0.751921 seconds.
  path: Assets/Models/Nature pack extended/naturePack_031.obj
  artifactKey: Guid(b6718d3b7ff298b468d8df1446331e7f) Importer(815301076,1909f56bfc062723c751e8b465ee728b)
Start importing Assets/Models/Nature pack extended/naturePack_031.obj using Guid(b6718d3b7ff298b468d8df1446331e7f) Importer(815301076,1909f56bfc062723c751e8b465ee728b)  -> (artifact id: '6c50b8891edf9280c28e1fed8ee2a407') in 0.022962 seconds 
========================================================================
Received Import Request.
  Time since last request: 0.000023 seconds.
  path: Assets/Models/Nature pack extended/naturePack_033.obj
  artifactKey: Guid(0954bd92817da104caa16539d7ab19ad) Importer(815301076,1909f56bfc062723c751e8b465ee728b)
Start importing Assets/Models/Nature pack extended/naturePack_033.obj using Guid(0954bd92817da104caa16539d7ab19ad) Importer(815301076,1909f56bfc062723c751e8b465ee728b)  -> (artifact id: '41e8efa8e55c2e38de6842075a90e11c') in 0.023531 seconds 
========================================================================
Received Import Request.
  Time since last request: 0.000031 seconds.
  path: Assets/Models/Nature pack extended/naturePack_044.obj
  artifactKey: Guid(b160645b1533e21479de8e69292af997) Importer(815301076,1909f56bfc062723c751e8b465ee728b)
Start importing Assets/Models/Nature pack extended/naturePack_044.obj using Guid(b160645b1533e21479de8e69292af997) Importer(815301076,1909f56bfc062723c751e8b465ee728b)  -> (artifact id: '5733b339582711eb20ceaef4e935c451') in 0.030485 seconds 
========================================================================
Received Import Request.
  Time since last request: 0.000052 seconds.
  path: Assets/Models/Nature pack extended/naturePack_043.obj
  artifactKey: Guid(7e1f28ae88641364ea73b07b4c7dcfe6) Importer(815301076,1909f56bfc062723c751e8b465ee728b)
Start importing Assets/Models/Nature pack extended/naturePack_043.obj using Guid(7e1f28ae88641364ea73b07b4c7dcfe6) Importer(815301076,1909f56bfc062723c751e8b465ee728b)  -> (artifact id: 'efa936bf8da2aa4bda70bebc21ec1a22') in 0.025766 seconds 
========================================================================
Received Import Request.
  Time since last request: 0.000063 seconds.
  path: Assets/Models/Nature pack extended/naturePack_052.obj
  artifactKey: Guid(bdcfeae659651984ea0845f0cb774e80) Importer(815301076,1909f56bfc062723c751e8b465ee728b)
Start importing Assets/Models/Nature pack extended/naturePack_052.obj using Guid(bdcfeae659651984ea0845f0cb774e80) Importer(815301076,1909f56bfc062723c751e8b465ee728b)  -> (artifact id: '134faac505cb4b9e897a8d4848719f3f') in 0.022757 seconds 
========================================================================
Received Import Request.
  Time since last request: 1.399920 seconds.
  path: Assets/Models/Nature pack extended/naturePack_057.obj
  artifactKey: Guid(200d613bf89dfed4696ff6a728329594) Importer(815301076,1909f56bfc062723c751e8b465ee728b)
Start importing Assets/Models/Nature pack extended/naturePack_057.obj using Guid(200d613bf89dfed4696ff6a728329594) Importer(815301076,1909f56bfc062723c751e8b465ee728b)  -> (artifact id: '8afaa5fead303f2eb23b41452682a198') in 0.023446 seconds 
========================================================================
Received Import Request.
  Time since last request: 0.000032 seconds.
  path: Assets/Models/Nature pack extended/naturePack_065.obj
  artifactKey: Guid(8c6c7c16b3657434593e92af26aa1fff) Importer(815301076,1909f56bfc062723c751e8b465ee728b)
Start importing Assets/Models/Nature pack extended/naturePack_065.obj using Guid(8c6c7c16b3657434593e92af26aa1fff) Importer(815301076,1909f56bfc062723c751e8b465ee728b)  -> (artifact id: 'acb582ebf95888e204c6b8e1b88e578b') in 0.024239 seconds 
========================================================================
Received Import Request.
  Time since last request: 0.000046 seconds.
  path: Assets/Models/Nature pack extended/naturePack_064.obj
  artifactKey: Guid(fd1e003366ac8e14d80ebe9e47383317) Importer(815301076,1909f56bfc062723c751e8b465ee728b)
Start importing Assets/Models/Nature pack extended/naturePack_064.obj using Guid(fd1e003366ac8e14d80ebe9e47383317) Importer(815301076,1909f56bfc062723c751e8b465ee728b)  -> (artifact id: '0f50d02d306c2a4e00d8a2aa85385d6c') in 0.026409 seconds 
========================================================================
Received Import Request.
  Time since last request: 0.000015 seconds.
  path: Assets/Models/Nature pack extended/naturePack_062.obj
  artifactKey: Guid(129f0517e7d826844b87c8c15735d4c9) Importer(815301076,1909f56bfc062723c751e8b465ee728b)
Start importing Assets/Models/Nature pack extended/naturePack_062.obj using Guid(129f0517e7d826844b87c8c15735d4c9) Importer(815301076,1909f56bfc062723c751e8b465ee728b)  -> (artifact id: '750b1eb39a2419c172da56f5ecd06f09') in 0.026905 seconds 
========================================================================
Received Import Request.
  Time since last request: 1.757398 seconds.
  path: Assets/Models/Nature pack extended/naturePack_071.obj
  artifactKey: Guid(76e4e50ab0788a64f95b653fd9ff10b5) Importer(815301076,1909f56bfc062723c751e8b465ee728b)
Start importing Assets/Models/Nature pack extended/naturePack_071.obj using Guid(76e4e50ab0788a64f95b653fd9ff10b5) Importer(815301076,1909f56bfc062723c751e8b465ee728b)  -> (artifact id: 'ccc7a4fe5905ed5a796424262ac2187d') in 0.023461 seconds 
========================================================================
Received Import Request.
  Time since last request: 0.024375 seconds.
  path: Assets/Models/Nature pack extended/naturePack_076.obj
  artifactKey: Guid(ab14c898eaf012f4b95344ca5446db48) Importer(815301076,1909f56bfc062723c751e8b465ee728b)
Start importing Assets/Models/Nature pack extended/naturePack_076.obj using Guid(ab14c898eaf012f4b95344ca5446db48) Importer(815301076,1909f56bfc062723c751e8b465ee728b)  -> (artifact id: '3846e41bc8677914917dfe321fc0025a') in 0.025301 seconds 
========================================================================
Received Import Request.
  Time since last request: 1.748616 seconds.
  path: Assets/Models/Nature pack extended/naturePack_084.obj
  artifactKey: Guid(a24d295862bcfe74a9f6c2c818769b4d) Importer(815301076,1909f56bfc062723c751e8b465ee728b)
Start importing Assets/Models/Nature pack extended/naturePack_084.obj using Guid(a24d295862bcfe74a9f6c2c818769b4d) Importer(815301076,1909f56bfc062723c751e8b465ee728b)  -> (artifact id: 'c2b473db05ffa7cfc568148b6e96a9ee') in 0.027456 seconds 
========================================================================
Received Import Request.
  Time since last request: 0.025796 seconds.
  path: Assets/Models/Nature pack extended/naturePack_091.obj
  artifactKey: Guid(93f046ba317f4e04e83de46bb4fe0199) Importer(815301076,1909f56bfc062723c751e8b465ee728b)
Start importing Assets/Models/Nature pack extended/naturePack_091.obj using Guid(93f046ba317f4e04e83de46bb4fe0199) Importer(815301076,1909f56bfc062723c751e8b465ee728b)  -> (artifact id: '9e778f25422de07d3c667a2cd48ee20e') in 0.033063 seconds 
========================================================================
Received Import Request.
  Time since last request: 1.570971 seconds.
  path: Assets/Models/Nature pack extended/naturePack_099.obj
  artifactKey: Guid(d49bb73d838af7d4d961e242ee3c8a5c) Importer(815301076,1909f56bfc062723c751e8b465ee728b)
Start importing Assets/Models/Nature pack extended/naturePack_099.obj using Guid(d49bb73d838af7d4d961e242ee3c8a5c) Importer(815301076,1909f56bfc062723c751e8b465ee728b)  -> (artifact id: 'c78c883d59b1476cabdeeda5939ec9d8') in 0.026263 seconds 
========================================================================
Received Import Request.
  Time since last request: 0.053393 seconds.
  path: Assets/Models/Nature pack extended/naturePack_106.obj
  artifactKey: Guid(ef88d7fdd02fd98488bc233cde8ff7b3) Importer(815301076,1909f56bfc062723c751e8b465ee728b)
Start importing Assets/Models/Nature pack extended/naturePack_106.obj using Guid(ef88d7fdd02fd98488bc233cde8ff7b3) Importer(815301076,1909f56bfc062723c751e8b465ee728b)  -> (artifact id: 'f088db24cd447a2b0c2a20aa043808ce') in 0.032266 seconds 
========================================================================
Received Import Request.
  Time since last request: 1.111237 seconds.
  path: Assets/Models/Nature pack extended/naturePack_114.obj
  artifactKey: Guid(04a6876120efbf64ab6d98ccc8c8bc0c) Importer(815301076,1909f56bfc062723c751e8b465ee728b)
Start importing Assets/Models/Nature pack extended/naturePack_114.obj using Guid(04a6876120efbf64ab6d98ccc8c8bc0c) Importer(815301076,1909f56bfc062723c751e8b465ee728b)  -> (artifact id: '2deb3f0cfb7a06d31d4cae7e2a63d09d') in 0.028913 seconds 
========================================================================
Received Import Request.
  Time since last request: 0.000027 seconds.
  path: Assets/Models/Nature pack extended/naturePack_119.obj
  artifactKey: Guid(958152b8e73955d4593bd72b8aa0f57c) Importer(815301076,1909f56bfc062723c751e8b465ee728b)
Start importing Assets/Models/Nature pack extended/naturePack_119.obj using Guid(958152b8e73955d4593bd72b8aa0f57c) Importer(815301076,1909f56bfc062723c751e8b465ee728b)  -> (artifact id: '382d2258b7ca05a5c7d469ddfb6110fc') in 0.020288 seconds 
========================================================================
Received Import Request.
  Time since last request: 1.071378 seconds.
  path: Assets/Models/Nature pack extended/naturePack_125.obj
  artifactKey: Guid(abf139aba1ab1014981b5a8c1e56a642) Importer(815301076,1909f56bfc062723c751e8b465ee728b)
Start importing Assets/Models/Nature pack extended/naturePack_125.obj using Guid(abf139aba1ab1014981b5a8c1e56a642) Importer(815301076,1909f56bfc062723c751e8b465ee728b)  -> (artifact id: '1854e68ffd23ceb25e3dea2b4d363c01') in 0.022907 seconds 
========================================================================
Received Import Request.
  Time since last request: 0.000026 seconds.
  path: Assets/Models/Nature pack extended/naturePack_134.obj
  artifactKey: Guid(57ca90a6c49aac240bb0d75dc225a134) Importer(815301076,1909f56bfc062723c751e8b465ee728b)
Start importing Assets/Models/Nature pack extended/naturePack_134.obj using Guid(57ca90a6c49aac240bb0d75dc225a134) Importer(815301076,1909f56bfc062723c751e8b465ee728b)  -> (artifact id: '36183fc3e8332424919a166b54091cca') in 0.023052 seconds 
========================================================================
Received Import Request.
  Time since last request: 20.460703 seconds.
  path: Assets/Models/Nature pack extended/naturePack_136.obj
  artifactKey: Guid(a37d0b89210e9a642bbcf90b6a00db09) Importer(815301076,1909f56bfc062723c751e8b465ee728b)
Start importing Assets/Models/Nature pack extended/naturePack_136.obj using Guid(a37d0b89210e9a642bbcf90b6a00db09) Importer(815301076,1909f56bfc062723c751e8b465ee728b)  -> (artifact id: 'e2a99e120ccc79e9ff2688290d62665d') in 0.039977 seconds 
========================================================================
Received Import Request.
  Time since last request: 0.208545 seconds.
  path: Assets/Models/Nature pack extended/naturePack_144.obj
  artifactKey: Guid(f4d6698dcf724664393507337daa6cfa) Importer(815301076,1909f56bfc062723c751e8b465ee728b)
Start importing Assets/Models/Nature pack extended/naturePack_144.obj using Guid(f4d6698dcf724664393507337daa6cfa) Importer(815301076,1909f56bfc062723c751e8b465ee728b)  -> (artifact id: 'ec55e4fa5ea3310d16a49c4faf16e11d') in 0.032545 seconds 
========================================================================
Received Import Request.
  Time since last request: 0.224151 seconds.
  path: Assets/Models/Nature pack extended/naturePack_151.obj
  artifactKey: Guid(6f821c245bbd1bb4dbbee8bf10cc656e) Importer(815301076,1909f56bfc062723c751e8b465ee728b)
Start importing Assets/Models/Nature pack extended/naturePack_151.obj using Guid(6f821c245bbd1bb4dbbee8bf10cc656e) Importer(815301076,1909f56bfc062723c751e8b465ee728b)  -> (artifact id: '5199606cddc1d753348042a597d76eea') in 0.026059 seconds 
========================================================================
Received Import Request.
  Time since last request: 0.000036 seconds.
  path: Assets/Models/Nature pack extended/naturePack_157.obj
  artifactKey: Guid(1ec7148d8e74a864e827db0c85f41d94) Importer(815301076,1909f56bfc062723c751e8b465ee728b)
Start importing Assets/Models/Nature pack extended/naturePack_157.obj using Guid(1ec7148d8e74a864e827db0c85f41d94) Importer(815301076,1909f56bfc062723c751e8b465ee728b)  -> (artifact id: '94efcfbfe315831b8275805ea9e9791d') in 0.033132 seconds 
========================================================================
Received Import Request.
  Time since last request: 0.789608 seconds.
  path: Assets/Models/Nature pack extended/naturePack_159.obj
  artifactKey: Guid(3ca99c00965e4574d907a11c0695b807) Importer(815301076,1909f56bfc062723c751e8b465ee728b)
Start importing Assets/Models/Nature pack extended/naturePack_159.obj using Guid(3ca99c00965e4574d907a11c0695b807) Importer(815301076,1909f56bfc062723c751e8b465ee728b)  -> (artifact id: 'd00a43daad622cc3eaceeb332a14e4a2') in 0.034505 seconds 
========================================================================
Received Import Request.
  Time since last request: 0.059926 seconds.
  path: Assets/Models/Nature pack extended/naturePack_166.obj
  artifactKey: Guid(7b36c7aadf9f84a4da8dc9ed41aefd07) Importer(815301076,1909f56bfc062723c751e8b465ee728b)
Start importing Assets/Models/Nature pack extended/naturePack_166.obj using Guid(7b36c7aadf9f84a4da8dc9ed41aefd07) Importer(815301076,1909f56bfc062723c751e8b465ee728b)  -> (artifact id: 'ee2ebbaf0cabe92c91abe92b5860e166') in 0.025090 seconds 
========================================================================
Received Import Request.
  Time since last request: 0.710851 seconds.
  path: Assets/Models/Nature pack extended/naturePack_174.obj
  artifactKey: Guid(bf752292d51c7864b8dc1d49d1ef7f47) Importer(815301076,1909f56bfc062723c751e8b465ee728b)
Start importing Assets/Models/Nature pack extended/naturePack_174.obj using Guid(bf752292d51c7864b8dc1d49d1ef7f47) Importer(815301076,1909f56bfc062723c751e8b465ee728b)  -> (artifact id: 'ebae06c5cef3986f99236a9ab11a1fd5') in 0.019387 seconds 
========================================================================
Received Import Request.
  Time since last request: 2.885215 seconds.
  path: Assets/Models/Nature pack extended/naturePack_flat_008.obj
  artifactKey: Guid(b13c18543ddca77479ddb533e850902f) Importer(815301076,1909f56bfc062723c751e8b465ee728b)
Start importing Assets/Models/Nature pack extended/naturePack_flat_008.obj using Guid(b13c18543ddca77479ddb533e850902f) Importer(815301076,1909f56bfc062723c751e8b465ee728b)  -> (artifact id: '34ba184262d91018e80b95bc3fee10df') in 0.057253 seconds 
========================================================================
Received Prepare
Registering precompiled user dll's ...
Registered in 0.005353 seconds.
Begin MonoManager ReloadAssembly
Native extension for WindowsStandalone target not found
Refreshing native plugins compatible for Editor in 0.92 ms, found 3 plugins.
Preloading 0 native plugins for Editor in 0.00 ms.
Mono: successfully reloaded assembly
- Completed reload, in  0.947 seconds
Domain Reload Profiling:
	ReloadAssembly (947ms)
		BeginReloadAssembly (133ms)
			ExecutionOrderSort (0ms)
			DisableScriptedObjects (5ms)
			BackupInstance (0ms)
			ReleaseScriptingObjects (0ms)
			CreateAndSetChildDomain (39ms)
		EndReloadAssembly (711ms)
			LoadAssemblies (83ms)
			RebuildTransferFunctionScriptingTraits (0ms)
			SetupTypeCache (246ms)
			ReleaseScriptCaches (1ms)
			RebuildScriptCaches (38ms)
			SetupLoadedEditorAssemblies (307ms)
				LogAssemblyErrors (0ms)
				InitializePlatformSupportModulesInManaged (13ms)
				SetLoadedEditorAssemblies (1ms)
				RefreshPlugins (1ms)
				BeforeProcessingInitializeOnLoad (67ms)
				ProcessInitializeOnLoadAttributes (191ms)
				ProcessInitializeOnLoadMethodAttributes (27ms)
				AfterProcessingInitializeOnLoad (8ms)
				EditorAssembliesLoaded (0ms)
			ExecutionOrderSort2 (0ms)
			AwakeInstancesAfterBackupRestoration (5ms)
Platform modules already initialized, skipping
Refreshing native plugins compatible for Editor in 2.45 ms, found 3 plugins.
Preloading 0 native plugins for Editor in 0.00 ms.
Unloading 3368 Unused Serialized files (Serialized files now loaded: 0)
Unloading 20 unused Assets / (78.4 KB). Loaded Objects now: 3921.
Memory consumption went from 123.8 MB to 123.7 MB.
Total: 4.122400 ms (FindLiveObjects: 0.390800 ms CreateObjectMapping: 0.187200 ms MarkObjects: 3.420000 ms  DeleteObjects: 0.123100 ms)

AssetImportParameters requested are different than current active one (requested -> active):
  custom:video-decoder-ogg-theora: a1e56fd34408186e4bbccfd4996cb3dc -> 
  custom:container-muxer-webm: aa71ff27fc2769a1b78a27578f13a17b -> 
  custom:container-demuxer-webm: 4f35f7cbe854078d1ac9338744f61a02 -> 
  custom:video-encoder-webm-vp8: eb34c28f22e8b96e1ab97ce403110664 -> 
  custom:audio-encoder-webm-vorbis: bf7c407c2cedff20999df2af8eb42d56 -> 
  custom:framework-win-MediaFoundation: 216162199b28c13a410421893ffa2e32 -> 
  custom:container-demuxer-ogg: 62fdf1f143b41e24485cea50d1cbac27 -> 
  custom:video-decoder-webm-vp8: 9c59270c3fd7afecdb556c50c9e8de78 -> 
  custom:audio-decoder-ogg-vorbis: bf7c407c2cedff20999df2af8eb42d56 -> 
========================================================================
Received Prepare
Registering precompiled user dll's ...
Registered in 0.005484 seconds.
Begin MonoManager ReloadAssembly
Native extension for WindowsStandalone target not found
Refreshing native plugins compatible for Editor in 0.62 ms, found 3 plugins.
Preloading 0 native plugins for Editor in 0.00 ms.
Mono: successfully reloaded assembly
- Completed reload, in  0.947 seconds
Domain Reload Profiling:
	ReloadAssembly (948ms)
		BeginReloadAssembly (131ms)
			ExecutionOrderSort (0ms)
			DisableScriptedObjects (7ms)
			BackupInstance (0ms)
			ReleaseScriptingObjects (0ms)
			CreateAndSetChildDomain (35ms)
		EndReloadAssembly (719ms)
			LoadAssemblies (83ms)
			RebuildTransferFunctionScriptingTraits (0ms)
			SetupTypeCache (250ms)
			ReleaseScriptCaches (1ms)
			RebuildScriptCaches (43ms)
			SetupLoadedEditorAssemblies (301ms)
				LogAssemblyErrors (0ms)
				InitializePlatformSupportModulesInManaged (12ms)
				SetLoadedEditorAssemblies (0ms)
				RefreshPlugins (1ms)
				BeforeProcessingInitializeOnLoad (65ms)
				ProcessInitializeOnLoadAttributes (189ms)
				ProcessInitializeOnLoadMethodAttributes (26ms)
				AfterProcessingInitializeOnLoad (8ms)
				EditorAssembliesLoaded (0ms)
			ExecutionOrderSort2 (0ms)
			AwakeInstancesAfterBackupRestoration (5ms)
Platform modules already initialized, skipping
Refreshing native plugins compatible for Editor in 1.75 ms, found 3 plugins.
Preloading 0 native plugins for Editor in 0.00 ms.
Unloading 3368 Unused Serialized files (Serialized files now loaded: 0)
Unloading 20 unused Assets / (78.4 KB). Loaded Objects now: 3924.
Memory consumption went from 123.8 MB to 123.7 MB.
Total: 3.337400 ms (FindLiveObjects: 0.563500 ms CreateObjectMapping: 0.314800 ms MarkObjects: 2.374200 ms  DeleteObjects: 0.083800 ms)

AssetImportParameters requested are different than current active one (requested -> active):
  custom:video-decoder-ogg-theora: a1e56fd34408186e4bbccfd4996cb3dc -> 
  custom:container-muxer-webm: aa71ff27fc2769a1b78a27578f13a17b -> 
  custom:container-demuxer-webm: 4f35f7cbe854078d1ac9338744f61a02 -> 
  custom:video-encoder-webm-vp8: eb34c28f22e8b96e1ab97ce403110664 -> 
  custom:audio-encoder-webm-vorbis: bf7c407c2cedff20999df2af8eb42d56 -> 
  custom:framework-win-MediaFoundation: 216162199b28c13a410421893ffa2e32 -> 
  custom:container-demuxer-ogg: 62fdf1f143b41e24485cea50d1cbac27 -> 
  custom:video-decoder-webm-vp8: 9c59270c3fd7afecdb556c50c9e8de78 -> 
  custom:audio-decoder-ogg-vorbis: bf7c407c2cedff20999df2af8eb42d56 -> 
========================================================================
Received Import Request.
  Time since last request: 459.261921 seconds.
  path: Assets/Models/Nature pack extended/naturePack_flat_010.obj
  artifactKey: Guid(1ffc3ed37bd42d441a4d8205755a4543) Importer(815301076,1909f56bfc062723c751e8b465ee728b)
Start importing Assets/Models/Nature pack extended/naturePack_flat_010.obj using Guid(1ffc3ed37bd42d441a4d8205755a4543) Importer(815301076,1909f56bfc062723c751e8b465ee728b)  -> (artifact id: '576218d1d835c01b3c1e38d99de91301') in 0.131708 seconds 
========================================================================
Received Prepare
Registering precompiled user dll's ...
Registered in 0.005325 seconds.
Begin MonoManager ReloadAssembly
Native extension for WindowsStandalone target not found
Refreshing native plugins compatible for Editor in 1.44 ms, found 3 plugins.
Preloading 0 native plugins for Editor in 0.00 ms.
Mono: successfully reloaded assembly
- Completed reload, in  0.952 seconds
Domain Reload Profiling:
	ReloadAssembly (953ms)
		BeginReloadAssembly (136ms)
			ExecutionOrderSort (0ms)
			DisableScriptedObjects (4ms)
			BackupInstance (0ms)
			ReleaseScriptingObjects (0ms)
			CreateAndSetChildDomain (39ms)
		EndReloadAssembly (726ms)
			LoadAssemblies (86ms)
			RebuildTransferFunctionScriptingTraits (0ms)
			SetupTypeCache (253ms)
			ReleaseScriptCaches (1ms)
			RebuildScriptCaches (39ms)
			SetupLoadedEditorAssemblies (312ms)
				LogAssemblyErrors (0ms)
				InitializePlatformSupportModulesInManaged (12ms)
				SetLoadedEditorAssemblies (1ms)
				RefreshPlugins (2ms)
				BeforeProcessingInitializeOnLoad (69ms)
				ProcessInitializeOnLoadAttributes (192ms)
				ProcessInitializeOnLoadMethodAttributes (29ms)
				AfterProcessingInitializeOnLoad (8ms)
				EditorAssembliesLoaded (0ms)
			ExecutionOrderSort2 (0ms)
			AwakeInstancesAfterBackupRestoration (5ms)
Platform modules already initialized, skipping
Refreshing native plugins compatible for Editor in 1.98 ms, found 3 plugins.
Preloading 0 native plugins for Editor in 0.00 ms.
Unloading 3368 Unused Serialized files (Serialized files now loaded: 0)
Unloading 20 unused Assets / (78.5 KB). Loaded Objects now: 3927.
Memory consumption went from 123.8 MB to 123.7 MB.
Total: 4.104300 ms (FindLiveObjects: 0.253800 ms CreateObjectMapping: 0.232100 ms MarkObjects: 3.476800 ms  DeleteObjects: 0.140100 ms)

AssetImportParameters requested are different than current active one (requested -> active):
  custom:video-decoder-ogg-theora: a1e56fd34408186e4bbccfd4996cb3dc -> 
  custom:container-muxer-webm: aa71ff27fc2769a1b78a27578f13a17b -> 
  custom:container-demuxer-webm: 4f35f7cbe854078d1ac9338744f61a02 -> 
  custom:video-encoder-webm-vp8: eb34c28f22e8b96e1ab97ce403110664 -> 
  custom:audio-encoder-webm-vorbis: bf7c407c2cedff20999df2af8eb42d56 -> 
  custom:framework-win-MediaFoundation: 216162199b28c13a410421893ffa2e32 -> 
  custom:container-demuxer-ogg: 62fdf1f143b41e24485cea50d1cbac27 -> 
  custom:video-decoder-webm-vp8: 9c59270c3fd7afecdb556c50c9e8de78 -> 
  custom:audio-decoder-ogg-vorbis: bf7c407c2cedff20999df2af8eb42d56 -> 
========================================================================
Received Import Request.
  Time since last request: 353.648407 seconds.
  path: Assets/Models/Nature pack extended/naturePack_flat_005.obj
  artifactKey: Guid(8cbfa08be247abf409f09a70468aa6dc) Importer(815301076,1909f56bfc062723c751e8b465ee728b)
Start importing Assets/Models/Nature pack extended/naturePack_flat_005.obj using Guid(8cbfa08be247abf409f09a70468aa6dc) Importer(815301076,1909f56bfc062723c751e8b465ee728b)  -> (artifact id: '0c69f5ee368fb975c6944aa29e7f7dfa') in 0.116477 seconds 
========================================================================
Received Import Request.
  Time since last request: 808.206987 seconds.
  path: Assets/Models/Nature pack extended/naturePack_flat_006.obj
  artifactKey: Guid(f48f1a27c7f82ce4d8fcc66f66945006) Importer(815301076,1909f56bfc062723c751e8b465ee728b)
Start importing Assets/Models/Nature pack extended/naturePack_flat_006.obj using Guid(f48f1a27c7f82ce4d8fcc66f66945006) Importer(815301076,1909f56bfc062723c751e8b465ee728b)  -> (artifact id: '7ae81b635d7b8ff30dcc95c57a2f7fb9') in 0.056726 seconds 
========================================================================
Received Import Request.
  Time since last request: 42.754767 seconds.
  path: Assets/Models/Nature pack extended/naturePack_138.obj
  artifactKey: Guid(4cb895a60f92b674384c5e3695479306) Importer(815301076,1909f56bfc062723c751e8b465ee728b)
Start importing Assets/Models/Nature pack extended/naturePack_138.obj using Guid(4cb895a60f92b674384c5e3695479306) Importer(815301076,1909f56bfc062723c751e8b465ee728b)  -> (artifact id: '3b7ba94da8619a6c6de725cf14072bbb') in 0.020707 seconds 
========================================================================
Received Prepare
Registering precompiled user dll's ...
Registered in 0.005446 seconds.
Begin MonoManager ReloadAssembly
Native extension for WindowsStandalone target not found
Refreshing native plugins compatible for Editor in 0.60 ms, found 3 plugins.
Preloading 0 native plugins for Editor in 0.00 ms.
Mono: successfully reloaded assembly
- Completed reload, in  1.025 seconds
Domain Reload Profiling:
	ReloadAssembly (1026ms)
		BeginReloadAssembly (218ms)
			ExecutionOrderSort (0ms)
			DisableScriptedObjects (9ms)
			BackupInstance (0ms)
			ReleaseScriptingObjects (0ms)
			CreateAndSetChildDomain (110ms)
		EndReloadAssembly (716ms)
			LoadAssemblies (83ms)
			RebuildTransferFunctionScriptingTraits (0ms)
			SetupTypeCache (235ms)
			ReleaseScriptCaches (1ms)
			RebuildScriptCaches (37ms)
			SetupLoadedEditorAssemblies (302ms)
				LogAssemblyErrors (0ms)
				InitializePlatformSupportModulesInManaged (12ms)
				SetLoadedEditorAssemblies (1ms)
				RefreshPlugins (1ms)
				BeforeProcessingInitializeOnLoad (65ms)
				ProcessInitializeOnLoadAttributes (180ms)
				ProcessInitializeOnLoadMethodAttributes (34ms)
				AfterProcessingInitializeOnLoad (9ms)
				EditorAssembliesLoaded (0ms)
			ExecutionOrderSort2 (0ms)
			AwakeInstancesAfterBackupRestoration (5ms)
Platform modules already initialized, skipping
Refreshing native plugins compatible for Editor in 1.79 ms, found 3 plugins.
Preloading 0 native plugins for Editor in 0.00 ms.
Unloading 3368 Unused Serialized files (Serialized files now loaded: 0)
Unloading 20 unused Assets / (78.5 KB). Loaded Objects now: 3930.
Memory consumption went from 123.8 MB to 123.7 MB.
Total: 3.901000 ms (FindLiveObjects: 0.666500 ms CreateObjectMapping: 0.254300 ms MarkObjects: 2.857800 ms  DeleteObjects: 0.121700 ms)

AssetImportParameters requested are different than current active one (requested -> active):
  custom:video-decoder-ogg-theora: a1e56fd34408186e4bbccfd4996cb3dc -> 
  custom:container-muxer-webm: aa71ff27fc2769a1b78a27578f13a17b -> 
  custom:container-demuxer-webm: 4f35f7cbe854078d1ac9338744f61a02 -> 
  custom:video-encoder-webm-vp8: eb34c28f22e8b96e1ab97ce403110664 -> 
  custom:audio-encoder-webm-vorbis: bf7c407c2cedff20999df2af8eb42d56 -> 
  custom:framework-win-MediaFoundation: 216162199b28c13a410421893ffa2e32 -> 
  custom:container-demuxer-ogg: 62fdf1f143b41e24485cea50d1cbac27 -> 
  custom:video-decoder-webm-vp8: 9c59270c3fd7afecdb556c50c9e8de78 -> 
  custom:audio-decoder-ogg-vorbis: bf7c407c2cedff20999df2af8eb42d56 -> 
========================================================================
Received Prepare
Registering precompiled user dll's ...
Registered in 0.008626 seconds.
Begin MonoManager ReloadAssembly
Native extension for WindowsStandalone target not found
Refreshing native plugins compatible for Editor in 0.68 ms, found 3 plugins.
Preloading 0 native plugins for Editor in 0.00 ms.
Mono: successfully reloaded assembly
- Completed reload, in  0.918 seconds
Domain Reload Profiling:
	ReloadAssembly (918ms)
		BeginReloadAssembly (125ms)
			ExecutionOrderSort (0ms)
			DisableScriptedObjects (5ms)
			BackupInstance (0ms)
			ReleaseScriptingObjects (0ms)
			CreateAndSetChildDomain (31ms)
		EndReloadAssembly (689ms)
			LoadAssemblies (80ms)
			RebuildTransferFunctionScriptingTraits (0ms)
			SetupTypeCache (232ms)
			ReleaseScriptCaches (1ms)
			RebuildScriptCaches (38ms)
			SetupLoadedEditorAssemblies (306ms)
				LogAssemblyErrors (0ms)
				InitializePlatformSupportModulesInManaged (12ms)
				SetLoadedEditorAssemblies (0ms)
				RefreshPlugins (1ms)
				BeforeProcessingInitializeOnLoad (81ms)
				ProcessInitializeOnLoadAttributes (180ms)
				ProcessInitializeOnLoadMethodAttributes (24ms)
				AfterProcessingInitializeOnLoad (8ms)
				EditorAssembliesLoaded (0ms)
			ExecutionOrderSort2 (0ms)
			AwakeInstancesAfterBackupRestoration (5ms)
Platform modules already initialized, skipping
Refreshing native plugins compatible for Editor in 1.74 ms, found 3 plugins.
Preloading 0 native plugins for Editor in 0.00 ms.
Unloading 3368 Unused Serialized files (Serialized files now loaded: 0)
Unloading 20 unused Assets / (78.4 KB). Loaded Objects now: 3933.
Memory consumption went from 123.8 MB to 123.7 MB.
Total: 3.545400 ms (FindLiveObjects: 0.470000 ms CreateObjectMapping: 0.369400 ms MarkObjects: 2.633900 ms  DeleteObjects: 0.071300 ms)

AssetImportParameters requested are different than current active one (requested -> active):
  custom:video-decoder-ogg-theora: a1e56fd34408186e4bbccfd4996cb3dc -> 
  custom:container-muxer-webm: aa71ff27fc2769a1b78a27578f13a17b -> 
  custom:container-demuxer-webm: 4f35f7cbe854078d1ac9338744f61a02 -> 
  custom:video-encoder-webm-vp8: eb34c28f22e8b96e1ab97ce403110664 -> 
  custom:audio-encoder-webm-vorbis: bf7c407c2cedff20999df2af8eb42d56 -> 
  custom:framework-win-MediaFoundation: 216162199b28c13a410421893ffa2e32 -> 
  custom:container-demuxer-ogg: 62fdf1f143b41e24485cea50d1cbac27 -> 
  custom:video-decoder-webm-vp8: 9c59270c3fd7afecdb556c50c9e8de78 -> 
  custom:audio-decoder-ogg-vorbis: bf7c407c2cedff20999df2af8eb42d56 -> 
========================================================================
Received Prepare
Refreshing native plugins compatible for Editor in 5.26 ms, found 3 plugins.
Preloading 0 native plugins for Editor in 0.00 ms.
Unloading 20 Unused Serialized files (Serialized files now loaded: 0)
Unloading 20 unused Assets / (75.7 KB). Loaded Objects now: 3933.
Memory consumption went from 55.7 MB to 55.7 MB.
Total: 3.315900 ms (FindLiveObjects: 0.271200 ms CreateObjectMapping: 0.201300 ms MarkObjects: 2.753100 ms  DeleteObjects: 0.089300 ms)

AssetImportParameters requested are different than current active one (requested -> active):
  custom:video-decoder-ogg-theora: a1e56fd34408186e4bbccfd4996cb3dc -> 
  custom:container-muxer-webm: aa71ff27fc2769a1b78a27578f13a17b -> 
  custom:container-demuxer-webm: 4f35f7cbe854078d1ac9338744f61a02 -> 
  custom:video-encoder-webm-vp8: eb34c28f22e8b96e1ab97ce403110664 -> 
  custom:audio-encoder-webm-vorbis: bf7c407c2cedff20999df2af8eb42d56 -> 
  custom:framework-win-MediaFoundation: 216162199b28c13a410421893ffa2e32 -> 
  custom:container-demuxer-ogg: 62fdf1f143b41e24485cea50d1cbac27 -> 
  custom:video-decoder-webm-vp8: 9c59270c3fd7afecdb556c50c9e8de78 -> 
  custom:audio-decoder-ogg-vorbis: bf7c407c2cedff20999df2af8eb42d56 -> 
========================================================================
Received Prepare
Refreshing native plugins compatible for Editor in 4.78 ms, found 3 plugins.
Preloading 0 native plugins for Editor in 0.00 ms.
Unloading 20 Unused Serialized files (Serialized files now loaded: 0)
Unloading 20 unused Assets / (75.8 KB). Loaded Objects now: 3933.
Memory consumption went from 55.7 MB to 55.7 MB.
Total: 2.778100 ms (FindLiveObjects: 0.286800 ms CreateObjectMapping: 0.245700 ms MarkObjects: 2.152100 ms  DeleteObjects: 0.092700 ms)

AssetImportParameters requested are different than current active one (requested -> active):
  custom:video-decoder-ogg-theora: a1e56fd34408186e4bbccfd4996cb3dc -> 
  custom:container-muxer-webm: aa71ff27fc2769a1b78a27578f13a17b -> 
  custom:container-demuxer-webm: 4f35f7cbe854078d1ac9338744f61a02 -> 
  custom:video-encoder-webm-vp8: eb34c28f22e8b96e1ab97ce403110664 -> 
  custom:audio-encoder-webm-vorbis: bf7c407c2cedff20999df2af8eb42d56 -> 
  custom:framework-win-MediaFoundation: 216162199b28c13a410421893ffa2e32 -> 
  custom:container-demuxer-ogg: 62fdf1f143b41e24485cea50d1cbac27 -> 
  custom:video-decoder-webm-vp8: 9c59270c3fd7afecdb556c50c9e8de78 -> 
  custom:audio-decoder-ogg-vorbis: bf7c407c2cedff20999df2af8eb42d56 -> 
