Using pre-set license
Built from '2021.3/staging' branch; Version is '2021.3.4f1 (cb45f9cae8b7) revision 13321721'; Using compiler version '192829333'; Build Type 'Release'
OS: 'Windows 11  (10.0.22000) 64bit Professional' Language: 'es' Physical Memory: 32611 MB
BatchMode: 1, IsHumanControllingUs: 0, StartBugReporterOnCrash: 0, Is64bit: 1, IsPro: 1

COMMAND LINE ARGUMENTS:
C:\Program Files\Unity\Hub\Editor\2021.3.4f1\Editor\Unity.exe
-adb2
-batchMode
-noUpm
-name
AssetImportWorker5
-projectPath
C:/Users/Nachio/Documents/GitHub/holbertonschool-unity/0x05-unity-assets_models_textures
-logFile
Logs/AssetImportWorker5.log
-srvPort
51579
Successfully changed project path to: C:/Users/Nachio/Documents/GitHub/holbertonschool-unity/0x05-unity-assets_models_textures
C:/Users/Nachio/Documents/GitHub/holbertonschool-unity/0x05-unity-assets_models_textures
[UnityMemory] Configuration Parameters - Can be set up in boot.config
    "memorysetup-bucket-allocator-granularity=16"
    "memorysetup-bucket-allocator-bucket-count=8"
    "memorysetup-bucket-allocator-block-size=33554432"
    "memorysetup-bucket-allocator-block-count=8"
    "memorysetup-main-allocator-block-size=16777216"
    "memorysetup-thread-allocator-block-size=16777216"
    "memorysetup-gfx-main-allocator-block-size=16777216"
    "memorysetup-gfx-thread-allocator-block-size=16777216"
    "memorysetup-cache-allocator-block-size=4194304"
    "memorysetup-typetree-allocator-block-size=2097152"
    "memorysetup-profiler-bucket-allocator-granularity=16"
    "memorysetup-profiler-bucket-allocator-bucket-count=8"
    "memorysetup-profiler-bucket-allocator-block-size=33554432"
    "memorysetup-profiler-bucket-allocator-block-count=8"
    "memorysetup-profiler-allocator-block-size=16777216"
    "memorysetup-profiler-editor-allocator-block-size=1048576"
    "memorysetup-temp-allocator-size-main=16777216"
    "memorysetup-job-temp-allocator-block-size=2097152"
    "memorysetup-job-temp-allocator-block-size-background=1048576"
    "memorysetup-job-temp-allocator-reduction-small-platforms=262144"
    "memorysetup-temp-allocator-size-background-worker=32768"
    "memorysetup-temp-allocator-size-job-worker=262144"
    "memorysetup-temp-allocator-size-preload-manager=33554432"
    "memorysetup-temp-allocator-size-nav-mesh-worker=65536"
    "memorysetup-temp-allocator-size-audio-worker=65536"
    "memorysetup-temp-allocator-size-cloud-worker=32768"
    "memorysetup-temp-allocator-size-gi-baking-worker=262144"
    "memorysetup-temp-allocator-size-gfx=262144"
Refreshing native plugins compatible for Editor in 102.31 ms, found 3 plugins.
Preloading 0 native plugins for Editor in 0.00 ms.
Initialize engine version: 2021.3.4f1 (cb45f9cae8b7)
[Subsystems] Discovering subsystems at path C:/Program Files/Unity/Hub/Editor/2021.3.4f1/Editor/Data/Resources/UnitySubsystems
[Subsystems] Discovering subsystems at path C:/Users/Nachio/Documents/GitHub/holbertonschool-unity/0x05-unity-assets_models_textures/Assets
GfxDevice: creating device client; threaded=0; jobified=0
Direct3D:
    Version:  Direct3D 11.0 [level 11.1]
    Renderer: NVIDIA GeForce GTX 1080 Ti (ID=0x1b06)
    Vendor:   NVIDIA
    VRAM:     11128 MB
    Driver:   30.0.14.9649
Initialize mono
Mono path[0] = 'C:/Program Files/Unity/Hub/Editor/2021.3.4f1/Editor/Data/Managed'
Mono path[1] = 'C:/Program Files/Unity/Hub/Editor/2021.3.4f1/Editor/Data/MonoBleedingEdge/lib/mono/unityjit-win32'
Mono config path = 'C:/Program Files/Unity/Hub/Editor/2021.3.4f1/Editor/Data/MonoBleedingEdge/etc'
Using monoOptions --debugger-agent=transport=dt_socket,embedding=1,server=y,suspend=n,address=127.0.0.1:56512
Begin MonoManager ReloadAssembly
Registering precompiled unity dll's ...
Register platform support module: C:/Program Files/Unity/Hub/Editor/2021.3.4f1/Editor/Data/PlaybackEngines/WindowsStandaloneSupport/UnityEditor.WindowsStandalone.Extensions.dll
Registered in 0.007621 seconds.
Native extension for WindowsStandalone target not found
Refreshing native plugins compatible for Editor in 91.27 ms, found 3 plugins.
Preloading 0 native plugins for Editor in 0.00 ms.
Mono: successfully reloaded assembly
- Completed reload, in  0.707 seconds
Domain Reload Profiling:
	ReloadAssembly (707ms)
		BeginReloadAssembly (89ms)
			ExecutionOrderSort (0ms)
			DisableScriptedObjects (0ms)
			BackupInstance (0ms)
			ReleaseScriptingObjects (0ms)
			CreateAndSetChildDomain (1ms)
		EndReloadAssembly (501ms)
			LoadAssemblies (86ms)
			RebuildTransferFunctionScriptingTraits (0ms)
			SetupTypeCache (105ms)
			ReleaseScriptCaches (0ms)
			RebuildScriptCaches (27ms)
			SetupLoadedEditorAssemblies (311ms)
				LogAssemblyErrors (0ms)
				InitializePlatformSupportModulesInManaged (8ms)
				SetLoadedEditorAssemblies (1ms)
				RefreshPlugins (91ms)
				BeforeProcessingInitializeOnLoad (1ms)
				ProcessInitializeOnLoadAttributes (157ms)
				ProcessInitializeOnLoadMethodAttributes (53ms)
				AfterProcessingInitializeOnLoad (0ms)
				EditorAssembliesLoaded (0ms)
			ExecutionOrderSort2 (0ms)
			AwakeInstancesAfterBackupRestoration (0ms)
Platform modules already initialized, skipping
Registering precompiled user dll's ...
Registered in 0.007737 seconds.
Begin MonoManager ReloadAssembly
Native extension for WindowsStandalone target not found
Refreshing native plugins compatible for Editor in 0.76 ms, found 3 plugins.
Preloading 0 native plugins for Editor in 0.00 ms.
Mono: successfully reloaded assembly
- Completed reload, in  1.075 seconds
Domain Reload Profiling:
	ReloadAssembly (1075ms)
		BeginReloadAssembly (114ms)
			ExecutionOrderSort (0ms)
			DisableScriptedObjects (5ms)
			BackupInstance (0ms)
			ReleaseScriptingObjects (0ms)
			CreateAndSetChildDomain (21ms)
		EndReloadAssembly (852ms)
			LoadAssemblies (88ms)
			RebuildTransferFunctionScriptingTraits (0ms)
			SetupTypeCache (316ms)
			ReleaseScriptCaches (1ms)
			RebuildScriptCaches (49ms)
			SetupLoadedEditorAssemblies (363ms)
				LogAssemblyErrors (0ms)
				InitializePlatformSupportModulesInManaged (6ms)
				SetLoadedEditorAssemblies (0ms)
				RefreshPlugins (1ms)
				BeforeProcessingInitializeOnLoad (97ms)
				ProcessInitializeOnLoadAttributes (225ms)
				ProcessInitializeOnLoadMethodAttributes (25ms)
				AfterProcessingInitializeOnLoad (8ms)
				EditorAssembliesLoaded (0ms)
			ExecutionOrderSort2 (0ms)
			AwakeInstancesAfterBackupRestoration (5ms)
Platform modules already initialized, skipping
========================================================================
Worker process is ready to serve import requests
Launched and connected shader compiler UnityShaderCompiler.exe after 0.09 seconds
Refreshing native plugins compatible for Editor in 0.59 ms, found 3 plugins.
Preloading 0 native plugins for Editor in 0.00 ms.
Unloading 3386 Unused Serialized files (Serialized files now loaded: 0)
Unloading 27 unused Assets / (111.1 KB). Loaded Objects now: 3846.
Memory consumption went from 119.9 MB to 119.8 MB.
Total: 3.020700 ms (FindLiveObjects: 0.292900 ms CreateObjectMapping: 0.254400 ms MarkObjects: 2.385300 ms  DeleteObjects: 0.086800 ms)

AssetImportParameters requested are different than current active one (requested -> active):
  custom:video-decoder-ogg-theora: a1e56fd34408186e4bbccfd4996cb3dc -> 
  custom:container-muxer-webm: aa71ff27fc2769a1b78a27578f13a17b -> 
  custom:container-demuxer-webm: 4f35f7cbe854078d1ac9338744f61a02 -> 
  custom:video-encoder-webm-vp8: eb34c28f22e8b96e1ab97ce403110664 -> 
  custom:audio-encoder-webm-vorbis: bf7c407c2cedff20999df2af8eb42d56 -> 
  custom:framework-win-MediaFoundation: 216162199b28c13a410421893ffa2e32 -> 
  custom:container-demuxer-ogg: 62fdf1f143b41e24485cea50d1cbac27 -> 
  custom:video-decoder-webm-vp8: 9c59270c3fd7afecdb556c50c9e8de78 -> 
  custom:audio-decoder-ogg-vorbis: bf7c407c2cedff20999df2af8eb42d56 -> 
========================================================================
Received Import Request.
  Time since last request: 567154.477654 seconds.
  path: Assets/Models/Nature pack extended/naturePack_075.obj
  artifactKey: Guid(38bc8c8bfb608f64dadb21c19c06113c) Importer(815301076,1909f56bfc062723c751e8b465ee728b)
Start importing Assets/Models/Nature pack extended/naturePack_075.obj using Guid(38bc8c8bfb608f64dadb21c19c06113c) Importer(815301076,1909f56bfc062723c751e8b465ee728b)  -> (artifact id: '017760f56493b8d50cc53fd7520c54d0') in 0.154997 seconds 
========================================================================
Received Import Request.
  Time since last request: 1.670605 seconds.
  path: Assets/Models/Nature pack extended/naturePack_088.obj
  artifactKey: Guid(4ec40b93935213c44bad98613705de28) Importer(815301076,1909f56bfc062723c751e8b465ee728b)
Start importing Assets/Models/Nature pack extended/naturePack_088.obj using Guid(4ec40b93935213c44bad98613705de28) Importer(815301076,1909f56bfc062723c751e8b465ee728b)  -> (artifact id: 'b34eb38c496fad05fda0af944dd6c1f9') in 0.024190 seconds 
========================================================================
Received Import Request.
  Time since last request: 0.026590 seconds.
  path: Assets/Models/Nature pack extended/naturePack_095.obj
  artifactKey: Guid(3fb325f885e77d4428684288bc6ba7cc) Importer(815301076,1909f56bfc062723c751e8b465ee728b)
Start importing Assets/Models/Nature pack extended/naturePack_095.obj using Guid(3fb325f885e77d4428684288bc6ba7cc) Importer(815301076,1909f56bfc062723c751e8b465ee728b)  -> (artifact id: 'abe15a09ab723a1fecd59a0b9018dbf5') in 0.031285 seconds 
========================================================================
Received Import Request.
  Time since last request: 1.570944 seconds.
  path: Assets/Models/Nature pack extended/naturePack_102.obj
  artifactKey: Guid(7d4b553096a5dbc4fb507ab1a1b0486a) Importer(815301076,1909f56bfc062723c751e8b465ee728b)
Start importing Assets/Models/Nature pack extended/naturePack_102.obj using Guid(7d4b553096a5dbc4fb507ab1a1b0486a) Importer(815301076,1909f56bfc062723c751e8b465ee728b)  -> (artifact id: 'b2cb9293326f451bbc4d58f1650ae95b') in 0.024412 seconds 
========================================================================
Received Import Request.
  Time since last request: 0.000056 seconds.
  path: Assets/Models/Nature pack extended/naturePack_105.obj
  artifactKey: Guid(d3489d8ccc5dc854c9c55c9d0fa696a3) Importer(815301076,1909f56bfc062723c751e8b465ee728b)
Start importing Assets/Models/Nature pack extended/naturePack_105.obj using Guid(d3489d8ccc5dc854c9c55c9d0fa696a3) Importer(815301076,1909f56bfc062723c751e8b465ee728b)  -> (artifact id: '6b0a13fddd4e0ab36d8ab352c934081a') in 0.020521 seconds 
========================================================================
Received Import Request.
  Time since last request: 1.178272 seconds.
  path: Assets/Models/Nature pack extended/naturePack_117.obj
  artifactKey: Guid(828d75de00ef6f746a9f63db3f2b24de) Importer(815301076,1909f56bfc062723c751e8b465ee728b)
Start importing Assets/Models/Nature pack extended/naturePack_117.obj using Guid(828d75de00ef6f746a9f63db3f2b24de) Importer(815301076,1909f56bfc062723c751e8b465ee728b)  -> (artifact id: '599607b3dbf2e3a49dbcf798ec16f621') in 0.022656 seconds 
========================================================================
Received Import Request.
  Time since last request: 0.000034 seconds.
  path: Assets/Models/Nature pack extended/naturePack_120.obj
  artifactKey: Guid(8c888acf8ad1e2f429a4bccfca285f11) Importer(815301076,1909f56bfc062723c751e8b465ee728b)
Start importing Assets/Models/Nature pack extended/naturePack_120.obj using Guid(8c888acf8ad1e2f429a4bccfca285f11) Importer(815301076,1909f56bfc062723c751e8b465ee728b)  -> (artifact id: 'ba8c8b9a713052caf27c91ace16a4855') in 0.024366 seconds 
========================================================================
Received Import Request.
  Time since last request: 1.098546 seconds.
  path: Assets/Models/Nature pack extended/naturePack_131.obj
  artifactKey: Guid(932eaa682e3b6084b83c6297eeceb983) Importer(815301076,1909f56bfc062723c751e8b465ee728b)
Start importing Assets/Models/Nature pack extended/naturePack_131.obj using Guid(932eaa682e3b6084b83c6297eeceb983) Importer(815301076,1909f56bfc062723c751e8b465ee728b)  -> (artifact id: '972fb0fce7e7e58c3e40756acb3fb94f') in 0.021801 seconds 
========================================================================
Received Import Request.
  Time since last request: 20.466983 seconds.
  path: Assets/Models/Nature pack extended/naturePack_142.obj
  artifactKey: Guid(b6999928a8a21054b942370d8c426ceb) Importer(815301076,1909f56bfc062723c751e8b465ee728b)
Start importing Assets/Models/Nature pack extended/naturePack_142.obj using Guid(b6999928a8a21054b942370d8c426ceb) Importer(815301076,1909f56bfc062723c751e8b465ee728b)  -> (artifact id: '20bfe06fc5e87ff640debcd03045983b') in 0.037101 seconds 
========================================================================
Received Import Request.
  Time since last request: 0.209534 seconds.
  path: Assets/Models/Nature pack extended/naturePack_147.obj
  artifactKey: Guid(80bad63c8c2324a4db7d0ddf25762d47) Importer(815301076,1909f56bfc062723c751e8b465ee728b)
Start importing Assets/Models/Nature pack extended/naturePack_147.obj using Guid(80bad63c8c2324a4db7d0ddf25762d47) Importer(815301076,1909f56bfc062723c751e8b465ee728b)  -> (artifact id: 'b191b9447ae6e9779a59064639ae3413') in 0.034778 seconds 
========================================================================
Received Import Request.
  Time since last request: 0.222395 seconds.
  path: Assets/Models/Nature pack extended/naturePack_154.obj
  artifactKey: Guid(c3116c6b7bb78d3449c961c366096de5) Importer(815301076,1909f56bfc062723c751e8b465ee728b)
Start importing Assets/Models/Nature pack extended/naturePack_154.obj using Guid(c3116c6b7bb78d3449c961c366096de5) Importer(815301076,1909f56bfc062723c751e8b465ee728b)  -> (artifact id: '3db4259bc2f584a3fd24c4c6570ffa2e') in 0.029157 seconds 
========================================================================
Received Import Request.
  Time since last request: 0.827084 seconds.
  path: Assets/Models/Nature pack extended/naturePack_164.obj
  artifactKey: Guid(83f4b7293e6baff46ae331c0172ca5bb) Importer(815301076,1909f56bfc062723c751e8b465ee728b)
Start importing Assets/Models/Nature pack extended/naturePack_164.obj using Guid(83f4b7293e6baff46ae331c0172ca5bb) Importer(815301076,1909f56bfc062723c751e8b465ee728b)  -> (artifact id: '49d235bc4295509baab25aade1d745e7') in 0.034155 seconds 
========================================================================
Received Import Request.
  Time since last request: 0.058943 seconds.
  path: Assets/Models/Nature pack extended/naturePack_173.obj
  artifactKey: Guid(ceac0b4bbd4f8034893b6a179cafb622) Importer(815301076,1909f56bfc062723c751e8b465ee728b)
Start importing Assets/Models/Nature pack extended/naturePack_173.obj using Guid(ceac0b4bbd4f8034893b6a179cafb622) Importer(815301076,1909f56bfc062723c751e8b465ee728b)  -> (artifact id: 'bbc2eb5e1913660d57102991cd75cd90') in 0.024814 seconds 
Editor requested this worker to shutdown with reason: Scaling down because of idle timeout
AssetImportWorker is now disconnected from the server
Process exiting
Exiting without the bug reporter. Application will terminate with return code 0