Using pre-set license
Built from '2021.3/staging' branch; Version is '2021.3.4f1 (cb45f9cae8b7) revision 13321721'; Using compiler version '192829333'; Build Type 'Release'
OS: 'Windows 11  (10.0.22000) 64bit Professional' Language: 'es' Physical Memory: 32611 MB
BatchMode: 1, IsHumanControllingUs: 0, StartBugReporterOnCrash: 0, Is64bit: 1, IsPro: 1

COMMAND LINE ARGUMENTS:
C:\Program Files\Unity\Hub\Editor\2021.3.4f1\Editor\Unity.exe
-adb2
-batchMode
-noUpm
-name
AssetImportWorker11
-projectPath
C:/Users/Nachio/Documents/GitHub/holbertonschool-unity/0x05-unity-assets_models_textures/My project (1)
-logFile
Logs/AssetImportWorker11.log
-srvPort
50925
Successfully changed project path to: C:/Users/Nachio/Documents/GitHub/holbertonschool-unity/0x05-unity-assets_models_textures/My project (1)
C:/Users/Nachio/Documents/GitHub/holbertonschool-unity/0x05-unity-assets_models_textures/My project (1)
[UnityMemory] Configuration Parameters - Can be set up in boot.config
    "memorysetup-bucket-allocator-granularity=16"
    "memorysetup-bucket-allocator-bucket-count=8"
    "memorysetup-bucket-allocator-block-size=33554432"
    "memorysetup-bucket-allocator-block-count=8"
    "memorysetup-main-allocator-block-size=16777216"
    "memorysetup-thread-allocator-block-size=16777216"
    "memorysetup-gfx-main-allocator-block-size=16777216"
    "memorysetup-gfx-thread-allocator-block-size=16777216"
    "memorysetup-cache-allocator-block-size=4194304"
    "memorysetup-typetree-allocator-block-size=2097152"
    "memorysetup-profiler-bucket-allocator-granularity=16"
    "memorysetup-profiler-bucket-allocator-bucket-count=8"
    "memorysetup-profiler-bucket-allocator-block-size=33554432"
    "memorysetup-profiler-bucket-allocator-block-count=8"
    "memorysetup-profiler-allocator-block-size=16777216"
    "memorysetup-profiler-editor-allocator-block-size=1048576"
    "memorysetup-temp-allocator-size-main=16777216"
    "memorysetup-job-temp-allocator-block-size=2097152"
    "memorysetup-job-temp-allocator-block-size-background=1048576"
    "memorysetup-job-temp-allocator-reduction-small-platforms=262144"
    "memorysetup-temp-allocator-size-background-worker=32768"
    "memorysetup-temp-allocator-size-job-worker=262144"
    "memorysetup-temp-allocator-size-preload-manager=33554432"
    "memorysetup-temp-allocator-size-nav-mesh-worker=65536"
    "memorysetup-temp-allocator-size-audio-worker=65536"
    "memorysetup-temp-allocator-size-cloud-worker=32768"
    "memorysetup-temp-allocator-size-gi-baking-worker=262144"
    "memorysetup-temp-allocator-size-gfx=262144"
Refreshing native plugins compatible for Editor in 106.37 ms, found 3 plugins.
Preloading 0 native plugins for Editor in 0.00 ms.
Initialize engine version: 2021.3.4f1 (cb45f9cae8b7)
[Subsystems] Discovering subsystems at path C:/Program Files/Unity/Hub/Editor/2021.3.4f1/Editor/Data/Resources/UnitySubsystems
[Subsystems] Discovering subsystems at path C:/Users/Nachio/Documents/GitHub/holbertonschool-unity/0x05-unity-assets_models_textures/My project (1)/Assets
GfxDevice: creating device client; threaded=0; jobified=0
Direct3D:
    Version:  Direct3D 11.0 [level 11.1]
    Renderer: NVIDIA GeForce GTX 1080 Ti (ID=0x1b06)
    Vendor:   NVIDIA
    VRAM:     11128 MB
    Driver:   30.0.14.9649
Initialize mono
Mono path[0] = 'C:/Program Files/Unity/Hub/Editor/2021.3.4f1/Editor/Data/Managed'
Mono path[1] = 'C:/Program Files/Unity/Hub/Editor/2021.3.4f1/Editor/Data/MonoBleedingEdge/lib/mono/unityjit-win32'
Mono config path = 'C:/Program Files/Unity/Hub/Editor/2021.3.4f1/Editor/Data/MonoBleedingEdge/etc'
Using monoOptions --debugger-agent=transport=dt_socket,embedding=1,server=y,suspend=n,address=127.0.0.1:56844
Begin MonoManager ReloadAssembly
Registering precompiled unity dll's ...
Register platform support module: C:/Program Files/Unity/Hub/Editor/2021.3.4f1/Editor/Data/PlaybackEngines/WindowsStandaloneSupport/UnityEditor.WindowsStandalone.Extensions.dll
Registered in 0.008457 seconds.
Native extension for WindowsStandalone target not found
Refreshing native plugins compatible for Editor in 79.88 ms, found 3 plugins.
Preloading 0 native plugins for Editor in 0.00 ms.
Mono: successfully reloaded assembly
- Completed reload, in  0.591 seconds
Domain Reload Profiling:
	ReloadAssembly (591ms)
		BeginReloadAssembly (87ms)
			ExecutionOrderSort (0ms)
			DisableScriptedObjects (0ms)
			BackupInstance (0ms)
			ReleaseScriptingObjects (0ms)
			CreateAndSetChildDomain (1ms)
		EndReloadAssembly (400ms)
			LoadAssemblies (83ms)
			RebuildTransferFunctionScriptingTraits (0ms)
			SetupTypeCache (91ms)
			ReleaseScriptCaches (0ms)
			RebuildScriptCaches (24ms)
			SetupLoadedEditorAssemblies (241ms)
				LogAssemblyErrors (0ms)
				InitializePlatformSupportModulesInManaged (7ms)
				SetLoadedEditorAssemblies (0ms)
				RefreshPlugins (80ms)
				BeforeProcessingInitializeOnLoad (1ms)
				ProcessInitializeOnLoadAttributes (108ms)
				ProcessInitializeOnLoadMethodAttributes (45ms)
				AfterProcessingInitializeOnLoad (0ms)
				EditorAssembliesLoaded (0ms)
			ExecutionOrderSort2 (0ms)
			AwakeInstancesAfterBackupRestoration (0ms)
Platform modules already initialized, skipping
Registering precompiled user dll's ...
Registered in 0.006664 seconds.
Begin MonoManager ReloadAssembly
Symbol file LoadedFromMemory doesn't match image C:\Users\Nachio\Documents\GitHub\holbertonschool-unity\0x05-unity-assets_models_textures\My project (1)\Library\PackageCache\com.unity.visualscripting@1.7.8\Editor\VisualScripting.Core\Dependencies\YamlDotNet\Unity.VisualScripting.YamlDotNet.dll
Symbol file LoadedFromMemory doesn't match image C:\Users\Nachio\Documents\GitHub\holbertonschool-unity\0x05-unity-assets_models_textures\My project (1)\Library\PackageCache\com.unity.visualscripting@1.7.8\Editor\VisualScripting.Core\Dependencies\DotNetZip\Unity.VisualScripting.IonicZip.dll
Native extension for WindowsStandalone target not found
Refreshing native plugins compatible for Editor in 0.51 ms, found 3 plugins.
Preloading 0 native plugins for Editor in 0.00 ms.
Mono: successfully reloaded assembly
- Completed reload, in  0.968 seconds
Domain Reload Profiling:
	ReloadAssembly (969ms)
		BeginReloadAssembly (103ms)
			ExecutionOrderSort (0ms)
			DisableScriptedObjects (5ms)
			BackupInstance (0ms)
			ReleaseScriptingObjects (0ms)
			CreateAndSetChildDomain (17ms)
		EndReloadAssembly (761ms)
			LoadAssemblies (77ms)
			RebuildTransferFunctionScriptingTraits (0ms)
			SetupTypeCache (252ms)
			ReleaseScriptCaches (1ms)
			RebuildScriptCaches (48ms)
			SetupLoadedEditorAssemblies (345ms)
				LogAssemblyErrors (0ms)
				InitializePlatformSupportModulesInManaged (5ms)
				SetLoadedEditorAssemblies (0ms)
				RefreshPlugins (1ms)
				BeforeProcessingInitializeOnLoad (94ms)
				ProcessInitializeOnLoadAttributes (213ms)
				ProcessInitializeOnLoadMethodAttributes (24ms)
				AfterProcessingInitializeOnLoad (9ms)
				EditorAssembliesLoaded (0ms)
			ExecutionOrderSort2 (0ms)
			AwakeInstancesAfterBackupRestoration (5ms)
Platform modules already initialized, skipping
========================================================================
Worker process is ready to serve import requests
Launched and connected shader compiler UnityShaderCompiler.exe after 0.08 seconds
Refreshing native plugins compatible for Editor in 0.75 ms, found 3 plugins.
Preloading 0 native plugins for Editor in 0.00 ms.
Unloading 3386 Unused Serialized files (Serialized files now loaded: 0)
Unloading 27 unused Assets / (111.3 KB). Loaded Objects now: 3844.
Memory consumption went from 119.7 MB to 119.6 MB.
Total: 2.776800 ms (FindLiveObjects: 0.254800 ms CreateObjectMapping: 0.194500 ms MarkObjects: 2.241800 ms  DeleteObjects: 0.085000 ms)

AssetImportParameters requested are different than current active one (requested -> active):
  custom:video-decoder-ogg-theora: a1e56fd34408186e4bbccfd4996cb3dc -> 
  custom:container-muxer-webm: aa71ff27fc2769a1b78a27578f13a17b -> 
  custom:container-demuxer-webm: 4f35f7cbe854078d1ac9338744f61a02 -> 
  custom:video-encoder-webm-vp8: eb34c28f22e8b96e1ab97ce403110664 -> 
  custom:audio-encoder-webm-vorbis: bf7c407c2cedff20999df2af8eb42d56 -> 
  custom:framework-win-MediaFoundation: 216162199b28c13a410421893ffa2e32 -> 
  custom:container-demuxer-ogg: 62fdf1f143b41e24485cea50d1cbac27 -> 
  custom:video-decoder-webm-vp8: 9c59270c3fd7afecdb556c50c9e8de78 -> 
  custom:audio-decoder-ogg-vorbis: bf7c407c2cedff20999df2af8eb42d56 -> 
========================================================================
Received Import Request.
  Time since last request: 556296.678162 seconds.
  path: Assets/Materials/Green_leafs.mat
  artifactKey: Guid(dd17dbf5d16df85468191ce98b1dee27) Importer(815301076,1909f56bfc062723c751e8b465ee728b)
Start importing Assets/Materials/Green_leafs.mat using Guid(dd17dbf5d16df85468191ce98b1dee27) Importer(815301076,1909f56bfc062723c751e8b465ee728b)  -> (artifact id: 'be762978507a13ee39128e0dcb88016e') in 0.102636 seconds 
========================================================================
Received Import Request.
  Time since last request: 249.650768 seconds.
  path: Assets/Nature pack extended/naturePack_001.mtl
  artifactKey: Guid(35f069687f0509a42a60ca8c82ea55dd) Importer(815301076,1909f56bfc062723c751e8b465ee728b)
Start importing Assets/Nature pack extended/naturePack_001.mtl using Guid(35f069687f0509a42a60ca8c82ea55dd) Importer(815301076,1909f56bfc062723c751e8b465ee728b)  -> (artifact id: '85bd2b5549a4013b12e25a22069397ba') in 0.007964 seconds 
========================================================================
Received Import Request.
  Time since last request: 1.195457 seconds.
  path: Assets/Nature pack extended/naturePack_031.obj
  artifactKey: Guid(b6718d3b7ff298b468d8df1446331e7f) Importer(815301076,1909f56bfc062723c751e8b465ee728b)
Start importing Assets/Nature pack extended/naturePack_031.obj using Guid(b6718d3b7ff298b468d8df1446331e7f) Importer(815301076,1909f56bfc062723c751e8b465ee728b)  -> (artifact id: '92dacfa0fca3e081e9cbe3e38887eeda') in 0.059901 seconds 
========================================================================
Received Import Request.
  Time since last request: 0.000021 seconds.
  path: Assets/Nature pack extended/naturePack_036.obj
  artifactKey: Guid(d7cb5a1198f30b94fb7c2b55fea7a393) Importer(815301076,1909f56bfc062723c751e8b465ee728b)
Start importing Assets/Nature pack extended/naturePack_036.obj using Guid(d7cb5a1198f30b94fb7c2b55fea7a393) Importer(815301076,1909f56bfc062723c751e8b465ee728b)  -> (artifact id: '6109fdf4ef7c83dad9d7b49e34d285d0') in 0.027000 seconds 
========================================================================
Received Import Request.
  Time since last request: 0.000039 seconds.
  path: Assets/Nature pack extended/naturePack_044.obj
  artifactKey: Guid(b160645b1533e21479de8e69292af997) Importer(815301076,1909f56bfc062723c751e8b465ee728b)
Start importing Assets/Nature pack extended/naturePack_044.obj using Guid(b160645b1533e21479de8e69292af997) Importer(815301076,1909f56bfc062723c751e8b465ee728b)  -> (artifact id: 'e1bc0de66d3bef6264d4c7119bd5106c') in 0.029902 seconds 
========================================================================
Received Import Request.
  Time since last request: 0.000029 seconds.
  path: Assets/Nature pack extended/naturePack_062.obj
  artifactKey: Guid(129f0517e7d826844b87c8c15735d4c9) Importer(815301076,1909f56bfc062723c751e8b465ee728b)
Start importing Assets/Nature pack extended/naturePack_062.obj using Guid(129f0517e7d826844b87c8c15735d4c9) Importer(815301076,1909f56bfc062723c751e8b465ee728b)  -> (artifact id: 'a634184240064cca601f88fe6a3bf5be') in 0.020465 seconds 
========================================================================
Received Import Request.
  Time since last request: 0.000018 seconds.
  path: Assets/Nature pack extended/naturePack_059.obj
  artifactKey: Guid(88ac460e0403131478c5e7c869f0091b) Importer(815301076,1909f56bfc062723c751e8b465ee728b)
Start importing Assets/Nature pack extended/naturePack_059.obj using Guid(88ac460e0403131478c5e7c869f0091b) Importer(815301076,1909f56bfc062723c751e8b465ee728b)  -> (artifact id: '346fadaf6925744dedb718cb520a62aa') in 0.024715 seconds 
========================================================================
Received Import Request.
  Time since last request: 0.000029 seconds.
  path: Assets/Nature pack extended/naturePack_056.obj
  artifactKey: Guid(4226f9f2995e13f4ca87bb2b912cffa3) Importer(815301076,1909f56bfc062723c751e8b465ee728b)
Start importing Assets/Nature pack extended/naturePack_056.obj using Guid(4226f9f2995e13f4ca87bb2b912cffa3) Importer(815301076,1909f56bfc062723c751e8b465ee728b)  -> (artifact id: '9b4779df86312800ffd2c93e4bd29eb5') in 0.020339 seconds 
========================================================================
Received Import Request.
  Time since last request: 0.000022 seconds.
  path: Assets/Nature pack extended/naturePack_063.obj
  artifactKey: Guid(d0a409b132372084987f40183993e371) Importer(815301076,1909f56bfc062723c751e8b465ee728b)
Start importing Assets/Nature pack extended/naturePack_063.obj using Guid(d0a409b132372084987f40183993e371) Importer(815301076,1909f56bfc062723c751e8b465ee728b)  -> (artifact id: '543d4845f5767eab9eedd8b515747004') in 0.022669 seconds 
========================================================================
Received Import Request.
  Time since last request: 0.000030 seconds.
  path: Assets/Nature pack extended/naturePack_058.obj
  artifactKey: Guid(39d6ae54ad541364ea2081cbc5cd22cb) Importer(815301076,1909f56bfc062723c751e8b465ee728b)
Start importing Assets/Nature pack extended/naturePack_058.obj using Guid(39d6ae54ad541364ea2081cbc5cd22cb) Importer(815301076,1909f56bfc062723c751e8b465ee728b)  -> (artifact id: 'afe034d6e638a10400a23a0c05a6317e') in 0.018413 seconds 
========================================================================
Received Import Request.
  Time since last request: 0.000021 seconds.
  path: Assets/Nature pack extended/naturePack_043.obj
  artifactKey: Guid(7e1f28ae88641364ea73b07b4c7dcfe6) Importer(815301076,1909f56bfc062723c751e8b465ee728b)
Start importing Assets/Nature pack extended/naturePack_043.obj using Guid(7e1f28ae88641364ea73b07b4c7dcfe6) Importer(815301076,1909f56bfc062723c751e8b465ee728b)  -> (artifact id: 'c8c37338742d6894c9a98cc2ebc56a36') in 0.018557 seconds 
========================================================================
Received Import Request.
  Time since last request: 0.000023 seconds.
  path: Assets/Nature pack extended/naturePack_068.obj
  artifactKey: Guid(7014393cc33c2d94c990b5220a2bbef3) Importer(815301076,1909f56bfc062723c751e8b465ee728b)
Start importing Assets/Nature pack extended/naturePack_068.obj using Guid(7014393cc33c2d94c990b5220a2bbef3) Importer(815301076,1909f56bfc062723c751e8b465ee728b)  -> (artifact id: 'b015047ef4f96e13a047904490fd1f9c') in 0.035531 seconds 
========================================================================
Received Import Request.
  Time since last request: 0.000017 seconds.
  path: Assets/Nature pack extended/naturePack_039.obj
  artifactKey: Guid(70ec2981ed0356a43a979b204f2f73d2) Importer(815301076,1909f56bfc062723c751e8b465ee728b)
Start importing Assets/Nature pack extended/naturePack_039.obj using Guid(70ec2981ed0356a43a979b204f2f73d2) Importer(815301076,1909f56bfc062723c751e8b465ee728b)  -> (artifact id: '177b7768141a86f7aebdece4e3e7d19d') in 0.020477 seconds 
========================================================================
Received Import Request.
  Time since last request: 0.000024 seconds.
  path: Assets/Nature pack extended/naturePack_076.obj
  artifactKey: Guid(ab14c898eaf012f4b95344ca5446db48) Importer(815301076,1909f56bfc062723c751e8b465ee728b)
Start importing Assets/Nature pack extended/naturePack_076.obj using Guid(ab14c898eaf012f4b95344ca5446db48) Importer(815301076,1909f56bfc062723c751e8b465ee728b)  -> (artifact id: '619e0f69a5b427163c0bdcd4481109d9') in 0.023086 seconds 
========================================================================
Received Import Request.
  Time since last request: 0.000026 seconds.
  path: Assets/Nature pack extended/naturePack_092.obj
  artifactKey: Guid(34ff36f160ef2bc40a6be5516c5c411d) Importer(815301076,1909f56bfc062723c751e8b465ee728b)
Start importing Assets/Nature pack extended/naturePack_092.obj using Guid(34ff36f160ef2bc40a6be5516c5c411d) Importer(815301076,1909f56bfc062723c751e8b465ee728b)  -> (artifact id: '48d3a6fac21224423289d1fae75ad111') in 0.023653 seconds 
========================================================================
Received Import Request.
  Time since last request: 0.000028 seconds.
  path: Assets/Nature pack extended/naturePack_105.obj
  artifactKey: Guid(d3489d8ccc5dc854c9c55c9d0fa696a3) Importer(815301076,1909f56bfc062723c751e8b465ee728b)
Start importing Assets/Nature pack extended/naturePack_105.obj using Guid(d3489d8ccc5dc854c9c55c9d0fa696a3) Importer(815301076,1909f56bfc062723c751e8b465ee728b)  -> (artifact id: '83df22aa1874253d88bb7c8faec38b76') in 0.021440 seconds 
========================================================================
Received Import Request.
  Time since last request: 0.000024 seconds.
  path: Assets/Nature pack extended/naturePack_098.obj
  artifactKey: Guid(85fef0621fe607749a6878ed40c3625e) Importer(815301076,1909f56bfc062723c751e8b465ee728b)
Start importing Assets/Nature pack extended/naturePack_098.obj using Guid(85fef0621fe607749a6878ed40c3625e) Importer(815301076,1909f56bfc062723c751e8b465ee728b)  -> (artifact id: '0d1de0d3a8d9953f999ed6917f54f25e') in 0.021425 seconds 
========================================================================
Received Import Request.
  Time since last request: 0.000029 seconds.
  path: Assets/Nature pack extended/naturePack_095.obj
  artifactKey: Guid(3fb325f885e77d4428684288bc6ba7cc) Importer(815301076,1909f56bfc062723c751e8b465ee728b)
Start importing Assets/Nature pack extended/naturePack_095.obj using Guid(3fb325f885e77d4428684288bc6ba7cc) Importer(815301076,1909f56bfc062723c751e8b465ee728b)  -> (artifact id: '9c645a35ebafd8110d3002b3252d54a5') in 0.027186 seconds 
========================================================================
Received Import Request.
  Time since last request: 0.000030 seconds.
  path: Assets/Nature pack extended/naturePack_096.obj
  artifactKey: Guid(71d33c8d74d1e61408b663026711b546) Importer(815301076,1909f56bfc062723c751e8b465ee728b)
Start importing Assets/Nature pack extended/naturePack_096.obj using Guid(71d33c8d74d1e61408b663026711b546) Importer(815301076,1909f56bfc062723c751e8b465ee728b)  -> (artifact id: 'dbd7aa4a3d51ebed48c7bf830ebe216c') in 0.028084 seconds 
========================================================================
Received Import Request.
  Time since last request: 0.000050 seconds.
  path: Assets/Nature pack extended/naturePack_040.obj
  artifactKey: Guid(24698ac43c093ad4ea0697f6dd617382) Importer(815301076,1909f56bfc062723c751e8b465ee728b)
Start importing Assets/Nature pack extended/naturePack_040.obj using Guid(24698ac43c093ad4ea0697f6dd617382) Importer(815301076,1909f56bfc062723c751e8b465ee728b)  -> (artifact id: 'af57f792563d5a454528b102961bf936') in 0.070469 seconds 
========================================================================
Received Import Request.
  Time since last request: 0.000037 seconds.
  path: Assets/Nature pack extended/naturePack_037.obj
  artifactKey: Guid(af4c8366561aca34fa48394e8094881c) Importer(815301076,1909f56bfc062723c751e8b465ee728b)
Start importing Assets/Nature pack extended/naturePack_037.obj using Guid(af4c8366561aca34fa48394e8094881c) Importer(815301076,1909f56bfc062723c751e8b465ee728b)  -> (artifact id: 'af9efa16d7f39402fb80e3063d0be649') in 0.022573 seconds 
========================================================================
Received Import Request.
  Time since last request: 0.000039 seconds.
  path: Assets/Nature pack extended/naturePack_113.obj
  artifactKey: Guid(543d0401efe0b4642b3635f6d89ce881) Importer(815301076,1909f56bfc062723c751e8b465ee728b)
Start importing Assets/Nature pack extended/naturePack_113.obj using Guid(543d0401efe0b4642b3635f6d89ce881) Importer(815301076,1909f56bfc062723c751e8b465ee728b)  -> (artifact id: '86392e2a60ca93f85ef28c0817bfbd0d') in 0.025659 seconds 
========================================================================
Received Import Request.
  Time since last request: 0.000022 seconds.
  path: Assets/Nature pack extended/naturePack_130.obj
  artifactKey: Guid(b6807930159bbe84fa7465ee64a20e4a) Importer(815301076,1909f56bfc062723c751e8b465ee728b)
Start importing Assets/Nature pack extended/naturePack_130.obj using Guid(b6807930159bbe84fa7465ee64a20e4a) Importer(815301076,1909f56bfc062723c751e8b465ee728b)  -> (artifact id: '27ad07365d1a758db47a49e4acca055d') in 0.023748 seconds 
========================================================================
Received Import Request.
  Time since last request: 0.000038 seconds.
  path: Assets/Nature pack extended/naturePack_120.obj
  artifactKey: Guid(8c888acf8ad1e2f429a4bccfca285f11) Importer(815301076,1909f56bfc062723c751e8b465ee728b)
Start importing Assets/Nature pack extended/naturePack_120.obj using Guid(8c888acf8ad1e2f429a4bccfca285f11) Importer(815301076,1909f56bfc062723c751e8b465ee728b)  -> (artifact id: '4d39c8197d6248052101906f46b0404d') in 0.024983 seconds 
========================================================================
Received Import Request.
  Time since last request: 0.000038 seconds.
  path: Assets/Nature pack extended/naturePack_082.obj
  artifactKey: Guid(7d5b93c0def86cd4b95a692808f5183a) Importer(815301076,1909f56bfc062723c751e8b465ee728b)
Start importing Assets/Nature pack extended/naturePack_082.obj using Guid(7d5b93c0def86cd4b95a692808f5183a) Importer(815301076,1909f56bfc062723c751e8b465ee728b)  -> (artifact id: 'ec5392b34250273169d3d2db46af6f1f') in 0.022589 seconds 
========================================================================
Received Import Request.
  Time since last request: 0.000031 seconds.
  path: Assets/Nature pack extended/naturePack_094.obj
  artifactKey: Guid(fb5409f8b8c348c4b8a8c012558e9df8) Importer(815301076,1909f56bfc062723c751e8b465ee728b)
Start importing Assets/Nature pack extended/naturePack_094.obj using Guid(fb5409f8b8c348c4b8a8c012558e9df8) Importer(815301076,1909f56bfc062723c751e8b465ee728b)  -> (artifact id: '225e3becfdb7571b178ce4d917cd9477') in 0.022131 seconds 
========================================================================
Received Import Request.
  Time since last request: 0.000030 seconds.
  path: Assets/Nature pack extended/naturePack_116.obj
  artifactKey: Guid(c9dffbb3f856e8046a3d4172c792bc75) Importer(815301076,1909f56bfc062723c751e8b465ee728b)
Start importing Assets/Nature pack extended/naturePack_116.obj using Guid(c9dffbb3f856e8046a3d4172c792bc75) Importer(815301076,1909f56bfc062723c751e8b465ee728b)  -> (artifact id: '0bad151b04c2789d83b92863f9cfffc5') in 0.022765 seconds 
========================================================================
Received Import Request.
  Time since last request: 0.000024 seconds.
  path: Assets/Nature pack extended/naturePack_034.obj
  artifactKey: Guid(c3b2be10858a8924aab5540799907876) Importer(815301076,1909f56bfc062723c751e8b465ee728b)
Start importing Assets/Nature pack extended/naturePack_034.obj using Guid(c3b2be10858a8924aab5540799907876) Importer(815301076,1909f56bfc062723c751e8b465ee728b)  -> (artifact id: '7f86eb936e5f7fd494a75ddb6b0910d2') in 0.024022 seconds 
========================================================================
Received Import Request.
  Time since last request: 0.000029 seconds.
  path: Assets/Nature pack extended/naturePack_038.obj
  artifactKey: Guid(34dab8ca890b07b409d877c6d090d34d) Importer(815301076,1909f56bfc062723c751e8b465ee728b)
Start importing Assets/Nature pack extended/naturePack_038.obj using Guid(34dab8ca890b07b409d877c6d090d34d) Importer(815301076,1909f56bfc062723c751e8b465ee728b)  -> (artifact id: '70634e6cc28092c0aa060e5286b105b9') in 0.025372 seconds 
========================================================================
Received Import Request.
  Time since last request: 0.000042 seconds.
  path: Assets/Nature pack extended/naturePack_106.obj
  artifactKey: Guid(ef88d7fdd02fd98488bc233cde8ff7b3) Importer(815301076,1909f56bfc062723c751e8b465ee728b)
Start importing Assets/Nature pack extended/naturePack_106.obj using Guid(ef88d7fdd02fd98488bc233cde8ff7b3) Importer(815301076,1909f56bfc062723c751e8b465ee728b)  -> (artifact id: '213daef7588236cba5a5da31ee0a5acc') in 0.023313 seconds 
========================================================================
Received Import Request.
  Time since last request: 0.000025 seconds.
  path: Assets/Nature pack extended/naturePack_103.obj
  artifactKey: Guid(79d597f8c8c6a4e47a2e6964ec08186c) Importer(815301076,1909f56bfc062723c751e8b465ee728b)
Start importing Assets/Nature pack extended/naturePack_103.obj using Guid(79d597f8c8c6a4e47a2e6964ec08186c) Importer(815301076,1909f56bfc062723c751e8b465ee728b)  -> (artifact id: 'b58506fd1cc54f7de67193e44fd85d8c') in 0.020799 seconds 
========================================================================
Received Import Request.
  Time since last request: 0.000046 seconds.
  path: Assets/Nature pack extended/naturePack_112.obj
  artifactKey: Guid(8d0cccbd7c2140a45bfc4752d856a529) Importer(815301076,1909f56bfc062723c751e8b465ee728b)
Start importing Assets/Nature pack extended/naturePack_112.obj using Guid(8d0cccbd7c2140a45bfc4752d856a529) Importer(815301076,1909f56bfc062723c751e8b465ee728b)  -> (artifact id: '06052e5e1b9c491bb900d1c5856eeed5') in 0.022655 seconds 
========================================================================
Received Import Request.
  Time since last request: 0.000023 seconds.
  path: Assets/Nature pack extended/naturePack_071.obj
  artifactKey: Guid(76e4e50ab0788a64f95b653fd9ff10b5) Importer(815301076,1909f56bfc062723c751e8b465ee728b)
Start importing Assets/Nature pack extended/naturePack_071.obj using Guid(76e4e50ab0788a64f95b653fd9ff10b5) Importer(815301076,1909f56bfc062723c751e8b465ee728b)  -> (artifact id: 'c29fc392dc0a232a4b2b826ea621b330') in 0.025050 seconds 
========================================================================
Received Import Request.
  Time since last request: 0.000036 seconds.
  path: Assets/Nature pack extended/naturePack_104.obj
  artifactKey: Guid(3c63ee322fabd8140a7c44836cc91604) Importer(815301076,1909f56bfc062723c751e8b465ee728b)
Start importing Assets/Nature pack extended/naturePack_104.obj using Guid(3c63ee322fabd8140a7c44836cc91604) Importer(815301076,1909f56bfc062723c751e8b465ee728b)  -> (artifact id: 'd44723a5e673b6a81220b66c64ac970b') in 0.021318 seconds 
========================================================================
Received Import Request.
  Time since last request: 0.000022 seconds.
  path: Assets/Nature pack extended/naturePack_084.obj
  artifactKey: Guid(a24d295862bcfe74a9f6c2c818769b4d) Importer(815301076,1909f56bfc062723c751e8b465ee728b)
Start importing Assets/Nature pack extended/naturePack_084.obj using Guid(a24d295862bcfe74a9f6c2c818769b4d) Importer(815301076,1909f56bfc062723c751e8b465ee728b)  -> (artifact id: 'f7f7ba29b4c97ceee60e6e80a7e3538b') in 0.022455 seconds 
========================================================================
Received Import Request.
  Time since last request: 0.000040 seconds.
  path: Assets/Nature pack extended/naturePack_086.obj
  artifactKey: Guid(b30ca052aede1c34aab2a055d4c942de) Importer(815301076,1909f56bfc062723c751e8b465ee728b)
Start importing Assets/Nature pack extended/naturePack_086.obj using Guid(b30ca052aede1c34aab2a055d4c942de) Importer(815301076,1909f56bfc062723c751e8b465ee728b)  -> (artifact id: 'a387832a0fbb2f7414f733f4367987dc') in 0.021798 seconds 
========================================================================
Received Import Request.
  Time since last request: 0.000025 seconds.
  path: Assets/Nature pack extended/naturePack_115.obj
  artifactKey: Guid(7ed1525fb77c4214aadfb2631fb0aa62) Importer(815301076,1909f56bfc062723c751e8b465ee728b)
Start importing Assets/Nature pack extended/naturePack_115.obj using Guid(7ed1525fb77c4214aadfb2631fb0aa62) Importer(815301076,1909f56bfc062723c751e8b465ee728b)  -> (artifact id: 'd05670359d55d8e1bc695b557c2d66f2') in 0.025147 seconds 
========================================================================
Received Import Request.
  Time since last request: 0.000027 seconds.
  path: Assets/Nature pack extended/naturePack_088.obj
  artifactKey: Guid(4ec40b93935213c44bad98613705de28) Importer(815301076,1909f56bfc062723c751e8b465ee728b)
Start importing Assets/Nature pack extended/naturePack_088.obj using Guid(4ec40b93935213c44bad98613705de28) Importer(815301076,1909f56bfc062723c751e8b465ee728b)  -> (artifact id: '27bcc91c5817bb412aaba518918473cf') in 0.021185 seconds 
========================================================================
Received Import Request.
  Time since last request: 0.000044 seconds.
  path: Assets/Nature pack extended/naturePack_049.obj
  artifactKey: Guid(84da26bd111151b478f9ff053312729a) Importer(815301076,1909f56bfc062723c751e8b465ee728b)
Start importing Assets/Nature pack extended/naturePack_049.obj using Guid(84da26bd111151b478f9ff053312729a) Importer(815301076,1909f56bfc062723c751e8b465ee728b)  -> (artifact id: '53b595ed0c5b92938ea0b9088767940d') in 0.020248 seconds 
========================================================================
Received Import Request.
  Time since last request: 0.000031 seconds.
  path: Assets/Nature pack extended/naturePack_041.obj
  artifactKey: Guid(2f467e5eb776e1a498369e054db7136f) Importer(815301076,1909f56bfc062723c751e8b465ee728b)
Start importing Assets/Nature pack extended/naturePack_041.obj using Guid(2f467e5eb776e1a498369e054db7136f) Importer(815301076,1909f56bfc062723c751e8b465ee728b)  -> (artifact id: '7998090d724c0bd3ae743c74c8da71d5') in 0.095245 seconds 
========================================================================
Received Import Request.
  Time since last request: 0.000029 seconds.
  path: Assets/Nature pack extended/naturePack_035.obj
  artifactKey: Guid(9269e97af39f24f48a6186189217fbbd) Importer(815301076,1909f56bfc062723c751e8b465ee728b)
Start importing Assets/Nature pack extended/naturePack_035.obj using Guid(9269e97af39f24f48a6186189217fbbd) Importer(815301076,1909f56bfc062723c751e8b465ee728b)  -> (artifact id: 'b706b7ac82b47e086ce9e41893a57513') in 0.021898 seconds 
========================================================================
Received Import Request.
  Time since last request: 0.000027 seconds.
  path: Assets/Nature pack extended/naturePack_067.obj
  artifactKey: Guid(c478c00864de2df4cbb2395702dc44d8) Importer(815301076,1909f56bfc062723c751e8b465ee728b)
Start importing Assets/Nature pack extended/naturePack_067.obj using Guid(c478c00864de2df4cbb2395702dc44d8) Importer(815301076,1909f56bfc062723c751e8b465ee728b)  -> (artifact id: 'dfb2af06b6d3cb4d07d0f12ea95217ba') in 0.024064 seconds 
========================================================================
Received Import Request.
  Time since last request: 0.000028 seconds.
  path: Assets/Nature pack extended/naturePack_149.obj
  artifactKey: Guid(66be1c7d506eebb4db8d01bd875eecac) Importer(815301076,1909f56bfc062723c751e8b465ee728b)
Start importing Assets/Nature pack extended/naturePack_149.obj using Guid(66be1c7d506eebb4db8d01bd875eecac) Importer(815301076,1909f56bfc062723c751e8b465ee728b)  -> (artifact id: '774fbc8a0ce03affbeb8d9e558615438') in 0.022315 seconds 
========================================================================
Received Import Request.
  Time since last request: 0.000049 seconds.
  path: Assets/Nature pack extended/naturePack_126.obj
  artifactKey: Guid(f878e7284121b084980a1c28b38da710) Importer(815301076,1909f56bfc062723c751e8b465ee728b)
Start importing Assets/Nature pack extended/naturePack_126.obj using Guid(f878e7284121b084980a1c28b38da710) Importer(815301076,1909f56bfc062723c751e8b465ee728b)  -> (artifact id: 'c6a6202c25774b241a75b76f9acc5104') in 0.023585 seconds 
========================================================================
Received Import Request.
  Time since last request: 0.000024 seconds.
  path: Assets/Nature pack extended/naturePack_132.obj
  artifactKey: Guid(3db1eada31268aa43a1af90cb59a87e3) Importer(815301076,1909f56bfc062723c751e8b465ee728b)
Start importing Assets/Nature pack extended/naturePack_132.obj using Guid(3db1eada31268aa43a1af90cb59a87e3) Importer(815301076,1909f56bfc062723c751e8b465ee728b)  -> (artifact id: '7b0aa40228a6ad2de4e2cf9f419f49f8') in 0.021111 seconds 
========================================================================
Received Import Request.
  Time since last request: 0.000016 seconds.
  path: Assets/Nature pack extended/naturePack_117.obj
  artifactKey: Guid(828d75de00ef6f746a9f63db3f2b24de) Importer(815301076,1909f56bfc062723c751e8b465ee728b)
Start importing Assets/Nature pack extended/naturePack_117.obj using Guid(828d75de00ef6f746a9f63db3f2b24de) Importer(815301076,1909f56bfc062723c751e8b465ee728b)  -> (artifact id: 'ee6f6ffe26fae294f834ed8aaa8fc2c7') in 0.021659 seconds 
========================================================================
Received Import Request.
  Time since last request: 0.000043 seconds.
  path: Assets/Nature pack extended/naturePack_091.obj
  artifactKey: Guid(93f046ba317f4e04e83de46bb4fe0199) Importer(815301076,1909f56bfc062723c751e8b465ee728b)
Start importing Assets/Nature pack extended/naturePack_091.obj using Guid(93f046ba317f4e04e83de46bb4fe0199) Importer(815301076,1909f56bfc062723c751e8b465ee728b)  -> (artifact id: 'e54f1dd970b939b4eb20de53d69cba7b') in 0.021081 seconds 
========================================================================
Received Import Request.
  Time since last request: 0.000020 seconds.
  path: Assets/Nature pack extended/naturePack_089.obj
  artifactKey: Guid(8c38e6362b9f5b643916a718744eba5c) Importer(815301076,1909f56bfc062723c751e8b465ee728b)
Start importing Assets/Nature pack extended/naturePack_089.obj using Guid(8c38e6362b9f5b643916a718744eba5c) Importer(815301076,1909f56bfc062723c751e8b465ee728b)  -> (artifact id: '200b446a635cbaac05ec509b0af7301a') in 0.020906 seconds 
========================================================================
Received Import Request.
  Time since last request: 0.000018 seconds.
  path: Assets/Nature pack extended/naturePack_119.obj
  artifactKey: Guid(958152b8e73955d4593bd72b8aa0f57c) Importer(815301076,1909f56bfc062723c751e8b465ee728b)
Start importing Assets/Nature pack extended/naturePack_119.obj using Guid(958152b8e73955d4593bd72b8aa0f57c) Importer(815301076,1909f56bfc062723c751e8b465ee728b)  -> (artifact id: '1be42dcea9912a230558b499a4ddcadb') in 0.021836 seconds 
========================================================================
Received Import Request.
  Time since last request: 0.000028 seconds.
  path: Assets/Nature pack extended/naturePack_114.obj
  artifactKey: Guid(04a6876120efbf64ab6d98ccc8c8bc0c) Importer(815301076,1909f56bfc062723c751e8b465ee728b)
Start importing Assets/Nature pack extended/naturePack_114.obj using Guid(04a6876120efbf64ab6d98ccc8c8bc0c) Importer(815301076,1909f56bfc062723c751e8b465ee728b)  -> (artifact id: 'f396907090eb20117e608b3f9728f04f') in 0.021831 seconds 
========================================================================
Received Import Request.
  Time since last request: 0.000023 seconds.
  path: Assets/Nature pack extended/naturePack_070.obj
  artifactKey: Guid(e542a887ad815e144bb260665eb205bd) Importer(815301076,1909f56bfc062723c751e8b465ee728b)
Start importing Assets/Nature pack extended/naturePack_070.obj using Guid(e542a887ad815e144bb260665eb205bd) Importer(815301076,1909f56bfc062723c751e8b465ee728b)  -> (artifact id: 'bf0fda52b78f43aa7146903bd5c174e2') in 0.020985 seconds 
========================================================================
Received Import Request.
  Time since last request: 0.000028 seconds.
  path: Assets/Nature pack extended/naturePack_087.obj
  artifactKey: Guid(716b6fc6b338e864a9a5cfd7f3205aec) Importer(815301076,1909f56bfc062723c751e8b465ee728b)
Start importing Assets/Nature pack extended/naturePack_087.obj using Guid(716b6fc6b338e864a9a5cfd7f3205aec) Importer(815301076,1909f56bfc062723c751e8b465ee728b)  -> (artifact id: '5d3367d23bd1db85797ec244009a73a9') in 0.022604 seconds 
========================================================================
Received Import Request.
  Time since last request: 0.000037 seconds.
  path: Assets/Nature pack extended/naturePack_129.obj
  artifactKey: Guid(0b15b14f67ff0494f81dbb6940a8e3e6) Importer(815301076,1909f56bfc062723c751e8b465ee728b)
Start importing Assets/Nature pack extended/naturePack_129.obj using Guid(0b15b14f67ff0494f81dbb6940a8e3e6) Importer(815301076,1909f56bfc062723c751e8b465ee728b)  -> (artifact id: '74b2efb5d06439e4a7ae1c6e5893c7ca') in 0.021071 seconds 
========================================================================
Received Import Request.
  Time since last request: 0.000033 seconds.
  path: Assets/Nature pack extended/naturePack_141.obj
  artifactKey: Guid(d39ce949c5d60e54ab6d553531a531db) Importer(815301076,1909f56bfc062723c751e8b465ee728b)
Start importing Assets/Nature pack extended/naturePack_141.obj using Guid(d39ce949c5d60e54ab6d553531a531db) Importer(815301076,1909f56bfc062723c751e8b465ee728b)  -> (artifact id: '9707084a9aa54e96e8d475caa22d3cc9') in 0.022846 seconds 
========================================================================
Received Import Request.
  Time since last request: 0.000025 seconds.
  path: Assets/Nature pack extended/naturePack_050.obj
  artifactKey: Guid(a2108f61d3c2ff94b81b13584ecac64c) Importer(815301076,1909f56bfc062723c751e8b465ee728b)
Start importing Assets/Nature pack extended/naturePack_050.obj using Guid(a2108f61d3c2ff94b81b13584ecac64c) Importer(815301076,1909f56bfc062723c751e8b465ee728b)  -> (artifact id: '7742c5368971117cb250cd92f508830f') in 0.028131 seconds 
========================================================================
Received Import Request.
  Time since last request: 0.000028 seconds.
  path: Assets/Nature pack extended/naturePack_134.obj
  artifactKey: Guid(57ca90a6c49aac240bb0d75dc225a134) Importer(815301076,1909f56bfc062723c751e8b465ee728b)
Start importing Assets/Nature pack extended/naturePack_134.obj using Guid(57ca90a6c49aac240bb0d75dc225a134) Importer(815301076,1909f56bfc062723c751e8b465ee728b)  -> (artifact id: '16ae5a50f768a09e009c3afd55dfcd18') in 0.018926 seconds 
========================================================================
Received Import Request.
  Time since last request: 0.000030 seconds.
  path: Assets/Nature pack extended/naturePack_137.obj
  artifactKey: Guid(0872e5b35bfdf88428c89458d3ad66ed) Importer(815301076,1909f56bfc062723c751e8b465ee728b)
Start importing Assets/Nature pack extended/naturePack_137.obj using Guid(0872e5b35bfdf88428c89458d3ad66ed) Importer(815301076,1909f56bfc062723c751e8b465ee728b)  -> (artifact id: '10fd9fbcc5e006b1f7e2d946d320c6b9') in 0.020741 seconds 
========================================================================
Received Import Request.
  Time since last request: 0.000023 seconds.
  path: Assets/Nature pack extended/naturePack_042.obj
  artifactKey: Guid(57468eaef4f1eb045bafbaa38bf5fb6f) Importer(815301076,1909f56bfc062723c751e8b465ee728b)
Start importing Assets/Nature pack extended/naturePack_042.obj using Guid(57468eaef4f1eb045bafbaa38bf5fb6f) Importer(815301076,1909f56bfc062723c751e8b465ee728b)  -> (artifact id: 'f3d234857e4258cbed6e46a18e318042') in 0.022090 seconds 
========================================================================
Received Import Request.
  Time since last request: 0.000042 seconds.
  path: Assets/Nature pack extended/naturePack_127.obj
  artifactKey: Guid(5db7a9b4656b4be4d8b934c0ef094731) Importer(815301076,1909f56bfc062723c751e8b465ee728b)
Start importing Assets/Nature pack extended/naturePack_127.obj using Guid(5db7a9b4656b4be4d8b934c0ef094731) Importer(815301076,1909f56bfc062723c751e8b465ee728b)  -> (artifact id: 'ab1bcc4af4e1a5cd96ad4050325d7dac') in 0.022485 seconds 
========================================================================
Received Import Request.
  Time since last request: 0.000026 seconds.
  path: Assets/Nature pack extended/naturePack_135.obj
  artifactKey: Guid(c6fa45d6fe9477c48b9c31d7d9de67b1) Importer(815301076,1909f56bfc062723c751e8b465ee728b)
Start importing Assets/Nature pack extended/naturePack_135.obj using Guid(c6fa45d6fe9477c48b9c31d7d9de67b1) Importer(815301076,1909f56bfc062723c751e8b465ee728b)  -> (artifact id: 'ab665d955a0b18b034b6aef40db941ef') in 0.021989 seconds 
========================================================================
Received Import Request.
  Time since last request: 0.000045 seconds.
  path: Assets/Nature pack extended/naturePack_146.obj
  artifactKey: Guid(0b83082f84d579b47a4c3a161da1b5ab) Importer(815301076,1909f56bfc062723c751e8b465ee728b)
Start importing Assets/Nature pack extended/naturePack_146.obj using Guid(0b83082f84d579b47a4c3a161da1b5ab) Importer(815301076,1909f56bfc062723c751e8b465ee728b)  -> (artifact id: '87cae73a952336c3ce2c3c8430bfdf12') in 0.021856 seconds 
========================================================================
Received Import Request.
  Time since last request: 0.179208 seconds.
  path: Assets/Nature pack extended/naturePack_151.obj
  artifactKey: Guid(6f821c245bbd1bb4dbbee8bf10cc656e) Importer(815301076,1909f56bfc062723c751e8b465ee728b)
Start importing Assets/Nature pack extended/naturePack_151.obj using Guid(6f821c245bbd1bb4dbbee8bf10cc656e) Importer(815301076,1909f56bfc062723c751e8b465ee728b)  -> (artifact id: '89bf8c41f4868f7567f833d77d28824c') in 0.022127 seconds 
========================================================================
Received Import Request.
  Time since last request: 0.000021 seconds.
  path: Assets/Nature pack extended/naturePack_153.obj
  artifactKey: Guid(53f91ba3df838384b853a42e9ca24f89) Importer(815301076,1909f56bfc062723c751e8b465ee728b)
Start importing Assets/Nature pack extended/naturePack_153.obj using Guid(53f91ba3df838384b853a42e9ca24f89) Importer(815301076,1909f56bfc062723c751e8b465ee728b)  -> (artifact id: '6c100664f819c1049cb2717e440fc837') in 0.021439 seconds 
========================================================================
Received Import Request.
  Time since last request: 0.000032 seconds.
  path: Assets/Nature pack extended/naturePack_172.obj
  artifactKey: Guid(f49309f3b37838843a87d57f33824aab) Importer(815301076,1909f56bfc062723c751e8b465ee728b)
Start importing Assets/Nature pack extended/naturePack_172.obj using Guid(f49309f3b37838843a87d57f33824aab) Importer(815301076,1909f56bfc062723c751e8b465ee728b)  -> (artifact id: 'd50cd027765c51ea118dd5b8bf4208cd') in 0.022591 seconds 
========================================================================
Received Import Request.
  Time since last request: 0.000036 seconds.
  path: Assets/Nature pack extended/naturePack_160.obj
  artifactKey: Guid(7d668df7f9bb4bb40b87604dc5835474) Importer(815301076,1909f56bfc062723c751e8b465ee728b)
Start importing Assets/Nature pack extended/naturePack_160.obj using Guid(7d668df7f9bb4bb40b87604dc5835474) Importer(815301076,1909f56bfc062723c751e8b465ee728b)  -> (artifact id: 'bb90548a6e1f948ea8b106baaf689ffe') in 0.023266 seconds 
========================================================================
Received Import Request.
  Time since last request: 0.000037 seconds.
  path: Assets/Nature pack extended/naturePack_155.obj
  artifactKey: Guid(5bbd38b811260ba48bfa2081679110e9) Importer(815301076,1909f56bfc062723c751e8b465ee728b)
Start importing Assets/Nature pack extended/naturePack_155.obj using Guid(5bbd38b811260ba48bfa2081679110e9) Importer(815301076,1909f56bfc062723c751e8b465ee728b)  -> (artifact id: 'f0b5670fcf74e678be0526fe3fd4a77c') in 0.022228 seconds 
========================================================================
Received Import Request.
  Time since last request: 0.000023 seconds.
  path: Assets/Nature pack extended/naturePack_156.obj
  artifactKey: Guid(77ace9321e89b5248bf446894bf3531a) Importer(815301076,1909f56bfc062723c751e8b465ee728b)
Start importing Assets/Nature pack extended/naturePack_156.obj using Guid(77ace9321e89b5248bf446894bf3531a) Importer(815301076,1909f56bfc062723c751e8b465ee728b)  -> (artifact id: 'd7b1da45208e19b105f74c9db12dbcd3') in 0.017604 seconds 
========================================================================
Received Import Request.
  Time since last request: 0.000025 seconds.
  path: Assets/Nature pack extended/naturePack_flat_009.obj
  artifactKey: Guid(a970dd7937949844aa6b2b4d9422e0b7) Importer(815301076,1909f56bfc062723c751e8b465ee728b)
Start importing Assets/Nature pack extended/naturePack_flat_009.obj using Guid(a970dd7937949844aa6b2b4d9422e0b7) Importer(815301076,1909f56bfc062723c751e8b465ee728b)  -> (artifact id: 'ce674823a44e7ad996f2859434c545e4') in 0.053319 seconds 
========================================================================
Received Import Request.
  Time since last request: 0.000032 seconds.
  path: Assets/Nature pack extended/naturePack_flat_007.obj
  artifactKey: Guid(c88e510f88ae5cb4b9283e894407d474) Importer(815301076,1909f56bfc062723c751e8b465ee728b)
Start importing Assets/Nature pack extended/naturePack_flat_007.obj using Guid(c88e510f88ae5cb4b9283e894407d474) Importer(815301076,1909f56bfc062723c751e8b465ee728b)  -> (artifact id: '09744b5637a7d89bb2d89b1e10cb89d9') in 0.024881 seconds 
========================================================================
Received Import Request.
  Time since last request: 0.000058 seconds.
  path: Assets/Nature pack extended/naturePack_flat_004.obj
  artifactKey: Guid(9b9db1746adc10347906be9bd953f592) Importer(815301076,1909f56bfc062723c751e8b465ee728b)
Start importing Assets/Nature pack extended/naturePack_flat_004.obj using Guid(9b9db1746adc10347906be9bd953f592) Importer(815301076,1909f56bfc062723c751e8b465ee728b)  -> (artifact id: '4db52985f55105ec0da52dccfe23e65c') in 0.034665 seconds 
========================================================================
Received Import Request.
  Time since last request: 0.000024 seconds.
  path: Assets/Nature pack extended/naturePack_flat_008.obj
  artifactKey: Guid(b13c18543ddca77479ddb533e850902f) Importer(815301076,1909f56bfc062723c751e8b465ee728b)
Start importing Assets/Nature pack extended/naturePack_flat_008.obj using Guid(b13c18543ddca77479ddb533e850902f) Importer(815301076,1909f56bfc062723c751e8b465ee728b)  -> (artifact id: '5a769bb57df227c728efaa53ad260f26') in 0.054624 seconds 
========================================================================
Received Import Request.
  Time since last request: 0.000025 seconds.
  path: Assets/Nature pack extended/naturePack_flat_011.obj
  artifactKey: Guid(98bc3a6f3e4362c4ab9e19565fcb24ae) Importer(815301076,1909f56bfc062723c751e8b465ee728b)
Start importing Assets/Nature pack extended/naturePack_flat_011.obj using Guid(98bc3a6f3e4362c4ab9e19565fcb24ae) Importer(815301076,1909f56bfc062723c751e8b465ee728b)  -> (artifact id: 'c56800a2d2ba769ea088a2acdc7b971b') in 0.052866 seconds 
========================================================================
Received Import Request.
  Time since last request: 0.000019 seconds.
  path: Assets/Nature pack extended/naturePack_167.obj
  artifactKey: Guid(21230a74458ba4d43b5c3515ca29b87c) Importer(815301076,1909f56bfc062723c751e8b465ee728b)
Start importing Assets/Nature pack extended/naturePack_167.obj using Guid(21230a74458ba4d43b5c3515ca29b87c) Importer(815301076,1909f56bfc062723c751e8b465ee728b)  -> (artifact id: '8d536f2daa2607a2013de9e9aa661fe7') in 0.025457 seconds 
========================================================================
Received Import Request.
  Time since last request: 0.000015 seconds.
  path: Assets/Nature pack extended/naturePack_171.obj
  artifactKey: Guid(cc4d86227d944b4409167976c0a5f2f0) Importer(815301076,1909f56bfc062723c751e8b465ee728b)
Start importing Assets/Nature pack extended/naturePack_171.obj using Guid(cc4d86227d944b4409167976c0a5f2f0) Importer(815301076,1909f56bfc062723c751e8b465ee728b)  -> (artifact id: '779a695d76f13f6dbf0b156505c2301a') in 0.019896 seconds 
========================================================================
Received Import Request.
  Time since last request: 0.000031 seconds.
  path: Assets/Nature pack extended/naturePack_flat_012.obj
  artifactKey: Guid(5fd4e08870b355b47a6bbb51ae38b644) Importer(815301076,1909f56bfc062723c751e8b465ee728b)
Start importing Assets/Nature pack extended/naturePack_flat_012.obj using Guid(5fd4e08870b355b47a6bbb51ae38b644) Importer(815301076,1909f56bfc062723c751e8b465ee728b)  -> (artifact id: 'f3acb34dc779190fe3bd23bae83d3e0e') in 0.042704 seconds 
========================================================================
Received Import Request.
  Time since last request: 0.000028 seconds.
  path: Assets/Nature pack extended/naturePack_163.obj
  artifactKey: Guid(85ecba51cca78af44842aa1cee7b5594) Importer(815301076,1909f56bfc062723c751e8b465ee728b)
Start importing Assets/Nature pack extended/naturePack_163.obj using Guid(85ecba51cca78af44842aa1cee7b5594) Importer(815301076,1909f56bfc062723c751e8b465ee728b)  -> (artifact id: '2bb816cdc7d7314bee74e56b8fefb2d6') in 0.022291 seconds 
========================================================================
Received Import Request.
  Time since last request: 0.000021 seconds.
  path: Assets/Nature pack extended/naturePack_flat_006.obj
  artifactKey: Guid(f48f1a27c7f82ce4d8fcc66f66945006) Importer(815301076,1909f56bfc062723c751e8b465ee728b)
Start importing Assets/Nature pack extended/naturePack_flat_006.obj using Guid(f48f1a27c7f82ce4d8fcc66f66945006) Importer(815301076,1909f56bfc062723c751e8b465ee728b)  -> (artifact id: '509e0349a0d00b12bb5f5dc72f182add') in 0.052978 seconds 
========================================================================
Received Import Request.
  Time since last request: 0.000020 seconds.
  path: Assets/Nature pack extended/naturePack_flat_002.obj
  artifactKey: Guid(e6e60fbde48eded45af1306d1a2cc222) Importer(815301076,1909f56bfc062723c751e8b465ee728b)
Start importing Assets/Nature pack extended/naturePack_flat_002.obj using Guid(e6e60fbde48eded45af1306d1a2cc222) Importer(815301076,1909f56bfc062723c751e8b465ee728b)  -> (artifact id: '78d420d02e2b470009d0b2128bc80cee') in 0.029901 seconds 
Editor requested this worker to shutdown with reason: Scaling down because of idle timeout
AssetImportWorker is now disconnected from the server
Process exiting
Exiting without the bug reporter. Application will terminate with return code 0